<?xml version="1.0" encoding="UTF-8"?>
<testsuite name="io.cloudslang.lang.entities.DeserializeTest" time="0.129" tests="9" errors="0" skipped="0" failures="0">
  <properties>
[...]
</properties>
  <testcase name="testDeserializeResultNavigation" classname="io.cloudslang.lang.entities.DeserializeTest" time="0.082"/>
  <testcase name="testDeserializeArgument" classname="io.cloudslang.lang.entities.DeserializeTest" time="0.018"/>
  <testcase name="testDeserializeSystemProperty" classname="io.cloudslang.lang.entities.DeserializeTest" time="0.005"/>
  <testcase name="testDeserializeInput" classname="io.cloudslang.lang.entities.DeserializeTest" time="0.007"/>
  <testcase name="testDeserializeParallelLoopStatement" classname="io.cloudslang.lang.entities.DeserializeTest" time="0.004"/>
  <testcase name="testDeserializeOutput" classname="io.cloudslang.lang.entities.DeserializeTest" time="0.006"/>
  <testcase name="testDeserializeResult" classname="io.cloudslang.lang.entities.DeserializeTest" time="0.002"/>
  <testcase name="testDeserializeMapForLoopStatement" classname="io.cloudslang.lang.entities.DeserializeTest" time="0.002"/>
  <testcase name="testDeserializeListForLoopStatement" classname="io.cloudslang.lang.entities.DeserializeTest" time="0.003"/>
</testsuite>