[INFO] Scanning for projects...
[INFO] 
[INFO] ---------------------------< io.jboot:jboot >---------------------------
[INFO] Building jboot 3.6.7
[INFO] --------------------------------[ jar ]---------------------------------
[INFO] 
[INFO] >>> testrunner-maven-plugin:1.2-SNAPSHOT:testplugin (default-cli) > test-compile @ jboot >>>
[INFO] 
[INFO] --- maven-resources-plugin:2.6:resources (default-resources) @ jboot ---
[INFO] Using 'UTF-8' encoding to copy filtered resources.
[INFO] Copying 4 resources
[INFO] Copying 1 resource
[INFO] 
[INFO] --- maven-compiler-plugin:3.8.0:compile (default-compile) @ jboot ---
[INFO] Nothing to compile - all classes are up to date
[INFO] 
[INFO] --- maven-resources-plugin:2.6:testResources (default-testResources) @ jboot ---
[INFO] Using 'UTF-8' encoding to copy filtered resources.
[INFO] Copying 10 resources
[INFO] 
[INFO] --- maven-compiler-plugin:3.8.0:testCompile (default-testCompile) @ jboot ---
[INFO] Changes detected - recompiling the module!
[INFO] Compiling 112 source files to /home/lichengpeng/spring-holiday/iFixPlus/scripts_new/projectsInstall/projects/yangfuhai/jboot/target/test-classes
[INFO] /home/lichengpeng/spring-holiday/iFixPlus/scripts_new/projectsInstall/projects/yangfuhai/jboot/src/test/java/io/jboot/test/json/JsonTester.java: Some input files use unchecked or unsafe operations.
[INFO] /home/lichengpeng/spring-holiday/iFixPlus/scripts_new/projectsInstall/projects/yangfuhai/jboot/src/test/java/io/jboot/test/json/JsonTester.java: Recompile with -Xlint:unchecked for details.
[INFO] 
[INFO] <<< testrunner-maven-plugin:1.2-SNAPSHOT:testplugin (default-cli) < test-compile @ jboot <<<
[INFO] 
[INFO] 
[INFO] --- testrunner-maven-plugin:1.2-SNAPSHOT:testplugin (default-cli) @ jboot ---
xmlFileName: 0
replyPath: /home/lichengpeng/spring-holiday/iFixPlus/scripts_ifixplus/dtjsons_new/io.jboot.test.cache.redis.RedisCacheTester.testCacheType/flaky-lists.json
module: /home/lichengpeng/spring-holiday/iFixPlus/scripts_new/projectsInstall/projects/yangfuhai/jboot
tests!!!!!!!!!!!!!!!!!!!!!!!!!!!!!!!!!!!!!!!!!!!!!!!!!!!!!!!!!!!!!!!!!!!!!!!!!!!!!!!!!!!!!!!!!!!!!!
phase 0 begin
$$$$$$$$$$$testFailOrder_full: /home/lichengpeng/spring-holiday/iFixPlus/scripts_new/projectsInstall/projects/yangfuhai/jboot
dtl!!!!!!!!!!!
testFailOrder_full1 : io.jboot.test.cache.redis.RedisCacheTester.testCacheType
$$$$$$$$$$$testPassOrder_full: /home/lichengpeng/spring-holiday/iFixPlus/scripts_new/projectsInstall/projects/yangfuhai/jboot
dtl!!!!!!!!!!!
testFailOrder_full1 : io.jboot.test.cache.redis.RedisCacheTester.testCacheType
$$$$$$$$$$$testFailOrder_full: /home/lichengpeng/spring-holiday/iFixPlus/scripts_new/projectsInstall/projects/yangfuhai/jboot
dtl!!!!!!!!!!!
testFailOrder_full1 : io.jboot.test.cache.redis.RedisCacheTester.testCacheType
args: /home/lichengpeng/spring-holiday/iFixPlus/scripts_ifixplus/xmls/yangfuhai/jboot/io.jboot.test.cache.redis.RedisCacheTester.testCacheType,/home/lichengpeng/spring-holiday/iFixPlus/scripts_ifixplus/subxmls/yangfuhai/jboot/io.jboot.test.cache.redis.RedisCacheTester.testCacheType,/home/lichengpeng/spring-holiday/iFixPlus/scripts_ifixplus/roots/yangfuhai/jboot/io.jboot.test.cache.redis.RedisCacheTester.testCacheType,/home/lichengpeng/spring-holiday/iFixPlus/scripts_ifixplus/pkg/yangfuhai/jboot/io.jboot.test.cache.redis.RedisCacheTester.testCacheType/package-filter,/home/lichengpeng/spring-holiday/iFixPlus/scripts_ifixplus/diffs/yangfuhai/jboot/io.jboot.test.cache.redis.RedisCacheTester.testCacheType,yangfuhai/jboot,io.jboot.test.cache.redis.RedisCacheTester.testCacheType,/home/lichengpeng/spring-holiday/iFixPlus/scripts_ifixplus/output/result.csv,/home/lichengpeng/spring-holiday/iFixPlus/scripts_ifixplus/allFields/yangfuhai/jboot/io.jboot.test.cache.redis.RedisCacheTester.testCacheType,/home/lichengpeng/spring-holiday/iFixPlus/scripts_ifixplus/diffFields/yangfuhai/jboot/io.jboot.test.cache.redis.RedisCacheTester.testCacheType,/home/lichengpeng/spring-holiday/iFixPlus/scripts_ifixplus/subdiffs/yangfuhai/jboot/io.jboot.test.cache.redis.RedisCacheTester.testCacheType,/home/lichengpeng/spring-holiday/iFixPlus/scripts_ifixplus/tmp,/home/lichengpeng/spring-holiday/iFixPlus/scripts_ifixplus/reflection/yangfuhai/jboot/io.jboot.test.cache.redis.RedisCacheTester.testCacheType
targetTestName: io.jboot.test.cache.redis.RedisCacheTester.testCacheType
SLF4J: Failed to load class "org.slf4j.impl.StaticLoggerBinder".
SLF4J: Defaulting to no-operation (NOP) logger implementation
SLF4J: See http://www.slf4j.org/codes.html#StaticLoggerBinder for further details.
io.jboot.exception.JbootIllegalConfigException: can not connect to redis host  127.0.0.1:6379 , cause : redis.clients.jedis.exceptions.JedisConnectionException: Could not get a resource from the pool
	at io.jboot.support.redis.jedis.JbootJedisImpl.getJedis(JbootJedisImpl.java:1505)
	at io.jboot.support.redis.jedis.JbootJedisImpl.set(JbootJedisImpl.java:138)
	at io.jboot.components.cache.redis.JbootRedisCacheImpl.put(JbootRedisCacheImpl.java:61)
	at io.jboot.test.cache.redis.RedisCacheTester.testPut(RedisCacheTester.java:28)
	at sun.reflect.NativeMethodAccessorImpl.invoke0(Native Method)
	at sun.reflect.NativeMethodAccessorImpl.invoke(NativeMethodAccessorImpl.java:62)
	at sun.reflect.DelegatingMethodAccessorImpl.invoke(DelegatingMethodAccessorImpl.java:43)
	at java.lang.reflect.Method.invoke(Method.java:498)
	at org.junit.runners.model.FrameworkMethod$1.runReflectiveCall(FrameworkMethod.java:50)
	at org.junit.internal.runners.model.ReflectiveCallable.run(ReflectiveCallable.java:12)
	at org.junit.runners.model.FrameworkMethod.invokeExplosively(FrameworkMethod.java:47)
	at org.junit.internal.runners.statements.InvokeMethod.evaluate(InvokeMethod.java:17)
	at org.junit.internal.runners.statements.RunBefores.evaluate(RunBefores.java:26)
	at org.junit.runners.ParentRunner.runLeaf(ParentRunner.java:325)
	at org.junit.runners.BlockJUnit4ClassRunner.runChild(BlockJUnit4ClassRunner.java:78)
	at org.junit.runners.BlockJUnit4ClassRunner.runChild(BlockJUnit4ClassRunner.java:57)
	at org.junit.runners.ParentRunner$3.run(ParentRunner.java:290)
	at org.junit.runners.ParentRunner$1.schedule(ParentRunner.java:71)
	at org.junit.runners.ParentRunner.runChildren(ParentRunner.java:288)
	at org.junit.runners.ParentRunner.access$000(ParentRunner.java:58)
	at org.junit.runners.ParentRunner$2.evaluate(ParentRunner.java:268)
	at org.junit.runners.ParentRunner.run(ParentRunner.java:363)
	at org.junit.runners.Suite.runChild(Suite.java:128)
	at org.junit.runners.Suite.runChild(Suite.java:27)
	at org.junit.runners.ParentRunner$3.run(ParentRunner.java:290)
	at org.junit.runners.ParentRunner$1.schedule(ParentRunner.java:71)
	at org.junit.runners.ParentRunner.runChildren(ParentRunner.java:288)
	at org.junit.runners.ParentRunner.access$000(ParentRunner.java:58)
	at org.junit.runners.ParentRunner$2.evaluate(ParentRunner.java:268)
	at org.junit.runners.ParentRunner.run(ParentRunner.java:363)
	at org.junit.runner.JUnitCore.run(JUnitCore.java:137)
	at org.junit.runner.JUnitCore.run(JUnitCore.java:115)
	at edu.illinois.cs.testrunner.execution.JUnitTestExecutor.execute(JUnitTestExecutor.java:263)
	at edu.illinois.cs.testrunner.execution.JUnitTestExecutor.executeWithJUnit4Runner(JUnitTestExecutor.java:331)
	at edu.illinois.cs.testrunner.execution.JUnitTestExecutor.runOrder(JUnitTestExecutor.java:53)
	at edu.illinois.cs.testrunner.execution.Executor$.$anonfun$run$1(Executor.scala:30)
	at scala.runtime.java8.JFunction0$mcV$sp.apply(JFunction0$mcV$sp.java:12)
	at scala.util.Try$.apply(Try.scala:209)
	at edu.illinois.cs.testrunner.execution.Executor$.run(Executor.scala:28)
	at edu.illinois.cs.testrunner.execution.Executor$.main(Executor.scala:18)
	at edu.illinois.cs.testrunner.execution.Executor.main(Executor.scala)
Caused by: redis.clients.jedis.exceptions.JedisConnectionException: Could not get a resource from the pool
	at redis.clients.util.Pool.getResource(Pool.java:59)
	at redis.clients.jedis.JedisPool.getResource(JedisPool.java:235)
	at io.jboot.support.redis.jedis.JbootJedisImpl.getJedis(JbootJedisImpl.java:1502)
	... 40 more
Caused by: redis.clients.jedis.exceptions.JedisConnectionException: Failed connecting to host 127.0.0.1:6379
	at redis.clients.jedis.Connection.connect(Connection.java:207)
	at redis.clients.jedis.BinaryClient.connect(BinaryClient.java:104)
	at redis.clients.jedis.BinaryJedis.connect(BinaryJedis.java:1907)
	at redis.clients.jedis.JedisFactory.makeObject(JedisFactory.java:138)
	at org.apache.commons.pool2.impl.GenericObjectPool.create(GenericObjectPool.java:888)
	at org.apache.commons.pool2.impl.GenericObjectPool.borrowObject(GenericObjectPool.java:432)
	at org.apache.commons.pool2.impl.GenericObjectPool.borrowObject(GenericObjectPool.java:361)
	at redis.clients.util.Pool.getResource(Pool.java:50)
	... 42 more
Caused by: java.net.ConnectException: Connection refused (Connection refused)
	at java.net.PlainSocketImpl.socketConnect(Native Method)
	at java.net.AbstractPlainSocketImpl.doConnect(AbstractPlainSocketImpl.java:476)
	at java.net.AbstractPlainSocketImpl.connectToAddress(AbstractPlainSocketImpl.java:218)
	at java.net.AbstractPlainSocketImpl.connect(AbstractPlainSocketImpl.java:200)
	at java.net.SocksSocketImpl.connect(SocksSocketImpl.java:394)
	at java.net.Socket.connect(Socket.java:606)
	at redis.clients.jedis.Connection.connect(Connection.java:184)
	... 49 more
io.jboot.exception.JbootIllegalConfigException: can not connect to redis host  127.0.0.1:6379 , cause : redis.clients.jedis.exceptions.JedisConnectionException: Could not get a resource from the pool
	at io.jboot.support.redis.jedis.JbootJedisImpl.getJedis(JbootJedisImpl.java:1505)
	at io.jboot.support.redis.jedis.JbootJedisImpl.set(JbootJedisImpl.java:138)
	at io.jboot.components.cache.redis.JbootRedisCacheImpl.put(JbootRedisCacheImpl.java:61)
	at io.jboot.test.cache.redis.RedisCacheTester.testGet(RedisCacheTester.java:35)
	at sun.reflect.NativeMethodAccessorImpl.invoke0(Native Method)
	at sun.reflect.NativeMethodAccessorImpl.invoke(NativeMethodAccessorImpl.java:62)
	at sun.reflect.DelegatingMethodAccessorImpl.invoke(DelegatingMethodAccessorImpl.java:43)
	at java.lang.reflect.Method.invoke(Method.java:498)
	at org.junit.runners.model.FrameworkMethod$1.runReflectiveCall(FrameworkMethod.java:50)
	at org.junit.internal.runners.model.ReflectiveCallable.run(ReflectiveCallable.java:12)
	at org.junit.runners.model.FrameworkMethod.invokeExplosively(FrameworkMethod.java:47)
	at org.junit.internal.runners.statements.InvokeMethod.evaluate(InvokeMethod.java:17)
	at org.junit.internal.runners.statements.RunBefores.evaluate(RunBefores.java:26)
	at org.junit.runners.ParentRunner.runLeaf(ParentRunner.java:325)
	at org.junit.runners.BlockJUnit4ClassRunner.runChild(BlockJUnit4ClassRunner.java:78)
	at org.junit.runners.BlockJUnit4ClassRunner.runChild(BlockJUnit4ClassRunner.java:57)
	at org.junit.runners.ParentRunner$3.run(ParentRunner.java:290)
	at org.junit.runners.ParentRunner$1.schedule(ParentRunner.java:71)
	at org.junit.runners.ParentRunner.runChildren(ParentRunner.java:288)
	at org.junit.runners.ParentRunner.access$000(ParentRunner.java:58)
	at org.junit.runners.ParentRunner$2.evaluate(ParentRunner.java:268)
	at org.junit.runners.ParentRunner.run(ParentRunner.java:363)
	at org.junit.runners.Suite.runChild(Suite.java:128)
	at org.junit.runners.Suite.runChild(Suite.java:27)
	at org.junit.runners.ParentRunner$3.run(ParentRunner.java:290)
	at org.junit.runners.ParentRunner$1.schedule(ParentRunner.java:71)
	at org.junit.runners.ParentRunner.runChildren(ParentRunner.java:288)
	at org.junit.runners.ParentRunner.access$000(ParentRunner.java:58)
	at org.junit.runners.ParentRunner$2.evaluate(ParentRunner.java:268)
	at org.junit.runners.ParentRunner.run(ParentRunner.java:363)
	at org.junit.runner.JUnitCore.run(JUnitCore.java:137)
	at org.junit.runner.JUnitCore.run(JUnitCore.java:115)
	at edu.illinois.cs.testrunner.execution.JUnitTestExecutor.execute(JUnitTestExecutor.java:263)
	at edu.illinois.cs.testrunner.execution.JUnitTestExecutor.executeWithJUnit4Runner(JUnitTestExecutor.java:331)
	at edu.illinois.cs.testrunner.execution.JUnitTestExecutor.runOrder(JUnitTestExecutor.java:53)
	at edu.illinois.cs.testrunner.execution.Executor$.$anonfun$run$1(Executor.scala:30)
	at scala.runtime.java8.JFunction0$mcV$sp.apply(JFunction0$mcV$sp.java:12)
	at scala.util.Try$.apply(Try.scala:209)
	at edu.illinois.cs.testrunner.execution.Executor$.run(Executor.scala:28)
	at edu.illinois.cs.testrunner.execution.Executor$.main(Executor.scala:18)
	at edu.illinois.cs.testrunner.execution.Executor.main(Executor.scala)
Caused by: redis.clients.jedis.exceptions.JedisConnectionException: Could not get a resource from the pool
	at redis.clients.util.Pool.getResource(Pool.java:59)
	at redis.clients.jedis.JedisPool.getResource(JedisPool.java:235)
	at io.jboot.support.redis.jedis.JbootJedisImpl.getJedis(JbootJedisImpl.java:1502)
	... 40 more
Caused by: redis.clients.jedis.exceptions.JedisConnectionException: Failed connecting to host 127.0.0.1:6379
	at redis.clients.jedis.Connection.connect(Connection.java:207)
	at redis.clients.jedis.BinaryClient.connect(BinaryClient.java:104)
	at redis.clients.jedis.BinaryJedis.connect(BinaryJedis.java:1907)
	at redis.clients.jedis.JedisFactory.makeObject(JedisFactory.java:138)
	at org.apache.commons.pool2.impl.GenericObjectPool.create(GenericObjectPool.java:888)
	at org.apache.commons.pool2.impl.GenericObjectPool.borrowObject(GenericObjectPool.java:432)
	at org.apache.commons.pool2.impl.GenericObjectPool.borrowObject(GenericObjectPool.java:361)
	at redis.clients.util.Pool.getResource(Pool.java:50)
	... 42 more
Caused by: java.net.ConnectException: Connection refused (Connection refused)
	at java.net.PlainSocketImpl.socketConnect(Native Method)
	at java.net.AbstractPlainSocketImpl.doConnect(AbstractPlainSocketImpl.java:476)
	at java.net.AbstractPlainSocketImpl.connectToAddress(AbstractPlainSocketImpl.java:218)
	at java.net.AbstractPlainSocketImpl.connect(AbstractPlainSocketImpl.java:200)
	at java.net.SocksSocketImpl.connect(SocksSocketImpl.java:394)
	at java.net.Socket.connect(Socket.java:606)
	at redis.clients.jedis.Connection.connect(Connection.java:184)
	... 49 more
testStarted end!!
JbootApplication exited, redis disconnection.
Failing order results: PASS
json file wrong!!
[INFO] ------------------------------------------------------------------------
[INFO] BUILD SUCCESS
[INFO] ------------------------------------------------------------------------
[INFO] Total time:  5.490 s
[INFO] Finished at: 2021-03-31T20:07:41+08:00
[INFO] ------------------------------------------------------------------------
