19:21:30.213 [Time-limited test] ERROR io.cloudslang.lang.runtime.steps.ActionExecutionData - java.lang.RuntimeException: Method [wrongMethodName] invocation of class [io.cloudslang.lang.runtime.steps.ContentTestActions] failed: null
19:21:30.233 [Time-limited test] ERROR io.cloudslang.lang.runtime.steps.ActionExecutionData - java.lang.RuntimeException: Error executing python script: Traceback (most recent call last):
  File "<string>", line 1, in <module>
TypeError: cannot concatenate 'str' and 'int' objects

19:21:30.273 [Time-limited test] ERROR io.cloudslang.lang.runtime.steps.ActionExecutionData - java.lang.RuntimeException: Method [doJavaSampleAction] invocation of class [MissingClassName] failed: Class name MissingClassName was not found
19:21:30.289 [Time-limited test] ERROR io.cloudslang.lang.runtime.steps.ActionExecutionData - java.lang.RuntimeException: Python script not found in action data
19:21:30.331 [Time-limited test] ERROR io.cloudslang.lang.runtime.steps.ActionExecutionData - java.lang.RuntimeException: Method [doJavaActionMissingAnnotation] invocation of class [io.cloudslang.lang.runtime.steps.ContentTestActions] failed: All action arguments should be annotated with @Param
localhost
8080
PING localhost (127.0.0.1) 56(84) bytes of data.
64 bytes from localhost (127.0.0.1): icmp_seq=1 ttl=64 time=0.078 ms

--- localhost ping statistics ---
1 packets transmitted, 1 received, 0% packet loss, time 0ms
rtt min/avg/max/mdev = 0.078/0.078/0.078/0.000 ms
http://localhost:8080
19:21:30.695 [Time-limited test] ERROR io.cloudslang.lang.runtime.steps.ActionExecutionData - java.lang.RuntimeException: Error executing python script: Traceback (most recent call last):
  File "<string>", line 2, in <module>
NameError: name 'host' is not defined

19:21:30.710 [Time-limited test] ERROR io.cloudslang.lang.runtime.steps.ActionExecutionData - java.lang.RuntimeException: Method [doJavaActionExceptionMethod] invocation of class [io.cloudslang.lang.runtime.steps.ContentTestActions] failed: null
19:21:30.740 [Time-limited test] ERROR io.cloudslang.lang.runtime.steps.ActionExecutionData - java.lang.RuntimeException: Python script not found in action data
19:21:30.783 [Time-limited test] ERROR io.cloudslang.lang.runtime.steps.ActionExecutionData - java.lang.RuntimeException: Method [doJavaSampleAction_NOT_FOUND] invocation of class [io.cloudslang.lang.runtime.steps.ContentTestActions] failed: null
19:21:30.931 [MainThread] ERROR io.cloudslang.lang.runtime.steps.ActionExecutionData - java.lang.RuntimeException: Error executing python script: java.lang.RuntimeException: Non-serializable values are not allowed in the output context of a Python script:
	Conversion failed for 'current_time' (datetime.datetime(2021, 3, 17, 11, 21, 30, 928000)),
	The error can be solved by removing the variable from the context in the script: e.g. 'del current_time'.

19:21:30.945 [Time-limited test] ERROR io.cloudslang.lang.runtime.steps.ActionExecutionData - java.lang.RuntimeException: Action method did not return Map<String,String>
19:21:30.975 [Time-limited test] ERROR io.cloudslang.lang.runtime.steps.ActionExecutionData - java.lang.RuntimeException: Method [doJavaNumberAsString] invocation of class [io.cloudslang.lang.runtime.steps.ContentTestActions] failed: Parameter type mismatch for action doJavaNumberAsString of class io.cloudslang.lang.runtime.steps.ContentTestActions. Parameter port expects type java.lang.String. Actual type is java.lang.Integer
19:21:31.037 [MainThread] ERROR io.cloudslang.lang.runtime.steps.ParallelLoopExecutionData - There was an error running branch: null Error is: Exception details placeholder
19:21:31.037 [MainThread] ERROR io.cloudslang.lang.runtime.steps.ParallelLoopExecutionData - There was an error running the joinBranches execution step of: 'nodeName'. Error is: Error running branch: 
Exception details placeholder
19:21:31.080 [MainThread] ERROR io.cloudslang.lang.runtime.steps.StepExecutionData - There was an error running the endStep execution step of: 'Step1'. Error is: Step: Step1 has no matching navigation for the executable result: CUSTOM
