19:22:14.952 [Time-limited test] ERROR io.cloudslang.lang.runtime.steps.ActionExecutionData - java.lang.RuntimeException: Method [doJavaNumberAsString] invocation of class [io.cloudslang.lang.runtime.steps.ContentTestActions] failed: Parameter type mismatch for action doJavaNumberAsString of class io.cloudslang.lang.runtime.steps.ContentTestActions. Parameter port expects type java.lang.String. Actual type is java.lang.Integer
localhost
8080
PING localhost (127.0.0.1) 56(84) bytes of data.
64 bytes from localhost (127.0.0.1): icmp_seq=1 ttl=64 time=0.079 ms

--- localhost ping statistics ---
1 packets transmitted, 1 received, 0% packet loss, time 0ms
rtt min/avg/max/mdev = 0.079/0.079/0.079/0.000 ms
http://localhost:8080
19:22:17.865 [Time-limited test] ERROR io.cloudslang.lang.runtime.steps.ActionExecutionData - java.lang.RuntimeException: Error executing python script: Traceback (most recent call last):
  File "<string>", line 2, in <module>
NameError: name 'host' is not defined

19:22:17.894 [Time-limited test] ERROR io.cloudslang.lang.runtime.steps.ActionExecutionData - java.lang.RuntimeException: Method [doJavaSampleAction] invocation of class [MissingClassName] failed: Class name MissingClassName was not found
19:22:17.908 [Time-limited test] ERROR io.cloudslang.lang.runtime.steps.ActionExecutionData - java.lang.RuntimeException: Python script not found in action data
19:22:17.935 [Time-limited test] ERROR io.cloudslang.lang.runtime.steps.ActionExecutionData - java.lang.RuntimeException: Method [doJavaSampleAction_NOT_FOUND] invocation of class [io.cloudslang.lang.runtime.steps.ContentTestActions] failed: null
19:22:18.032 [Time-limited test] ERROR io.cloudslang.lang.runtime.steps.ActionExecutionData - java.lang.RuntimeException: Python script not found in action data
19:22:18.047 [Time-limited test] ERROR io.cloudslang.lang.runtime.steps.ActionExecutionData - java.lang.RuntimeException: Error executing python script: Traceback (most recent call last):
  File "<string>", line 1, in <module>
TypeError: cannot concatenate 'str' and 'int' objects

19:22:18.061 [Time-limited test] ERROR io.cloudslang.lang.runtime.steps.ActionExecutionData - java.lang.RuntimeException: Method [doJavaActionMissingAnnotation] invocation of class [io.cloudslang.lang.runtime.steps.ContentTestActions] failed: All action arguments should be annotated with @Param
19:22:18.087 [Time-limited test] ERROR io.cloudslang.lang.runtime.steps.ActionExecutionData - java.lang.RuntimeException: Action method did not return Map<String,String>
19:22:18.257 [MainThread] ERROR io.cloudslang.lang.runtime.steps.ActionExecutionData - java.lang.RuntimeException: Error executing python script: java.lang.RuntimeException: Non-serializable values are not allowed in the output context of a Python script:
	Conversion failed for 'current_time' (datetime.datetime(2021, 3, 17, 11, 22, 18, 253000)),
	The error can be solved by removing the variable from the context in the script: e.g. 'del current_time'.

19:22:18.285 [Time-limited test] ERROR io.cloudslang.lang.runtime.steps.ActionExecutionData - java.lang.RuntimeException: Method [doJavaActionExceptionMethod] invocation of class [io.cloudslang.lang.runtime.steps.ContentTestActions] failed: null
19:22:18.362 [Time-limited test] ERROR io.cloudslang.lang.runtime.steps.ActionExecutionData - java.lang.RuntimeException: Method [wrongMethodName] invocation of class [io.cloudslang.lang.runtime.steps.ContentTestActions] failed: null
19:22:18.515 [MainThread] ERROR io.cloudslang.lang.runtime.steps.ParallelLoopExecutionData - There was an error running branch: null Error is: Exception details placeholder
19:22:18.516 [MainThread] ERROR io.cloudslang.lang.runtime.steps.ParallelLoopExecutionData - There was an error running the joinBranches execution step of: 'nodeName'. Error is: Error running branch: 
Exception details placeholder
19:22:18.827 [MainThread] ERROR io.cloudslang.lang.runtime.steps.StepExecutionData - There was an error running the endStep execution step of: 'Step1'. Error is: Step: Step1 has no matching navigation for the executable result: CUSTOM
java.lang.RuntimeException: Application context bean is missing.
	at configuration.SlangEntitiesSpringConfig.getEncryptors(SlangEntitiesSpringConfig.java:35)
	at io.cloudslang.lang.entities.encryption.EncryptionProvider.create(EncryptionProvider.java:41)
	at io.cloudslang.lang.entities.encryption.EncryptionProvider.get(EncryptionProvider.java:32)
	at io.cloudslang.lang.entities.bindings.values.SensitiveValue.encrypt(SensitiveValue.java:82)
	at io.cloudslang.lang.entities.bindings.values.SensitiveValue.encrypt(SensitiveValue.java:74)
	at io.cloudslang.lang.entities.bindings.values.SensitiveValue.<init>(SensitiveValue.java:54)
	at io.cloudslang.lang.entities.bindings.values.ValueFactory.createValue(ValueFactory.java:63)
	at io.cloudslang.lang.entities.bindings.values.ValueFactory.create(ValueFactory.java:31)
	at io.cloudslang.lang.entities.bindings.Input$InputBuilder.<init>(Input.java:123)
	at io.cloudslang.lang.runtime.steps.ExecutableStepsTest.testBoundInputEvent(ExecutableStepsTest.java:139)
	at sun.reflect.NativeMethodAccessorImpl.invoke0(Native Method)
	at sun.reflect.NativeMethodAccessorImpl.invoke(NativeMethodAccessorImpl.java:62)
	at sun.reflect.DelegatingMethodAccessorImpl.invoke(DelegatingMethodAccessorImpl.java:43)
	at java.lang.reflect.Method.invoke(Method.java:498)
	at org.junit.runners.model.FrameworkMethod$1.runReflectiveCall(FrameworkMethod.java:50)
	at org.junit.internal.runners.model.ReflectiveCallable.run(ReflectiveCallable.java:12)
	at org.junit.runners.model.FrameworkMethod.invokeExplosively(FrameworkMethod.java:47)
	at org.junit.internal.runners.statements.InvokeMethod.evaluate(InvokeMethod.java:17)
	at org.springframework.test.context.junit4.statements.RunBeforeTestExecutionCallbacks.evaluate(RunBeforeTestExecutionCallbacks.java:74)
	at org.springframework.test.context.junit4.statements.RunAfterTestExecutionCallbacks.evaluate(RunAfterTestExecutionCallbacks.java:84)
	at org.springframework.test.context.junit4.statements.RunBeforeTestMethodCallbacks.evaluate(RunBeforeTestMethodCallbacks.java:75)
	at org.springframework.test.context.junit4.statements.RunAfterTestMethodCallbacks.evaluate(RunAfterTestMethodCallbacks.java:86)
	at org.springframework.test.context.junit4.statements.SpringRepeat.evaluate(SpringRepeat.java:84)
	at org.junit.runners.ParentRunner.runLeaf(ParentRunner.java:325)
	at org.springframework.test.context.junit4.SpringJUnit4ClassRunner.runChild(SpringJUnit4ClassRunner.java:251)
	at org.springframework.test.context.junit4.SpringJUnit4ClassRunner.runChild(SpringJUnit4ClassRunner.java:97)
	at org.junit.runners.ParentRunner$3.run(ParentRunner.java:290)
	at org.junit.runners.ParentRunner$1.schedule(ParentRunner.java:71)
	at org.junit.runners.ParentRunner.runChildren(ParentRunner.java:288)
	at org.junit.runners.ParentRunner.access$000(ParentRunner.java:58)
	at org.junit.runners.ParentRunner$2.evaluate(ParentRunner.java:268)
	at org.springframework.test.context.junit4.statements.RunBeforeTestClassCallbacks.evaluate(RunBeforeTestClassCallbacks.java:61)
	at org.springframework.test.context.junit4.statements.RunAfterTestClassCallbacks.evaluate(RunAfterTestClassCallbacks.java:70)
	at org.junit.runners.ParentRunner.run(ParentRunner.java:363)
	at org.springframework.test.context.junit4.SpringJUnit4ClassRunner.run(SpringJUnit4ClassRunner.java:190)
	at org.junit.runners.Suite.runChild(Suite.java:128)
	at org.junit.runners.Suite.runChild(Suite.java:27)
	at org.junit.runners.ParentRunner$3.run(ParentRunner.java:290)
	at org.junit.runners.ParentRunner$1.schedule(ParentRunner.java:71)
	at org.junit.runners.ParentRunner.runChildren(ParentRunner.java:288)
	at org.junit.runners.ParentRunner.access$000(ParentRunner.java:58)
	at org.junit.runners.ParentRunner$2.evaluate(ParentRunner.java:268)
	at org.junit.runners.ParentRunner.run(ParentRunner.java:363)
	at org.junit.runner.JUnitCore.run(JUnitCore.java:137)
	at org.junit.runner.JUnitCore.run(JUnitCore.java:115)
	at edu.illinois.cs.testrunner.execution.JUnitTestExecutor.execute(JUnitTestExecutor.java:259)
	at edu.illinois.cs.testrunner.execution.JUnitTestExecutor.executeWithJUnit4Runner(JUnitTestExecutor.java:327)
	at edu.illinois.cs.testrunner.execution.JUnitTestExecutor.runOrder(JUnitTestExecutor.java:49)
	at edu.illinois.cs.testrunner.execution.Executor$.$anonfun$run$1(Executor.scala:30)
	at scala.runtime.java8.JFunction0$mcV$sp.apply(JFunction0$mcV$sp.java:12)
	at scala.util.Try$.apply(Try.scala:209)
	at edu.illinois.cs.testrunner.execution.Executor$.run(Executor.scala:28)
	at edu.illinois.cs.testrunner.execution.Executor$.main(Executor.scala:18)
	at edu.illinois.cs.testrunner.execution.Executor.main(Executor.scala)
