[INFO] Scanning for projects...
[INFO] 
[INFO] ----------------------< com.github.jnr:jnr-posix >----------------------
[INFO] Building jnr-posix 3.1.5-SNAPSHOT
[INFO] --------------------------------[ jar ]---------------------------------
[INFO] 
[INFO] >>> testrunner-maven-plugin:1.2-SNAPSHOT:testplugin (default-cli) > test-compile @ jnr-posix >>>
[INFO] 
[INFO] --- maven-enforcer-plugin:1.0:enforce (enforce-maven) @ jnr-posix ---
[INFO] 
[INFO] --- maven-resources-plugin:2.6:resources (default-resources) @ jnr-posix ---
[INFO] Using 'UTF-8' encoding to copy filtered resources.
[INFO] skip non existing resourceDirectory /home/lichengpeng/spring-holiday/iFixPlus/scripts_new/projectsInstall/projects/jnr/jnr-posix/src/main/resources
[INFO] 
[INFO] --- maven-compiler-plugin:3.8.1:compile (default-compile) @ jnr-posix ---
[INFO] Nothing to compile - all classes are up to date
[INFO] 
[INFO] --- maven-bundle-plugin:2.3.7:manifest (bundle-manifest) @ jnr-posix ---
[INFO] 
[INFO] --- maven-resources-plugin:2.6:testResources (default-testResources) @ jnr-posix ---
[INFO] Using 'UTF-8' encoding to copy filtered resources.
[INFO] skip non existing resourceDirectory /home/lichengpeng/spring-holiday/iFixPlus/scripts_new/projectsInstall/projects/jnr/jnr-posix/src/test/resources
[INFO] 
[INFO] --- maven-compiler-plugin:3.8.1:testCompile (default-testCompile) @ jnr-posix ---
[INFO] Nothing to compile - all classes are up to date
[INFO] 
[INFO] <<< testrunner-maven-plugin:1.2-SNAPSHOT:testplugin (default-cli) < test-compile @ jnr-posix <<<
[INFO] 
[INFO] 
[INFO] --- testrunner-maven-plugin:1.2-SNAPSHOT:testplugin (default-cli) @ jnr-posix ---
xmlFileName: 0
replyPath: /home/lichengpeng/spring-holiday/iFixPlus/scripts_ifixplus/dtjsons_new/jnr.posix.NlLanginfoTest.testNlLanginfo/flaky-lists.json
module: /home/lichengpeng/spring-holiday/iFixPlus/scripts_new/projectsInstall/projects/jnr/jnr-posix
tests!!!!!!!!!!!!!!!!!!!!!!!!!!!!!!!!!!!!!!!!!!!!!!!!!!!!!!!!!!!!!!!!!!!!!!!!!!!!!!!!!!!!!!!!!!!!!!
phase 0 begin
$$$$$$$$$$$testFailOrder_full: /home/lichengpeng/spring-holiday/iFixPlus/scripts_new/projectsInstall/projects/jnr/jnr-posix
dtl!!!!!!!!!!!
testFailOrder_full1 : jnr.posix.NlLanginfoTest.testNlLanginfo
$$$$$$$$$$$testPassOrder_full: /home/lichengpeng/spring-holiday/iFixPlus/scripts_new/projectsInstall/projects/jnr/jnr-posix
dtl!!!!!!!!!!!
testFailOrder_full1 : jnr.posix.NlLanginfoTest.testNlLanginfo
$$$$$$$$$$$testFailOrder_full: /home/lichengpeng/spring-holiday/iFixPlus/scripts_new/projectsInstall/projects/jnr/jnr-posix
dtl!!!!!!!!!!!
testFailOrder_full1 : jnr.posix.NlLanginfoTest.testNlLanginfo
args: /home/lichengpeng/spring-holiday/iFixPlus/scripts_ifixplus/xmls/jnr/jnr-posix/jnr.posix.NlLanginfoTest.testNlLanginfo,/home/lichengpeng/spring-holiday/iFixPlus/scripts_ifixplus/subxmls/jnr/jnr-posix/jnr.posix.NlLanginfoTest.testNlLanginfo,/home/lichengpeng/spring-holiday/iFixPlus/scripts_ifixplus/roots/jnr/jnr-posix/jnr.posix.NlLanginfoTest.testNlLanginfo,/home/lichengpeng/spring-holiday/iFixPlus/scripts_ifixplus/pkg/jnr/jnr-posix/jnr.posix.NlLanginfoTest.testNlLanginfo/package-filter,/home/lichengpeng/spring-holiday/iFixPlus/scripts_ifixplus/diffs/jnr/jnr-posix/jnr.posix.NlLanginfoTest.testNlLanginfo,jnr/jnr-posix,jnr.posix.NlLanginfoTest.testNlLanginfo,/home/lichengpeng/spring-holiday/iFixPlus/scripts_ifixplus/output/result.csv,/home/lichengpeng/spring-holiday/iFixPlus/scripts_ifixplus/allFields/jnr/jnr-posix/jnr.posix.NlLanginfoTest.testNlLanginfo,/home/lichengpeng/spring-holiday/iFixPlus/scripts_ifixplus/diffFields/jnr/jnr-posix/jnr.posix.NlLanginfoTest.testNlLanginfo,/home/lichengpeng/spring-holiday/iFixPlus/scripts_ifixplus/subdiffs/jnr/jnr-posix/jnr.posix.NlLanginfoTest.testNlLanginfo,/home/lichengpeng/spring-holiday/iFixPlus/scripts_ifixplus/tmp,/home/lichengpeng/spring-holiday/iFixPlus/scripts_ifixplus/reflection/jnr/jnr-posix/jnr.posix.NlLanginfoTest.testNlLanginfo
targetTestName: jnr.posix.NlLanginfoTest.testNlLanginfo
Successfully loaded native POSIX impl.
testStarted end!!
java.io.IOException: Cannot run program "locale": error=2, No such file or directory
	at java.lang.ProcessBuilder.start(ProcessBuilder.java:1048)
	at java.lang.Runtime.exec(Runtime.java:621)
	at java.lang.Runtime.exec(Runtime.java:451)
	at java.lang.Runtime.exec(Runtime.java:348)
	at jnr.posix.NlLanginfoTest.testNlLanginfo(NlLanginfoTest.java:28)
	at sun.reflect.NativeMethodAccessorImpl.invoke0(Native Method)
	at sun.reflect.NativeMethodAccessorImpl.invoke(NativeMethodAccessorImpl.java:62)
	at sun.reflect.DelegatingMethodAccessorImpl.invoke(DelegatingMethodAccessorImpl.java:43)
	at java.lang.reflect.Method.invoke(Method.java:498)
	at org.junit.runners.model.FrameworkMethod$1.runReflectiveCall(FrameworkMethod.java:59)
	at org.junit.internal.runners.model.ReflectiveCallable.run(ReflectiveCallable.java:12)
	at org.junit.runners.model.FrameworkMethod.invokeExplosively(FrameworkMethod.java:56)
	at org.junit.internal.runners.statements.InvokeMethod.evaluate(InvokeMethod.java:17)
	at org.junit.runners.ParentRunner$3.evaluate(ParentRunner.java:306)
	at org.junit.runners.BlockJUnit4ClassRunner$1.evaluate(BlockJUnit4ClassRunner.java:100)
	at org.junit.runners.ParentRunner.runLeaf(ParentRunner.java:366)
	at org.junit.runners.BlockJUnit4ClassRunner.runChild(BlockJUnit4ClassRunner.java:103)
	at org.junit.runners.BlockJUnit4ClassRunner.runChild(BlockJUnit4ClassRunner.java:63)
	at org.junit.runners.ParentRunner$4.run(ParentRunner.java:331)
	at org.junit.runners.ParentRunner$1.schedule(ParentRunner.java:79)
	at org.junit.runners.ParentRunner.runChildren(ParentRunner.java:329)
	at org.junit.runners.ParentRunner.access$100(ParentRunner.java:66)
	at org.junit.runners.ParentRunner$2.evaluate(ParentRunner.java:293)
	at org.junit.internal.runners.statements.RunBefores.evaluate(RunBefores.java:26)
	at org.junit.runners.ParentRunner$3.evaluate(ParentRunner.java:306)
	at org.junit.runners.ParentRunner.run(ParentRunner.java:413)
	at org.junit.runners.Suite.runChild(Suite.java:128)
	at org.junit.runners.Suite.runChild(Suite.java:27)
	at org.junit.runners.ParentRunner$4.run(ParentRunner.java:331)
	at org.junit.runners.ParentRunner$1.schedule(ParentRunner.java:79)
	at org.junit.runners.ParentRunner.runChildren(ParentRunner.java:329)
	at org.junit.runners.ParentRunner.access$100(ParentRunner.java:66)
	at org.junit.runners.ParentRunner$2.evaluate(ParentRunner.java:293)
	at org.junit.runners.ParentRunner$3.evaluate(ParentRunner.java:306)
	at org.junit.runners.ParentRunner.run(ParentRunner.java:413)
	at org.junit.runner.JUnitCore.run(JUnitCore.java:137)
	at org.junit.runner.JUnitCore.run(JUnitCore.java:115)
	at edu.illinois.cs.testrunner.execution.JUnitTestExecutor.execute(JUnitTestExecutor.java:263)
	at edu.illinois.cs.testrunner.execution.JUnitTestExecutor.executeWithJUnit4Runner(JUnitTestExecutor.java:331)
	at edu.illinois.cs.testrunner.execution.JUnitTestExecutor.runOrder(JUnitTestExecutor.java:53)
	at edu.illinois.cs.testrunner.execution.Executor$.$anonfun$run$1(Executor.scala:30)
	at scala.runtime.java8.JFunction0$mcV$sp.apply(JFunction0$mcV$sp.java:12)
	at scala.util.Try$.apply(Try.scala:209)
	at edu.illinois.cs.testrunner.execution.Executor$.run(Executor.scala:28)
	at edu.illinois.cs.testrunner.execution.Executor$.main(Executor.scala:18)
	at edu.illinois.cs.testrunner.execution.Executor.main(Executor.scala)
Caused by: java.io.IOException: error=2, No such file or directory
	at java.lang.UNIXProcess.forkAndExec(Native Method)
	at java.lang.UNIXProcess.<init>(UNIXProcess.java:247)
	at java.lang.ProcessImpl.start(ProcessImpl.java:134)
	at java.lang.ProcessBuilder.start(ProcessBuilder.java:1029)
	... 45 more
Failing order results: ERROR
$$$$$$$$$$$testFailOrder_full: /home/lichengpeng/spring-holiday/iFixPlus/scripts_new/projectsInstall/projects/jnr/jnr-posix
dtl!!!!!!!!!!!
testFailOrder_full1 : jnr.posix.NlLanginfoTest.testNlLanginfo
args: /home/lichengpeng/spring-holiday/iFixPlus/scripts_ifixplus/xmls/jnr/jnr-posix/jnr.posix.NlLanginfoTest.testNlLanginfo,/home/lichengpeng/spring-holiday/iFixPlus/scripts_ifixplus/subxmls/jnr/jnr-posix/jnr.posix.NlLanginfoTest.testNlLanginfo,/home/lichengpeng/spring-holiday/iFixPlus/scripts_ifixplus/roots/jnr/jnr-posix/jnr.posix.NlLanginfoTest.testNlLanginfo,/home/lichengpeng/spring-holiday/iFixPlus/scripts_ifixplus/pkg/jnr/jnr-posix/jnr.posix.NlLanginfoTest.testNlLanginfo/package-filter,/home/lichengpeng/spring-holiday/iFixPlus/scripts_ifixplus/diffs/jnr/jnr-posix/jnr.posix.NlLanginfoTest.testNlLanginfo,jnr/jnr-posix,jnr.posix.NlLanginfoTest.testNlLanginfo,/home/lichengpeng/spring-holiday/iFixPlus/scripts_ifixplus/output/result.csv,/home/lichengpeng/spring-holiday/iFixPlus/scripts_ifixplus/allFields/jnr/jnr-posix/jnr.posix.NlLanginfoTest.testNlLanginfo,/home/lichengpeng/spring-holiday/iFixPlus/scripts_ifixplus/diffFields/jnr/jnr-posix/jnr.posix.NlLanginfoTest.testNlLanginfo,/home/lichengpeng/spring-holiday/iFixPlus/scripts_ifixplus/subdiffs/jnr/jnr-posix/jnr.posix.NlLanginfoTest.testNlLanginfo,/home/lichengpeng/spring-holiday/iFixPlus/scripts_ifixplus/tmp,/home/lichengpeng/spring-holiday/iFixPlus/scripts_ifixplus/reflection/jnr/jnr-posix/jnr.posix.NlLanginfoTest.testNlLanginfo
targetTestName: jnr.posix.NlLanginfoTest.testNlLanginfo
Successfully loaded native POSIX impl.
testStarted end!!
java.io.IOException: Cannot run program "locale": error=2, No such file or directory
	at java.lang.ProcessBuilder.start(ProcessBuilder.java:1048)
	at java.lang.Runtime.exec(Runtime.java:621)
	at java.lang.Runtime.exec(Runtime.java:451)
	at java.lang.Runtime.exec(Runtime.java:348)
	at jnr.posix.NlLanginfoTest.testNlLanginfo(NlLanginfoTest.java:28)
	at sun.reflect.NativeMethodAccessorImpl.invoke0(Native Method)
	at sun.reflect.NativeMethodAccessorImpl.invoke(NativeMethodAccessorImpl.java:62)
	at sun.reflect.DelegatingMethodAccessorImpl.invoke(DelegatingMethodAccessorImpl.java:43)
	at java.lang.reflect.Method.invoke(Method.java:498)
	at org.junit.runners.model.FrameworkMethod$1.runReflectiveCall(FrameworkMethod.java:59)
	at org.junit.internal.runners.model.ReflectiveCallable.run(ReflectiveCallable.java:12)
	at org.junit.runners.model.FrameworkMethod.invokeExplosively(FrameworkMethod.java:56)
	at org.junit.internal.runners.statements.InvokeMethod.evaluate(InvokeMethod.java:17)
	at org.junit.runners.ParentRunner$3.evaluate(ParentRunner.java:306)
	at org.junit.runners.BlockJUnit4ClassRunner$1.evaluate(BlockJUnit4ClassRunner.java:100)
	at org.junit.runners.ParentRunner.runLeaf(ParentRunner.java:366)
	at org.junit.runners.BlockJUnit4ClassRunner.runChild(BlockJUnit4ClassRunner.java:103)
	at org.junit.runners.BlockJUnit4ClassRunner.runChild(BlockJUnit4ClassRunner.java:63)
	at org.junit.runners.ParentRunner$4.run(ParentRunner.java:331)
	at org.junit.runners.ParentRunner$1.schedule(ParentRunner.java:79)
	at org.junit.runners.ParentRunner.runChildren(ParentRunner.java:329)
	at org.junit.runners.ParentRunner.access$100(ParentRunner.java:66)
	at org.junit.runners.ParentRunner$2.evaluate(ParentRunner.java:293)
	at org.junit.internal.runners.statements.RunBefores.evaluate(RunBefores.java:26)
	at org.junit.runners.ParentRunner$3.evaluate(ParentRunner.java:306)
	at org.junit.runners.ParentRunner.run(ParentRunner.java:413)
	at org.junit.runners.Suite.runChild(Suite.java:128)
	at org.junit.runners.Suite.runChild(Suite.java:27)
	at org.junit.runners.ParentRunner$4.run(ParentRunner.java:331)
	at org.junit.runners.ParentRunner$1.schedule(ParentRunner.java:79)
	at org.junit.runners.ParentRunner.runChildren(ParentRunner.java:329)
	at org.junit.runners.ParentRunner.access$100(ParentRunner.java:66)
	at org.junit.runners.ParentRunner$2.evaluate(ParentRunner.java:293)
	at org.junit.runners.ParentRunner$3.evaluate(ParentRunner.java:306)
	at org.junit.runners.ParentRunner.run(ParentRunner.java:413)
	at org.junit.runner.JUnitCore.run(JUnitCore.java:137)
	at org.junit.runner.JUnitCore.run(JUnitCore.java:115)
	at edu.illinois.cs.testrunner.execution.JUnitTestExecutor.execute(JUnitTestExecutor.java:263)
	at edu.illinois.cs.testrunner.execution.JUnitTestExecutor.executeWithJUnit4Runner(JUnitTestExecutor.java:331)
	at edu.illinois.cs.testrunner.execution.JUnitTestExecutor.runOrder(JUnitTestExecutor.java:53)
	at edu.illinois.cs.testrunner.execution.Executor$.$anonfun$run$1(Executor.scala:30)
	at scala.runtime.java8.JFunction0$mcV$sp.apply(JFunction0$mcV$sp.java:12)
	at scala.util.Try$.apply(Try.scala:209)
	at edu.illinois.cs.testrunner.execution.Executor$.run(Executor.scala:28)
	at edu.illinois.cs.testrunner.execution.Executor$.main(Executor.scala:18)
	at edu.illinois.cs.testrunner.execution.Executor.main(Executor.scala)
Caused by: java.io.IOException: error=2, No such file or directory
	at java.lang.UNIXProcess.forkAndExec(Native Method)
	at java.lang.UNIXProcess.<init>(UNIXProcess.java:247)
	at java.lang.ProcessImpl.start(ProcessImpl.java:134)
	at java.lang.ProcessBuilder.start(ProcessBuilder.java:1029)
	... 45 more
Failing order results: ERROR
$$$$$$$$$$$testFailOrder_full: /home/lichengpeng/spring-holiday/iFixPlus/scripts_new/projectsInstall/projects/jnr/jnr-posix
dtl!!!!!!!!!!!
testFailOrder_full1 : jnr.posix.NlLanginfoTest.testNlLanginfo
args: /home/lichengpeng/spring-holiday/iFixPlus/scripts_ifixplus/xmls/jnr/jnr-posix/jnr.posix.NlLanginfoTest.testNlLanginfo,/home/lichengpeng/spring-holiday/iFixPlus/scripts_ifixplus/subxmls/jnr/jnr-posix/jnr.posix.NlLanginfoTest.testNlLanginfo,/home/lichengpeng/spring-holiday/iFixPlus/scripts_ifixplus/roots/jnr/jnr-posix/jnr.posix.NlLanginfoTest.testNlLanginfo,/home/lichengpeng/spring-holiday/iFixPlus/scripts_ifixplus/pkg/jnr/jnr-posix/jnr.posix.NlLanginfoTest.testNlLanginfo/package-filter,/home/lichengpeng/spring-holiday/iFixPlus/scripts_ifixplus/diffs/jnr/jnr-posix/jnr.posix.NlLanginfoTest.testNlLanginfo,jnr/jnr-posix,jnr.posix.NlLanginfoTest.testNlLanginfo,/home/lichengpeng/spring-holiday/iFixPlus/scripts_ifixplus/output/result.csv,/home/lichengpeng/spring-holiday/iFixPlus/scripts_ifixplus/allFields/jnr/jnr-posix/jnr.posix.NlLanginfoTest.testNlLanginfo,/home/lichengpeng/spring-holiday/iFixPlus/scripts_ifixplus/diffFields/jnr/jnr-posix/jnr.posix.NlLanginfoTest.testNlLanginfo,/home/lichengpeng/spring-holiday/iFixPlus/scripts_ifixplus/subdiffs/jnr/jnr-posix/jnr.posix.NlLanginfoTest.testNlLanginfo,/home/lichengpeng/spring-holiday/iFixPlus/scripts_ifixplus/tmp,/home/lichengpeng/spring-holiday/iFixPlus/scripts_ifixplus/reflection/jnr/jnr-posix/jnr.posix.NlLanginfoTest.testNlLanginfo
targetTestName: jnr.posix.NlLanginfoTest.testNlLanginfo
Successfully loaded native POSIX impl.
testStarted end!!
java.io.IOException: Cannot run program "locale": error=2, No such file or directory
	at java.lang.ProcessBuilder.start(ProcessBuilder.java:1048)
	at java.lang.Runtime.exec(Runtime.java:621)
	at java.lang.Runtime.exec(Runtime.java:451)
	at java.lang.Runtime.exec(Runtime.java:348)
	at jnr.posix.NlLanginfoTest.testNlLanginfo(NlLanginfoTest.java:28)
	at sun.reflect.NativeMethodAccessorImpl.invoke0(Native Method)
	at sun.reflect.NativeMethodAccessorImpl.invoke(NativeMethodAccessorImpl.java:62)
	at sun.reflect.DelegatingMethodAccessorImpl.invoke(DelegatingMethodAccessorImpl.java:43)
	at java.lang.reflect.Method.invoke(Method.java:498)
	at org.junit.runners.model.FrameworkMethod$1.runReflectiveCall(FrameworkMethod.java:59)
	at org.junit.internal.runners.model.ReflectiveCallable.run(ReflectiveCallable.java:12)
	at org.junit.runners.model.FrameworkMethod.invokeExplosively(FrameworkMethod.java:56)
	at org.junit.internal.runners.statements.InvokeMethod.evaluate(InvokeMethod.java:17)
	at org.junit.runners.ParentRunner$3.evaluate(ParentRunner.java:306)
	at org.junit.runners.BlockJUnit4ClassRunner$1.evaluate(BlockJUnit4ClassRunner.java:100)
	at org.junit.runners.ParentRunner.runLeaf(ParentRunner.java:366)
	at org.junit.runners.BlockJUnit4ClassRunner.runChild(BlockJUnit4ClassRunner.java:103)
	at org.junit.runners.BlockJUnit4ClassRunner.runChild(BlockJUnit4ClassRunner.java:63)
	at org.junit.runners.ParentRunner$4.run(ParentRunner.java:331)
	at org.junit.runners.ParentRunner$1.schedule(ParentRunner.java:79)
	at org.junit.runners.ParentRunner.runChildren(ParentRunner.java:329)
	at org.junit.runners.ParentRunner.access$100(ParentRunner.java:66)
	at org.junit.runners.ParentRunner$2.evaluate(ParentRunner.java:293)
	at org.junit.internal.runners.statements.RunBefores.evaluate(RunBefores.java:26)
	at org.junit.runners.ParentRunner$3.evaluate(ParentRunner.java:306)
	at org.junit.runners.ParentRunner.run(ParentRunner.java:413)
	at org.junit.runners.Suite.runChild(Suite.java:128)
	at org.junit.runners.Suite.runChild(Suite.java:27)
	at org.junit.runners.ParentRunner$4.run(ParentRunner.java:331)
	at org.junit.runners.ParentRunner$1.schedule(ParentRunner.java:79)
	at org.junit.runners.ParentRunner.runChildren(ParentRunner.java:329)
	at org.junit.runners.ParentRunner.access$100(ParentRunner.java:66)
	at org.junit.runners.ParentRunner$2.evaluate(ParentRunner.java:293)
	at org.junit.runners.ParentRunner$3.evaluate(ParentRunner.java:306)
	at org.junit.runners.ParentRunner.run(ParentRunner.java:413)
	at org.junit.runner.JUnitCore.run(JUnitCore.java:137)
	at org.junit.runner.JUnitCore.run(JUnitCore.java:115)
	at edu.illinois.cs.testrunner.execution.JUnitTestExecutor.execute(JUnitTestExecutor.java:263)
	at edu.illinois.cs.testrunner.execution.JUnitTestExecutor.executeWithJUnit4Runner(JUnitTestExecutor.java:331)
	at edu.illinois.cs.testrunner.execution.JUnitTestExecutor.runOrder(JUnitTestExecutor.java:53)
	at edu.illinois.cs.testrunner.execution.Executor$.$anonfun$run$1(Executor.scala:30)
	at scala.runtime.java8.JFunction0$mcV$sp.apply(JFunction0$mcV$sp.java:12)
	at scala.util.Try$.apply(Try.scala:209)
	at edu.illinois.cs.testrunner.execution.Executor$.run(Executor.scala:28)
	at edu.illinois.cs.testrunner.execution.Executor$.main(Executor.scala:18)
	at edu.illinois.cs.testrunner.execution.Executor.main(Executor.scala)
Caused by: java.io.IOException: error=2, No such file or directory
	at java.lang.UNIXProcess.forkAndExec(Native Method)
	at java.lang.UNIXProcess.<init>(UNIXProcess.java:247)
	at java.lang.ProcessImpl.start(ProcessImpl.java:134)
	at java.lang.ProcessBuilder.start(ProcessBuilder.java:1029)
	... 45 more
Failing order results: ERROR
$$$$$$$$$$$testFailOrder_full: /home/lichengpeng/spring-holiday/iFixPlus/scripts_new/projectsInstall/projects/jnr/jnr-posix
dtl!!!!!!!!!!!
testFailOrder_full1 : jnr.posix.NlLanginfoTest.testNlLanginfo
args: /home/lichengpeng/spring-holiday/iFixPlus/scripts_ifixplus/xmls/jnr/jnr-posix/jnr.posix.NlLanginfoTest.testNlLanginfo,/home/lichengpeng/spring-holiday/iFixPlus/scripts_ifixplus/subxmls/jnr/jnr-posix/jnr.posix.NlLanginfoTest.testNlLanginfo,/home/lichengpeng/spring-holiday/iFixPlus/scripts_ifixplus/roots/jnr/jnr-posix/jnr.posix.NlLanginfoTest.testNlLanginfo,/home/lichengpeng/spring-holiday/iFixPlus/scripts_ifixplus/pkg/jnr/jnr-posix/jnr.posix.NlLanginfoTest.testNlLanginfo/package-filter,/home/lichengpeng/spring-holiday/iFixPlus/scripts_ifixplus/diffs/jnr/jnr-posix/jnr.posix.NlLanginfoTest.testNlLanginfo,jnr/jnr-posix,jnr.posix.NlLanginfoTest.testNlLanginfo,/home/lichengpeng/spring-holiday/iFixPlus/scripts_ifixplus/output/result.csv,/home/lichengpeng/spring-holiday/iFixPlus/scripts_ifixplus/allFields/jnr/jnr-posix/jnr.posix.NlLanginfoTest.testNlLanginfo,/home/lichengpeng/spring-holiday/iFixPlus/scripts_ifixplus/diffFields/jnr/jnr-posix/jnr.posix.NlLanginfoTest.testNlLanginfo,/home/lichengpeng/spring-holiday/iFixPlus/scripts_ifixplus/subdiffs/jnr/jnr-posix/jnr.posix.NlLanginfoTest.testNlLanginfo,/home/lichengpeng/spring-holiday/iFixPlus/scripts_ifixplus/tmp,/home/lichengpeng/spring-holiday/iFixPlus/scripts_ifixplus/reflection/jnr/jnr-posix/jnr.posix.NlLanginfoTest.testNlLanginfo
targetTestName: jnr.posix.NlLanginfoTest.testNlLanginfo
Successfully loaded native POSIX impl.
testStarted end!!
java.io.IOException: Cannot run program "locale": error=2, No such file or directory
	at java.lang.ProcessBuilder.start(ProcessBuilder.java:1048)
	at java.lang.Runtime.exec(Runtime.java:621)
	at java.lang.Runtime.exec(Runtime.java:451)
	at java.lang.Runtime.exec(Runtime.java:348)
	at jnr.posix.NlLanginfoTest.testNlLanginfo(NlLanginfoTest.java:28)
	at sun.reflect.NativeMethodAccessorImpl.invoke0(Native Method)
	at sun.reflect.NativeMethodAccessorImpl.invoke(NativeMethodAccessorImpl.java:62)
	at sun.reflect.DelegatingMethodAccessorImpl.invoke(DelegatingMethodAccessorImpl.java:43)
	at java.lang.reflect.Method.invoke(Method.java:498)
	at org.junit.runners.model.FrameworkMethod$1.runReflectiveCall(FrameworkMethod.java:59)
	at org.junit.internal.runners.model.ReflectiveCallable.run(ReflectiveCallable.java:12)
	at org.junit.runners.model.FrameworkMethod.invokeExplosively(FrameworkMethod.java:56)
	at org.junit.internal.runners.statements.InvokeMethod.evaluate(InvokeMethod.java:17)
	at org.junit.runners.ParentRunner$3.evaluate(ParentRunner.java:306)
	at org.junit.runners.BlockJUnit4ClassRunner$1.evaluate(BlockJUnit4ClassRunner.java:100)
	at org.junit.runners.ParentRunner.runLeaf(ParentRunner.java:366)
	at org.junit.runners.BlockJUnit4ClassRunner.runChild(BlockJUnit4ClassRunner.java:103)
	at org.junit.runners.BlockJUnit4ClassRunner.runChild(BlockJUnit4ClassRunner.java:63)
	at org.junit.runners.ParentRunner$4.run(ParentRunner.java:331)
	at org.junit.runners.ParentRunner$1.schedule(ParentRunner.java:79)
	at org.junit.runners.ParentRunner.runChildren(ParentRunner.java:329)
	at org.junit.runners.ParentRunner.access$100(ParentRunner.java:66)
	at org.junit.runners.ParentRunner$2.evaluate(ParentRunner.java:293)
	at org.junit.internal.runners.statements.RunBefores.evaluate(RunBefores.java:26)
	at org.junit.runners.ParentRunner$3.evaluate(ParentRunner.java:306)
	at org.junit.runners.ParentRunner.run(ParentRunner.java:413)
	at org.junit.runners.Suite.runChild(Suite.java:128)
	at org.junit.runners.Suite.runChild(Suite.java:27)
	at org.junit.runners.ParentRunner$4.run(ParentRunner.java:331)
	at org.junit.runners.ParentRunner$1.schedule(ParentRunner.java:79)
	at org.junit.runners.ParentRunner.runChildren(ParentRunner.java:329)
	at org.junit.runners.ParentRunner.access$100(ParentRunner.java:66)
	at org.junit.runners.ParentRunner$2.evaluate(ParentRunner.java:293)
	at org.junit.runners.ParentRunner$3.evaluate(ParentRunner.java:306)
	at org.junit.runners.ParentRunner.run(ParentRunner.java:413)
	at org.junit.runner.JUnitCore.run(JUnitCore.java:137)
	at org.junit.runner.JUnitCore.run(JUnitCore.java:115)
	at edu.illinois.cs.testrunner.execution.JUnitTestExecutor.execute(JUnitTestExecutor.java:263)
	at edu.illinois.cs.testrunner.execution.JUnitTestExecutor.executeWithJUnit4Runner(JUnitTestExecutor.java:331)
	at edu.illinois.cs.testrunner.execution.JUnitTestExecutor.runOrder(JUnitTestExecutor.java:53)
	at edu.illinois.cs.testrunner.execution.Executor$.$anonfun$run$1(Executor.scala:30)
	at scala.runtime.java8.JFunction0$mcV$sp.apply(JFunction0$mcV$sp.java:12)
	at scala.util.Try$.apply(Try.scala:209)
	at edu.illinois.cs.testrunner.execution.Executor$.run(Executor.scala:28)
	at edu.illinois.cs.testrunner.execution.Executor$.main(Executor.scala:18)
	at edu.illinois.cs.testrunner.execution.Executor.main(Executor.scala)
Caused by: java.io.IOException: error=2, No such file or directory
	at java.lang.UNIXProcess.forkAndExec(Native Method)
	at java.lang.UNIXProcess.<init>(UNIXProcess.java:247)
	at java.lang.ProcessImpl.start(ProcessImpl.java:134)
	at java.lang.ProcessBuilder.start(ProcessBuilder.java:1029)
	... 45 more
Failing order results: ERROR
$$$$$$$$$$$testFailOrder_full: /home/lichengpeng/spring-holiday/iFixPlus/scripts_new/projectsInstall/projects/jnr/jnr-posix
dtl!!!!!!!!!!!
testFailOrder_full1 : jnr.posix.NlLanginfoTest.testNlLanginfo
args: /home/lichengpeng/spring-holiday/iFixPlus/scripts_ifixplus/xmls/jnr/jnr-posix/jnr.posix.NlLanginfoTest.testNlLanginfo,/home/lichengpeng/spring-holiday/iFixPlus/scripts_ifixplus/subxmls/jnr/jnr-posix/jnr.posix.NlLanginfoTest.testNlLanginfo,/home/lichengpeng/spring-holiday/iFixPlus/scripts_ifixplus/roots/jnr/jnr-posix/jnr.posix.NlLanginfoTest.testNlLanginfo,/home/lichengpeng/spring-holiday/iFixPlus/scripts_ifixplus/pkg/jnr/jnr-posix/jnr.posix.NlLanginfoTest.testNlLanginfo/package-filter,/home/lichengpeng/spring-holiday/iFixPlus/scripts_ifixplus/diffs/jnr/jnr-posix/jnr.posix.NlLanginfoTest.testNlLanginfo,jnr/jnr-posix,jnr.posix.NlLanginfoTest.testNlLanginfo,/home/lichengpeng/spring-holiday/iFixPlus/scripts_ifixplus/output/result.csv,/home/lichengpeng/spring-holiday/iFixPlus/scripts_ifixplus/allFields/jnr/jnr-posix/jnr.posix.NlLanginfoTest.testNlLanginfo,/home/lichengpeng/spring-holiday/iFixPlus/scripts_ifixplus/diffFields/jnr/jnr-posix/jnr.posix.NlLanginfoTest.testNlLanginfo,/home/lichengpeng/spring-holiday/iFixPlus/scripts_ifixplus/subdiffs/jnr/jnr-posix/jnr.posix.NlLanginfoTest.testNlLanginfo,/home/lichengpeng/spring-holiday/iFixPlus/scripts_ifixplus/tmp,/home/lichengpeng/spring-holiday/iFixPlus/scripts_ifixplus/reflection/jnr/jnr-posix/jnr.posix.NlLanginfoTest.testNlLanginfo
targetTestName: jnr.posix.NlLanginfoTest.testNlLanginfo
Successfully loaded native POSIX impl.
testStarted end!!
java.io.IOException: Cannot run program "locale": error=2, No such file or directory
	at java.lang.ProcessBuilder.start(ProcessBuilder.java:1048)
	at java.lang.Runtime.exec(Runtime.java:621)
	at java.lang.Runtime.exec(Runtime.java:451)
	at java.lang.Runtime.exec(Runtime.java:348)
	at jnr.posix.NlLanginfoTest.testNlLanginfo(NlLanginfoTest.java:28)
	at sun.reflect.NativeMethodAccessorImpl.invoke0(Native Method)
	at sun.reflect.NativeMethodAccessorImpl.invoke(NativeMethodAccessorImpl.java:62)
	at sun.reflect.DelegatingMethodAccessorImpl.invoke(DelegatingMethodAccessorImpl.java:43)
	at java.lang.reflect.Method.invoke(Method.java:498)
	at org.junit.runners.model.FrameworkMethod$1.runReflectiveCall(FrameworkMethod.java:59)
	at org.junit.internal.runners.model.ReflectiveCallable.run(ReflectiveCallable.java:12)
	at org.junit.runners.model.FrameworkMethod.invokeExplosively(FrameworkMethod.java:56)
	at org.junit.internal.runners.statements.InvokeMethod.evaluate(InvokeMethod.java:17)
	at org.junit.runners.ParentRunner$3.evaluate(ParentRunner.java:306)
	at org.junit.runners.BlockJUnit4ClassRunner$1.evaluate(BlockJUnit4ClassRunner.java:100)
	at org.junit.runners.ParentRunner.runLeaf(ParentRunner.java:366)
	at org.junit.runners.BlockJUnit4ClassRunner.runChild(BlockJUnit4ClassRunner.java:103)
	at org.junit.runners.BlockJUnit4ClassRunner.runChild(BlockJUnit4ClassRunner.java:63)
	at org.junit.runners.ParentRunner$4.run(ParentRunner.java:331)
	at org.junit.runners.ParentRunner$1.schedule(ParentRunner.java:79)
	at org.junit.runners.ParentRunner.runChildren(ParentRunner.java:329)
	at org.junit.runners.ParentRunner.access$100(ParentRunner.java:66)
	at org.junit.runners.ParentRunner$2.evaluate(ParentRunner.java:293)
	at org.junit.internal.runners.statements.RunBefores.evaluate(RunBefores.java:26)
	at org.junit.runners.ParentRunner$3.evaluate(ParentRunner.java:306)
	at org.junit.runners.ParentRunner.run(ParentRunner.java:413)
	at org.junit.runners.Suite.runChild(Suite.java:128)
	at org.junit.runners.Suite.runChild(Suite.java:27)
	at org.junit.runners.ParentRunner$4.run(ParentRunner.java:331)
	at org.junit.runners.ParentRunner$1.schedule(ParentRunner.java:79)
	at org.junit.runners.ParentRunner.runChildren(ParentRunner.java:329)
	at org.junit.runners.ParentRunner.access$100(ParentRunner.java:66)
	at org.junit.runners.ParentRunner$2.evaluate(ParentRunner.java:293)
	at org.junit.runners.ParentRunner$3.evaluate(ParentRunner.java:306)
	at org.junit.runners.ParentRunner.run(ParentRunner.java:413)
	at org.junit.runner.JUnitCore.run(JUnitCore.java:137)
	at org.junit.runner.JUnitCore.run(JUnitCore.java:115)
	at edu.illinois.cs.testrunner.execution.JUnitTestExecutor.execute(JUnitTestExecutor.java:263)
	at edu.illinois.cs.testrunner.execution.JUnitTestExecutor.executeWithJUnit4Runner(JUnitTestExecutor.java:331)
	at edu.illinois.cs.testrunner.execution.JUnitTestExecutor.runOrder(JUnitTestExecutor.java:53)
	at edu.illinois.cs.testrunner.execution.Executor$.$anonfun$run$1(Executor.scala:30)
	at scala.runtime.java8.JFunction0$mcV$sp.apply(JFunction0$mcV$sp.java:12)
	at scala.util.Try$.apply(Try.scala:209)
	at edu.illinois.cs.testrunner.execution.Executor$.run(Executor.scala:28)
	at edu.illinois.cs.testrunner.execution.Executor$.main(Executor.scala:18)
	at edu.illinois.cs.testrunner.execution.Executor.main(Executor.scala)
Caused by: java.io.IOException: error=2, No such file or directory
	at java.lang.UNIXProcess.forkAndExec(Native Method)
	at java.lang.UNIXProcess.<init>(UNIXProcess.java:247)
	at java.lang.ProcessImpl.start(ProcessImpl.java:134)
	at java.lang.ProcessBuilder.start(ProcessBuilder.java:1029)
	... 45 more
Failing order results: ERROR
$$$$$$$$$$$testFailOrder_full: /home/lichengpeng/spring-holiday/iFixPlus/scripts_new/projectsInstall/projects/jnr/jnr-posix
dtl!!!!!!!!!!!
testFailOrder_full1 : jnr.posix.NlLanginfoTest.testNlLanginfo
args: /home/lichengpeng/spring-holiday/iFixPlus/scripts_ifixplus/xmls/jnr/jnr-posix/jnr.posix.NlLanginfoTest.testNlLanginfo,/home/lichengpeng/spring-holiday/iFixPlus/scripts_ifixplus/subxmls/jnr/jnr-posix/jnr.posix.NlLanginfoTest.testNlLanginfo,/home/lichengpeng/spring-holiday/iFixPlus/scripts_ifixplus/roots/jnr/jnr-posix/jnr.posix.NlLanginfoTest.testNlLanginfo,/home/lichengpeng/spring-holiday/iFixPlus/scripts_ifixplus/pkg/jnr/jnr-posix/jnr.posix.NlLanginfoTest.testNlLanginfo/package-filter,/home/lichengpeng/spring-holiday/iFixPlus/scripts_ifixplus/diffs/jnr/jnr-posix/jnr.posix.NlLanginfoTest.testNlLanginfo,jnr/jnr-posix,jnr.posix.NlLanginfoTest.testNlLanginfo,/home/lichengpeng/spring-holiday/iFixPlus/scripts_ifixplus/output/result.csv,/home/lichengpeng/spring-holiday/iFixPlus/scripts_ifixplus/allFields/jnr/jnr-posix/jnr.posix.NlLanginfoTest.testNlLanginfo,/home/lichengpeng/spring-holiday/iFixPlus/scripts_ifixplus/diffFields/jnr/jnr-posix/jnr.posix.NlLanginfoTest.testNlLanginfo,/home/lichengpeng/spring-holiday/iFixPlus/scripts_ifixplus/subdiffs/jnr/jnr-posix/jnr.posix.NlLanginfoTest.testNlLanginfo,/home/lichengpeng/spring-holiday/iFixPlus/scripts_ifixplus/tmp,/home/lichengpeng/spring-holiday/iFixPlus/scripts_ifixplus/reflection/jnr/jnr-posix/jnr.posix.NlLanginfoTest.testNlLanginfo
targetTestName: jnr.posix.NlLanginfoTest.testNlLanginfo
Successfully loaded native POSIX impl.
testStarted end!!
java.io.IOException: Cannot run program "locale": error=2, No such file or directory
	at java.lang.ProcessBuilder.start(ProcessBuilder.java:1048)
	at java.lang.Runtime.exec(Runtime.java:621)
	at java.lang.Runtime.exec(Runtime.java:451)
	at java.lang.Runtime.exec(Runtime.java:348)
	at jnr.posix.NlLanginfoTest.testNlLanginfo(NlLanginfoTest.java:28)
	at sun.reflect.NativeMethodAccessorImpl.invoke0(Native Method)
	at sun.reflect.NativeMethodAccessorImpl.invoke(NativeMethodAccessorImpl.java:62)
	at sun.reflect.DelegatingMethodAccessorImpl.invoke(DelegatingMethodAccessorImpl.java:43)
	at java.lang.reflect.Method.invoke(Method.java:498)
	at org.junit.runners.model.FrameworkMethod$1.runReflectiveCall(FrameworkMethod.java:59)
	at org.junit.internal.runners.model.ReflectiveCallable.run(ReflectiveCallable.java:12)
	at org.junit.runners.model.FrameworkMethod.invokeExplosively(FrameworkMethod.java:56)
	at org.junit.internal.runners.statements.InvokeMethod.evaluate(InvokeMethod.java:17)
	at org.junit.runners.ParentRunner$3.evaluate(ParentRunner.java:306)
	at org.junit.runners.BlockJUnit4ClassRunner$1.evaluate(BlockJUnit4ClassRunner.java:100)
	at org.junit.runners.ParentRunner.runLeaf(ParentRunner.java:366)
	at org.junit.runners.BlockJUnit4ClassRunner.runChild(BlockJUnit4ClassRunner.java:103)
	at org.junit.runners.BlockJUnit4ClassRunner.runChild(BlockJUnit4ClassRunner.java:63)
	at org.junit.runners.ParentRunner$4.run(ParentRunner.java:331)
	at org.junit.runners.ParentRunner$1.schedule(ParentRunner.java:79)
	at org.junit.runners.ParentRunner.runChildren(ParentRunner.java:329)
	at org.junit.runners.ParentRunner.access$100(ParentRunner.java:66)
	at org.junit.runners.ParentRunner$2.evaluate(ParentRunner.java:293)
	at org.junit.internal.runners.statements.RunBefores.evaluate(RunBefores.java:26)
	at org.junit.runners.ParentRunner$3.evaluate(ParentRunner.java:306)
	at org.junit.runners.ParentRunner.run(ParentRunner.java:413)
	at org.junit.runners.Suite.runChild(Suite.java:128)
	at org.junit.runners.Suite.runChild(Suite.java:27)
	at org.junit.runners.ParentRunner$4.run(ParentRunner.java:331)
	at org.junit.runners.ParentRunner$1.schedule(ParentRunner.java:79)
	at org.junit.runners.ParentRunner.runChildren(ParentRunner.java:329)
	at org.junit.runners.ParentRunner.access$100(ParentRunner.java:66)
	at org.junit.runners.ParentRunner$2.evaluate(ParentRunner.java:293)
	at org.junit.runners.ParentRunner$3.evaluate(ParentRunner.java:306)
	at org.junit.runners.ParentRunner.run(ParentRunner.java:413)
	at org.junit.runner.JUnitCore.run(JUnitCore.java:137)
	at org.junit.runner.JUnitCore.run(JUnitCore.java:115)
	at edu.illinois.cs.testrunner.execution.JUnitTestExecutor.execute(JUnitTestExecutor.java:263)
	at edu.illinois.cs.testrunner.execution.JUnitTestExecutor.executeWithJUnit4Runner(JUnitTestExecutor.java:331)
	at edu.illinois.cs.testrunner.execution.JUnitTestExecutor.runOrder(JUnitTestExecutor.java:53)
	at edu.illinois.cs.testrunner.execution.Executor$.$anonfun$run$1(Executor.scala:30)
	at scala.runtime.java8.JFunction0$mcV$sp.apply(JFunction0$mcV$sp.java:12)
	at scala.util.Try$.apply(Try.scala:209)
	at edu.illinois.cs.testrunner.execution.Executor$.run(Executor.scala:28)
	at edu.illinois.cs.testrunner.execution.Executor$.main(Executor.scala:18)
	at edu.illinois.cs.testrunner.execution.Executor.main(Executor.scala)
Caused by: java.io.IOException: error=2, No such file or directory
	at java.lang.UNIXProcess.forkAndExec(Native Method)
	at java.lang.UNIXProcess.<init>(UNIXProcess.java:247)
	at java.lang.ProcessImpl.start(ProcessImpl.java:134)
	at java.lang.ProcessBuilder.start(ProcessBuilder.java:1029)
	... 45 more
Failing order results: ERROR
$$$$$$$$$$$testFailOrder_full: /home/lichengpeng/spring-holiday/iFixPlus/scripts_new/projectsInstall/projects/jnr/jnr-posix
dtl!!!!!!!!!!!
testFailOrder_full1 : jnr.posix.NlLanginfoTest.testNlLanginfo
args: /home/lichengpeng/spring-holiday/iFixPlus/scripts_ifixplus/xmls/jnr/jnr-posix/jnr.posix.NlLanginfoTest.testNlLanginfo,/home/lichengpeng/spring-holiday/iFixPlus/scripts_ifixplus/subxmls/jnr/jnr-posix/jnr.posix.NlLanginfoTest.testNlLanginfo,/home/lichengpeng/spring-holiday/iFixPlus/scripts_ifixplus/roots/jnr/jnr-posix/jnr.posix.NlLanginfoTest.testNlLanginfo,/home/lichengpeng/spring-holiday/iFixPlus/scripts_ifixplus/pkg/jnr/jnr-posix/jnr.posix.NlLanginfoTest.testNlLanginfo/package-filter,/home/lichengpeng/spring-holiday/iFixPlus/scripts_ifixplus/diffs/jnr/jnr-posix/jnr.posix.NlLanginfoTest.testNlLanginfo,jnr/jnr-posix,jnr.posix.NlLanginfoTest.testNlLanginfo,/home/lichengpeng/spring-holiday/iFixPlus/scripts_ifixplus/output/result.csv,/home/lichengpeng/spring-holiday/iFixPlus/scripts_ifixplus/allFields/jnr/jnr-posix/jnr.posix.NlLanginfoTest.testNlLanginfo,/home/lichengpeng/spring-holiday/iFixPlus/scripts_ifixplus/diffFields/jnr/jnr-posix/jnr.posix.NlLanginfoTest.testNlLanginfo,/home/lichengpeng/spring-holiday/iFixPlus/scripts_ifixplus/subdiffs/jnr/jnr-posix/jnr.posix.NlLanginfoTest.testNlLanginfo,/home/lichengpeng/spring-holiday/iFixPlus/scripts_ifixplus/tmp,/home/lichengpeng/spring-holiday/iFixPlus/scripts_ifixplus/reflection/jnr/jnr-posix/jnr.posix.NlLanginfoTest.testNlLanginfo
targetTestName: jnr.posix.NlLanginfoTest.testNlLanginfo
Successfully loaded native POSIX impl.
testStarted end!!
java.io.IOException: Cannot run program "locale": error=2, No such file or directory
	at java.lang.ProcessBuilder.start(ProcessBuilder.java:1048)
	at java.lang.Runtime.exec(Runtime.java:621)
	at java.lang.Runtime.exec(Runtime.java:451)
	at java.lang.Runtime.exec(Runtime.java:348)
	at jnr.posix.NlLanginfoTest.testNlLanginfo(NlLanginfoTest.java:28)
	at sun.reflect.NativeMethodAccessorImpl.invoke0(Native Method)
	at sun.reflect.NativeMethodAccessorImpl.invoke(NativeMethodAccessorImpl.java:62)
	at sun.reflect.DelegatingMethodAccessorImpl.invoke(DelegatingMethodAccessorImpl.java:43)
	at java.lang.reflect.Method.invoke(Method.java:498)
	at org.junit.runners.model.FrameworkMethod$1.runReflectiveCall(FrameworkMethod.java:59)
	at org.junit.internal.runners.model.ReflectiveCallable.run(ReflectiveCallable.java:12)
	at org.junit.runners.model.FrameworkMethod.invokeExplosively(FrameworkMethod.java:56)
	at org.junit.internal.runners.statements.InvokeMethod.evaluate(InvokeMethod.java:17)
	at org.junit.runners.ParentRunner$3.evaluate(ParentRunner.java:306)
	at org.junit.runners.BlockJUnit4ClassRunner$1.evaluate(BlockJUnit4ClassRunner.java:100)
	at org.junit.runners.ParentRunner.runLeaf(ParentRunner.java:366)
	at org.junit.runners.BlockJUnit4ClassRunner.runChild(BlockJUnit4ClassRunner.java:103)
	at org.junit.runners.BlockJUnit4ClassRunner.runChild(BlockJUnit4ClassRunner.java:63)
	at org.junit.runners.ParentRunner$4.run(ParentRunner.java:331)
	at org.junit.runners.ParentRunner$1.schedule(ParentRunner.java:79)
	at org.junit.runners.ParentRunner.runChildren(ParentRunner.java:329)
	at org.junit.runners.ParentRunner.access$100(ParentRunner.java:66)
	at org.junit.runners.ParentRunner$2.evaluate(ParentRunner.java:293)
	at org.junit.internal.runners.statements.RunBefores.evaluate(RunBefores.java:26)
	at org.junit.runners.ParentRunner$3.evaluate(ParentRunner.java:306)
	at org.junit.runners.ParentRunner.run(ParentRunner.java:413)
	at org.junit.runners.Suite.runChild(Suite.java:128)
	at org.junit.runners.Suite.runChild(Suite.java:27)
	at org.junit.runners.ParentRunner$4.run(ParentRunner.java:331)
	at org.junit.runners.ParentRunner$1.schedule(ParentRunner.java:79)
	at org.junit.runners.ParentRunner.runChildren(ParentRunner.java:329)
	at org.junit.runners.ParentRunner.access$100(ParentRunner.java:66)
	at org.junit.runners.ParentRunner$2.evaluate(ParentRunner.java:293)
	at org.junit.runners.ParentRunner$3.evaluate(ParentRunner.java:306)
	at org.junit.runners.ParentRunner.run(ParentRunner.java:413)
	at org.junit.runner.JUnitCore.run(JUnitCore.java:137)
	at org.junit.runner.JUnitCore.run(JUnitCore.java:115)
	at edu.illinois.cs.testrunner.execution.JUnitTestExecutor.execute(JUnitTestExecutor.java:263)
	at edu.illinois.cs.testrunner.execution.JUnitTestExecutor.executeWithJUnit4Runner(JUnitTestExecutor.java:331)
	at edu.illinois.cs.testrunner.execution.JUnitTestExecutor.runOrder(JUnitTestExecutor.java:53)
	at edu.illinois.cs.testrunner.execution.Executor$.$anonfun$run$1(Executor.scala:30)
	at scala.runtime.java8.JFunction0$mcV$sp.apply(JFunction0$mcV$sp.java:12)
	at scala.util.Try$.apply(Try.scala:209)
	at edu.illinois.cs.testrunner.execution.Executor$.run(Executor.scala:28)
	at edu.illinois.cs.testrunner.execution.Executor$.main(Executor.scala:18)
	at edu.illinois.cs.testrunner.execution.Executor.main(Executor.scala)
Caused by: java.io.IOException: error=2, No such file or directory
	at java.lang.UNIXProcess.forkAndExec(Native Method)
	at java.lang.UNIXProcess.<init>(UNIXProcess.java:247)
	at java.lang.ProcessImpl.start(ProcessImpl.java:134)
	at java.lang.ProcessBuilder.start(ProcessBuilder.java:1029)
	... 45 more
Failing order results: ERROR
$$$$$$$$$$$testFailOrder_full: /home/lichengpeng/spring-holiday/iFixPlus/scripts_new/projectsInstall/projects/jnr/jnr-posix
dtl!!!!!!!!!!!
testFailOrder_full1 : jnr.posix.NlLanginfoTest.testNlLanginfo
args: /home/lichengpeng/spring-holiday/iFixPlus/scripts_ifixplus/xmls/jnr/jnr-posix/jnr.posix.NlLanginfoTest.testNlLanginfo,/home/lichengpeng/spring-holiday/iFixPlus/scripts_ifixplus/subxmls/jnr/jnr-posix/jnr.posix.NlLanginfoTest.testNlLanginfo,/home/lichengpeng/spring-holiday/iFixPlus/scripts_ifixplus/roots/jnr/jnr-posix/jnr.posix.NlLanginfoTest.testNlLanginfo,/home/lichengpeng/spring-holiday/iFixPlus/scripts_ifixplus/pkg/jnr/jnr-posix/jnr.posix.NlLanginfoTest.testNlLanginfo/package-filter,/home/lichengpeng/spring-holiday/iFixPlus/scripts_ifixplus/diffs/jnr/jnr-posix/jnr.posix.NlLanginfoTest.testNlLanginfo,jnr/jnr-posix,jnr.posix.NlLanginfoTest.testNlLanginfo,/home/lichengpeng/spring-holiday/iFixPlus/scripts_ifixplus/output/result.csv,/home/lichengpeng/spring-holiday/iFixPlus/scripts_ifixplus/allFields/jnr/jnr-posix/jnr.posix.NlLanginfoTest.testNlLanginfo,/home/lichengpeng/spring-holiday/iFixPlus/scripts_ifixplus/diffFields/jnr/jnr-posix/jnr.posix.NlLanginfoTest.testNlLanginfo,/home/lichengpeng/spring-holiday/iFixPlus/scripts_ifixplus/subdiffs/jnr/jnr-posix/jnr.posix.NlLanginfoTest.testNlLanginfo,/home/lichengpeng/spring-holiday/iFixPlus/scripts_ifixplus/tmp,/home/lichengpeng/spring-holiday/iFixPlus/scripts_ifixplus/reflection/jnr/jnr-posix/jnr.posix.NlLanginfoTest.testNlLanginfo
targetTestName: jnr.posix.NlLanginfoTest.testNlLanginfo
Successfully loaded native POSIX impl.
testStarted end!!
java.io.IOException: Cannot run program "locale": error=2, No such file or directory
	at java.lang.ProcessBuilder.start(ProcessBuilder.java:1048)
	at java.lang.Runtime.exec(Runtime.java:621)
	at java.lang.Runtime.exec(Runtime.java:451)
	at java.lang.Runtime.exec(Runtime.java:348)
	at jnr.posix.NlLanginfoTest.testNlLanginfo(NlLanginfoTest.java:28)
	at sun.reflect.NativeMethodAccessorImpl.invoke0(Native Method)
	at sun.reflect.NativeMethodAccessorImpl.invoke(NativeMethodAccessorImpl.java:62)
	at sun.reflect.DelegatingMethodAccessorImpl.invoke(DelegatingMethodAccessorImpl.java:43)
	at java.lang.reflect.Method.invoke(Method.java:498)
	at org.junit.runners.model.FrameworkMethod$1.runReflectiveCall(FrameworkMethod.java:59)
	at org.junit.internal.runners.model.ReflectiveCallable.run(ReflectiveCallable.java:12)
	at org.junit.runners.model.FrameworkMethod.invokeExplosively(FrameworkMethod.java:56)
	at org.junit.internal.runners.statements.InvokeMethod.evaluate(InvokeMethod.java:17)
	at org.junit.runners.ParentRunner$3.evaluate(ParentRunner.java:306)
	at org.junit.runners.BlockJUnit4ClassRunner$1.evaluate(BlockJUnit4ClassRunner.java:100)
	at org.junit.runners.ParentRunner.runLeaf(ParentRunner.java:366)
	at org.junit.runners.BlockJUnit4ClassRunner.runChild(BlockJUnit4ClassRunner.java:103)
	at org.junit.runners.BlockJUnit4ClassRunner.runChild(BlockJUnit4ClassRunner.java:63)
	at org.junit.runners.ParentRunner$4.run(ParentRunner.java:331)
	at org.junit.runners.ParentRunner$1.schedule(ParentRunner.java:79)
	at org.junit.runners.ParentRunner.runChildren(ParentRunner.java:329)
	at org.junit.runners.ParentRunner.access$100(ParentRunner.java:66)
	at org.junit.runners.ParentRunner$2.evaluate(ParentRunner.java:293)
	at org.junit.internal.runners.statements.RunBefores.evaluate(RunBefores.java:26)
	at org.junit.runners.ParentRunner$3.evaluate(ParentRunner.java:306)
	at org.junit.runners.ParentRunner.run(ParentRunner.java:413)
	at org.junit.runners.Suite.runChild(Suite.java:128)
	at org.junit.runners.Suite.runChild(Suite.java:27)
	at org.junit.runners.ParentRunner$4.run(ParentRunner.java:331)
	at org.junit.runners.ParentRunner$1.schedule(ParentRunner.java:79)
	at org.junit.runners.ParentRunner.runChildren(ParentRunner.java:329)
	at org.junit.runners.ParentRunner.access$100(ParentRunner.java:66)
	at org.junit.runners.ParentRunner$2.evaluate(ParentRunner.java:293)
	at org.junit.runners.ParentRunner$3.evaluate(ParentRunner.java:306)
	at org.junit.runners.ParentRunner.run(ParentRunner.java:413)
	at org.junit.runner.JUnitCore.run(JUnitCore.java:137)
	at org.junit.runner.JUnitCore.run(JUnitCore.java:115)
	at edu.illinois.cs.testrunner.execution.JUnitTestExecutor.execute(JUnitTestExecutor.java:263)
	at edu.illinois.cs.testrunner.execution.JUnitTestExecutor.executeWithJUnit4Runner(JUnitTestExecutor.java:331)
	at edu.illinois.cs.testrunner.execution.JUnitTestExecutor.runOrder(JUnitTestExecutor.java:53)
	at edu.illinois.cs.testrunner.execution.Executor$.$anonfun$run$1(Executor.scala:30)
	at scala.runtime.java8.JFunction0$mcV$sp.apply(JFunction0$mcV$sp.java:12)
	at scala.util.Try$.apply(Try.scala:209)
	at edu.illinois.cs.testrunner.execution.Executor$.run(Executor.scala:28)
	at edu.illinois.cs.testrunner.execution.Executor$.main(Executor.scala:18)
	at edu.illinois.cs.testrunner.execution.Executor.main(Executor.scala)
Caused by: java.io.IOException: error=2, No such file or directory
	at java.lang.UNIXProcess.forkAndExec(Native Method)
	at java.lang.UNIXProcess.<init>(UNIXProcess.java:247)
	at java.lang.ProcessImpl.start(ProcessImpl.java:134)
	at java.lang.ProcessBuilder.start(ProcessBuilder.java:1029)
	... 45 more
Failing order results: ERROR
$$$$$$$$$$$testFailOrder_full: /home/lichengpeng/spring-holiday/iFixPlus/scripts_new/projectsInstall/projects/jnr/jnr-posix
dtl!!!!!!!!!!!
testFailOrder_full1 : jnr.posix.NlLanginfoTest.testNlLanginfo
args: /home/lichengpeng/spring-holiday/iFixPlus/scripts_ifixplus/xmls/jnr/jnr-posix/jnr.posix.NlLanginfoTest.testNlLanginfo,/home/lichengpeng/spring-holiday/iFixPlus/scripts_ifixplus/subxmls/jnr/jnr-posix/jnr.posix.NlLanginfoTest.testNlLanginfo,/home/lichengpeng/spring-holiday/iFixPlus/scripts_ifixplus/roots/jnr/jnr-posix/jnr.posix.NlLanginfoTest.testNlLanginfo,/home/lichengpeng/spring-holiday/iFixPlus/scripts_ifixplus/pkg/jnr/jnr-posix/jnr.posix.NlLanginfoTest.testNlLanginfo/package-filter,/home/lichengpeng/spring-holiday/iFixPlus/scripts_ifixplus/diffs/jnr/jnr-posix/jnr.posix.NlLanginfoTest.testNlLanginfo,jnr/jnr-posix,jnr.posix.NlLanginfoTest.testNlLanginfo,/home/lichengpeng/spring-holiday/iFixPlus/scripts_ifixplus/output/result.csv,/home/lichengpeng/spring-holiday/iFixPlus/scripts_ifixplus/allFields/jnr/jnr-posix/jnr.posix.NlLanginfoTest.testNlLanginfo,/home/lichengpeng/spring-holiday/iFixPlus/scripts_ifixplus/diffFields/jnr/jnr-posix/jnr.posix.NlLanginfoTest.testNlLanginfo,/home/lichengpeng/spring-holiday/iFixPlus/scripts_ifixplus/subdiffs/jnr/jnr-posix/jnr.posix.NlLanginfoTest.testNlLanginfo,/home/lichengpeng/spring-holiday/iFixPlus/scripts_ifixplus/tmp,/home/lichengpeng/spring-holiday/iFixPlus/scripts_ifixplus/reflection/jnr/jnr-posix/jnr.posix.NlLanginfoTest.testNlLanginfo
targetTestName: jnr.posix.NlLanginfoTest.testNlLanginfo
Successfully loaded native POSIX impl.
testStarted end!!
java.io.IOException: Cannot run program "locale": error=2, No such file or directory
	at java.lang.ProcessBuilder.start(ProcessBuilder.java:1048)
	at java.lang.Runtime.exec(Runtime.java:621)
	at java.lang.Runtime.exec(Runtime.java:451)
	at java.lang.Runtime.exec(Runtime.java:348)
	at jnr.posix.NlLanginfoTest.testNlLanginfo(NlLanginfoTest.java:28)
	at sun.reflect.NativeMethodAccessorImpl.invoke0(Native Method)
	at sun.reflect.NativeMethodAccessorImpl.invoke(NativeMethodAccessorImpl.java:62)
	at sun.reflect.DelegatingMethodAccessorImpl.invoke(DelegatingMethodAccessorImpl.java:43)
	at java.lang.reflect.Method.invoke(Method.java:498)
	at org.junit.runners.model.FrameworkMethod$1.runReflectiveCall(FrameworkMethod.java:59)
	at org.junit.internal.runners.model.ReflectiveCallable.run(ReflectiveCallable.java:12)
	at org.junit.runners.model.FrameworkMethod.invokeExplosively(FrameworkMethod.java:56)
	at org.junit.internal.runners.statements.InvokeMethod.evaluate(InvokeMethod.java:17)
	at org.junit.runners.ParentRunner$3.evaluate(ParentRunner.java:306)
	at org.junit.runners.BlockJUnit4ClassRunner$1.evaluate(BlockJUnit4ClassRunner.java:100)
	at org.junit.runners.ParentRunner.runLeaf(ParentRunner.java:366)
	at org.junit.runners.BlockJUnit4ClassRunner.runChild(BlockJUnit4ClassRunner.java:103)
	at org.junit.runners.BlockJUnit4ClassRunner.runChild(BlockJUnit4ClassRunner.java:63)
	at org.junit.runners.ParentRunner$4.run(ParentRunner.java:331)
	at org.junit.runners.ParentRunner$1.schedule(ParentRunner.java:79)
	at org.junit.runners.ParentRunner.runChildren(ParentRunner.java:329)
	at org.junit.runners.ParentRunner.access$100(ParentRunner.java:66)
	at org.junit.runners.ParentRunner$2.evaluate(ParentRunner.java:293)
	at org.junit.internal.runners.statements.RunBefores.evaluate(RunBefores.java:26)
	at org.junit.runners.ParentRunner$3.evaluate(ParentRunner.java:306)
	at org.junit.runners.ParentRunner.run(ParentRunner.java:413)
	at org.junit.runners.Suite.runChild(Suite.java:128)
	at org.junit.runners.Suite.runChild(Suite.java:27)
	at org.junit.runners.ParentRunner$4.run(ParentRunner.java:331)
	at org.junit.runners.ParentRunner$1.schedule(ParentRunner.java:79)
	at org.junit.runners.ParentRunner.runChildren(ParentRunner.java:329)
	at org.junit.runners.ParentRunner.access$100(ParentRunner.java:66)
	at org.junit.runners.ParentRunner$2.evaluate(ParentRunner.java:293)
	at org.junit.runners.ParentRunner$3.evaluate(ParentRunner.java:306)
	at org.junit.runners.ParentRunner.run(ParentRunner.java:413)
	at org.junit.runner.JUnitCore.run(JUnitCore.java:137)
	at org.junit.runner.JUnitCore.run(JUnitCore.java:115)
	at edu.illinois.cs.testrunner.execution.JUnitTestExecutor.execute(JUnitTestExecutor.java:263)
	at edu.illinois.cs.testrunner.execution.JUnitTestExecutor.executeWithJUnit4Runner(JUnitTestExecutor.java:331)
	at edu.illinois.cs.testrunner.execution.JUnitTestExecutor.runOrder(JUnitTestExecutor.java:53)
	at edu.illinois.cs.testrunner.execution.Executor$.$anonfun$run$1(Executor.scala:30)
	at scala.runtime.java8.JFunction0$mcV$sp.apply(JFunction0$mcV$sp.java:12)
	at scala.util.Try$.apply(Try.scala:209)
	at edu.illinois.cs.testrunner.execution.Executor$.run(Executor.scala:28)
	at edu.illinois.cs.testrunner.execution.Executor$.main(Executor.scala:18)
	at edu.illinois.cs.testrunner.execution.Executor.main(Executor.scala)
Caused by: java.io.IOException: error=2, No such file or directory
	at java.lang.UNIXProcess.forkAndExec(Native Method)
	at java.lang.UNIXProcess.<init>(UNIXProcess.java:247)
	at java.lang.ProcessImpl.start(ProcessImpl.java:134)
	at java.lang.ProcessBuilder.start(ProcessBuilder.java:1029)
	... 45 more
Failing order results: ERROR
$$$$$$$$$$$testFailOrder_full: /home/lichengpeng/spring-holiday/iFixPlus/scripts_new/projectsInstall/projects/jnr/jnr-posix
dtl!!!!!!!!!!!
testFailOrder_full1 : jnr.posix.NlLanginfoTest.testNlLanginfo
args: /home/lichengpeng/spring-holiday/iFixPlus/scripts_ifixplus/xmls/jnr/jnr-posix/jnr.posix.NlLanginfoTest.testNlLanginfo,/home/lichengpeng/spring-holiday/iFixPlus/scripts_ifixplus/subxmls/jnr/jnr-posix/jnr.posix.NlLanginfoTest.testNlLanginfo,/home/lichengpeng/spring-holiday/iFixPlus/scripts_ifixplus/roots/jnr/jnr-posix/jnr.posix.NlLanginfoTest.testNlLanginfo,/home/lichengpeng/spring-holiday/iFixPlus/scripts_ifixplus/pkg/jnr/jnr-posix/jnr.posix.NlLanginfoTest.testNlLanginfo/package-filter,/home/lichengpeng/spring-holiday/iFixPlus/scripts_ifixplus/diffs/jnr/jnr-posix/jnr.posix.NlLanginfoTest.testNlLanginfo,jnr/jnr-posix,jnr.posix.NlLanginfoTest.testNlLanginfo,/home/lichengpeng/spring-holiday/iFixPlus/scripts_ifixplus/output/result.csv,/home/lichengpeng/spring-holiday/iFixPlus/scripts_ifixplus/allFields/jnr/jnr-posix/jnr.posix.NlLanginfoTest.testNlLanginfo,/home/lichengpeng/spring-holiday/iFixPlus/scripts_ifixplus/diffFields/jnr/jnr-posix/jnr.posix.NlLanginfoTest.testNlLanginfo,/home/lichengpeng/spring-holiday/iFixPlus/scripts_ifixplus/subdiffs/jnr/jnr-posix/jnr.posix.NlLanginfoTest.testNlLanginfo,/home/lichengpeng/spring-holiday/iFixPlus/scripts_ifixplus/tmp,/home/lichengpeng/spring-holiday/iFixPlus/scripts_ifixplus/reflection/jnr/jnr-posix/jnr.posix.NlLanginfoTest.testNlLanginfo
targetTestName: jnr.posix.NlLanginfoTest.testNlLanginfo
Successfully loaded native POSIX impl.
testStarted end!!
java.io.IOException: Cannot run program "locale": error=2, No such file or directory
	at java.lang.ProcessBuilder.start(ProcessBuilder.java:1048)
	at java.lang.Runtime.exec(Runtime.java:621)
	at java.lang.Runtime.exec(Runtime.java:451)
	at java.lang.Runtime.exec(Runtime.java:348)
	at jnr.posix.NlLanginfoTest.testNlLanginfo(NlLanginfoTest.java:28)
	at sun.reflect.NativeMethodAccessorImpl.invoke0(Native Method)
	at sun.reflect.NativeMethodAccessorImpl.invoke(NativeMethodAccessorImpl.java:62)
	at sun.reflect.DelegatingMethodAccessorImpl.invoke(DelegatingMethodAccessorImpl.java:43)
	at java.lang.reflect.Method.invoke(Method.java:498)
	at org.junit.runners.model.FrameworkMethod$1.runReflectiveCall(FrameworkMethod.java:59)
	at org.junit.internal.runners.model.ReflectiveCallable.run(ReflectiveCallable.java:12)
	at org.junit.runners.model.FrameworkMethod.invokeExplosively(FrameworkMethod.java:56)
	at org.junit.internal.runners.statements.InvokeMethod.evaluate(InvokeMethod.java:17)
	at org.junit.runners.ParentRunner$3.evaluate(ParentRunner.java:306)
	at org.junit.runners.BlockJUnit4ClassRunner$1.evaluate(BlockJUnit4ClassRunner.java:100)
	at org.junit.runners.ParentRunner.runLeaf(ParentRunner.java:366)
	at org.junit.runners.BlockJUnit4ClassRunner.runChild(BlockJUnit4ClassRunner.java:103)
	at org.junit.runners.BlockJUnit4ClassRunner.runChild(BlockJUnit4ClassRunner.java:63)
	at org.junit.runners.ParentRunner$4.run(ParentRunner.java:331)
	at org.junit.runners.ParentRunner$1.schedule(ParentRunner.java:79)
	at org.junit.runners.ParentRunner.runChildren(ParentRunner.java:329)
	at org.junit.runners.ParentRunner.access$100(ParentRunner.java:66)
	at org.junit.runners.ParentRunner$2.evaluate(ParentRunner.java:293)
	at org.junit.internal.runners.statements.RunBefores.evaluate(RunBefores.java:26)
	at org.junit.runners.ParentRunner$3.evaluate(ParentRunner.java:306)
	at org.junit.runners.ParentRunner.run(ParentRunner.java:413)
	at org.junit.runners.Suite.runChild(Suite.java:128)
	at org.junit.runners.Suite.runChild(Suite.java:27)
	at org.junit.runners.ParentRunner$4.run(ParentRunner.java:331)
	at org.junit.runners.ParentRunner$1.schedule(ParentRunner.java:79)
	at org.junit.runners.ParentRunner.runChildren(ParentRunner.java:329)
	at org.junit.runners.ParentRunner.access$100(ParentRunner.java:66)
	at org.junit.runners.ParentRunner$2.evaluate(ParentRunner.java:293)
	at org.junit.runners.ParentRunner$3.evaluate(ParentRunner.java:306)
	at org.junit.runners.ParentRunner.run(ParentRunner.java:413)
	at org.junit.runner.JUnitCore.run(JUnitCore.java:137)
	at org.junit.runner.JUnitCore.run(JUnitCore.java:115)
	at edu.illinois.cs.testrunner.execution.JUnitTestExecutor.execute(JUnitTestExecutor.java:263)
	at edu.illinois.cs.testrunner.execution.JUnitTestExecutor.executeWithJUnit4Runner(JUnitTestExecutor.java:331)
	at edu.illinois.cs.testrunner.execution.JUnitTestExecutor.runOrder(JUnitTestExecutor.java:53)
	at edu.illinois.cs.testrunner.execution.Executor$.$anonfun$run$1(Executor.scala:30)
	at scala.runtime.java8.JFunction0$mcV$sp.apply(JFunction0$mcV$sp.java:12)
	at scala.util.Try$.apply(Try.scala:209)
	at edu.illinois.cs.testrunner.execution.Executor$.run(Executor.scala:28)
	at edu.illinois.cs.testrunner.execution.Executor$.main(Executor.scala:18)
	at edu.illinois.cs.testrunner.execution.Executor.main(Executor.scala)
Caused by: java.io.IOException: error=2, No such file or directory
	at java.lang.UNIXProcess.forkAndExec(Native Method)
	at java.lang.UNIXProcess.<init>(UNIXProcess.java:247)
	at java.lang.ProcessImpl.start(ProcessImpl.java:134)
	at java.lang.ProcessBuilder.start(ProcessBuilder.java:1029)
	... 45 more
Failing order results: ERROR
$$$$$$$$$$$testPassOrder_full: /home/lichengpeng/spring-holiday/iFixPlus/scripts_new/projectsInstall/projects/jnr/jnr-posix
dtl!!!!!!!!!!!
testFailOrder_full1 : jnr.posix.NlLanginfoTest.testNlLanginfo
args: /home/lichengpeng/spring-holiday/iFixPlus/scripts_ifixplus/xmls/jnr/jnr-posix/jnr.posix.NlLanginfoTest.testNlLanginfo,/home/lichengpeng/spring-holiday/iFixPlus/scripts_ifixplus/subxmls/jnr/jnr-posix/jnr.posix.NlLanginfoTest.testNlLanginfo,/home/lichengpeng/spring-holiday/iFixPlus/scripts_ifixplus/roots/jnr/jnr-posix/jnr.posix.NlLanginfoTest.testNlLanginfo,/home/lichengpeng/spring-holiday/iFixPlus/scripts_ifixplus/pkg/jnr/jnr-posix/jnr.posix.NlLanginfoTest.testNlLanginfo/package-filter,/home/lichengpeng/spring-holiday/iFixPlus/scripts_ifixplus/diffs/jnr/jnr-posix/jnr.posix.NlLanginfoTest.testNlLanginfo,jnr/jnr-posix,jnr.posix.NlLanginfoTest.testNlLanginfo,/home/lichengpeng/spring-holiday/iFixPlus/scripts_ifixplus/output/result.csv,/home/lichengpeng/spring-holiday/iFixPlus/scripts_ifixplus/allFields/jnr/jnr-posix/jnr.posix.NlLanginfoTest.testNlLanginfo,/home/lichengpeng/spring-holiday/iFixPlus/scripts_ifixplus/diffFields/jnr/jnr-posix/jnr.posix.NlLanginfoTest.testNlLanginfo,/home/lichengpeng/spring-holiday/iFixPlus/scripts_ifixplus/subdiffs/jnr/jnr-posix/jnr.posix.NlLanginfoTest.testNlLanginfo,/home/lichengpeng/spring-holiday/iFixPlus/scripts_ifixplus/tmp,/home/lichengpeng/spring-holiday/iFixPlus/scripts_ifixplus/reflection/jnr/jnr-posix/jnr.posix.NlLanginfoTest.testNlLanginfo
targetTestName: jnr.posix.NlLanginfoTest.testNlLanginfo
testStarted end!!
Successfully loaded native POSIX impl.
passing order results: PASS
$$$$$$$$$$$testPassOrder_full: /home/lichengpeng/spring-holiday/iFixPlus/scripts_new/projectsInstall/projects/jnr/jnr-posix
dtl!!!!!!!!!!!
testFailOrder_full1 : jnr.posix.NlLanginfoTest.testNlLanginfo
args: /home/lichengpeng/spring-holiday/iFixPlus/scripts_ifixplus/xmls/jnr/jnr-posix/jnr.posix.NlLanginfoTest.testNlLanginfo,/home/lichengpeng/spring-holiday/iFixPlus/scripts_ifixplus/subxmls/jnr/jnr-posix/jnr.posix.NlLanginfoTest.testNlLanginfo,/home/lichengpeng/spring-holiday/iFixPlus/scripts_ifixplus/roots/jnr/jnr-posix/jnr.posix.NlLanginfoTest.testNlLanginfo,/home/lichengpeng/spring-holiday/iFixPlus/scripts_ifixplus/pkg/jnr/jnr-posix/jnr.posix.NlLanginfoTest.testNlLanginfo/package-filter,/home/lichengpeng/spring-holiday/iFixPlus/scripts_ifixplus/diffs/jnr/jnr-posix/jnr.posix.NlLanginfoTest.testNlLanginfo,jnr/jnr-posix,jnr.posix.NlLanginfoTest.testNlLanginfo,/home/lichengpeng/spring-holiday/iFixPlus/scripts_ifixplus/output/result.csv,/home/lichengpeng/spring-holiday/iFixPlus/scripts_ifixplus/allFields/jnr/jnr-posix/jnr.posix.NlLanginfoTest.testNlLanginfo,/home/lichengpeng/spring-holiday/iFixPlus/scripts_ifixplus/diffFields/jnr/jnr-posix/jnr.posix.NlLanginfoTest.testNlLanginfo,/home/lichengpeng/spring-holiday/iFixPlus/scripts_ifixplus/subdiffs/jnr/jnr-posix/jnr.posix.NlLanginfoTest.testNlLanginfo,/home/lichengpeng/spring-holiday/iFixPlus/scripts_ifixplus/tmp,/home/lichengpeng/spring-holiday/iFixPlus/scripts_ifixplus/reflection/jnr/jnr-posix/jnr.posix.NlLanginfoTest.testNlLanginfo
targetTestName: jnr.posix.NlLanginfoTest.testNlLanginfo
testStarted end!!
Successfully loaded native POSIX impl.
passing order results: PASS
$$$$$$$$$$$testPassOrder_full: /home/lichengpeng/spring-holiday/iFixPlus/scripts_new/projectsInstall/projects/jnr/jnr-posix
dtl!!!!!!!!!!!
testFailOrder_full1 : jnr.posix.NlLanginfoTest.testNlLanginfo
args: /home/lichengpeng/spring-holiday/iFixPlus/scripts_ifixplus/xmls/jnr/jnr-posix/jnr.posix.NlLanginfoTest.testNlLanginfo,/home/lichengpeng/spring-holiday/iFixPlus/scripts_ifixplus/subxmls/jnr/jnr-posix/jnr.posix.NlLanginfoTest.testNlLanginfo,/home/lichengpeng/spring-holiday/iFixPlus/scripts_ifixplus/roots/jnr/jnr-posix/jnr.posix.NlLanginfoTest.testNlLanginfo,/home/lichengpeng/spring-holiday/iFixPlus/scripts_ifixplus/pkg/jnr/jnr-posix/jnr.posix.NlLanginfoTest.testNlLanginfo/package-filter,/home/lichengpeng/spring-holiday/iFixPlus/scripts_ifixplus/diffs/jnr/jnr-posix/jnr.posix.NlLanginfoTest.testNlLanginfo,jnr/jnr-posix,jnr.posix.NlLanginfoTest.testNlLanginfo,/home/lichengpeng/spring-holiday/iFixPlus/scripts_ifixplus/output/result.csv,/home/lichengpeng/spring-holiday/iFixPlus/scripts_ifixplus/allFields/jnr/jnr-posix/jnr.posix.NlLanginfoTest.testNlLanginfo,/home/lichengpeng/spring-holiday/iFixPlus/scripts_ifixplus/diffFields/jnr/jnr-posix/jnr.posix.NlLanginfoTest.testNlLanginfo,/home/lichengpeng/spring-holiday/iFixPlus/scripts_ifixplus/subdiffs/jnr/jnr-posix/jnr.posix.NlLanginfoTest.testNlLanginfo,/home/lichengpeng/spring-holiday/iFixPlus/scripts_ifixplus/tmp,/home/lichengpeng/spring-holiday/iFixPlus/scripts_ifixplus/reflection/jnr/jnr-posix/jnr.posix.NlLanginfoTest.testNlLanginfo
targetTestName: jnr.posix.NlLanginfoTest.testNlLanginfo
testStarted end!!
Successfully loaded native POSIX impl.
passing order results: PASS
$$$$$$$$$$$testPassOrder_full: /home/lichengpeng/spring-holiday/iFixPlus/scripts_new/projectsInstall/projects/jnr/jnr-posix
dtl!!!!!!!!!!!
testFailOrder_full1 : jnr.posix.NlLanginfoTest.testNlLanginfo
args: /home/lichengpeng/spring-holiday/iFixPlus/scripts_ifixplus/xmls/jnr/jnr-posix/jnr.posix.NlLanginfoTest.testNlLanginfo,/home/lichengpeng/spring-holiday/iFixPlus/scripts_ifixplus/subxmls/jnr/jnr-posix/jnr.posix.NlLanginfoTest.testNlLanginfo,/home/lichengpeng/spring-holiday/iFixPlus/scripts_ifixplus/roots/jnr/jnr-posix/jnr.posix.NlLanginfoTest.testNlLanginfo,/home/lichengpeng/spring-holiday/iFixPlus/scripts_ifixplus/pkg/jnr/jnr-posix/jnr.posix.NlLanginfoTest.testNlLanginfo/package-filter,/home/lichengpeng/spring-holiday/iFixPlus/scripts_ifixplus/diffs/jnr/jnr-posix/jnr.posix.NlLanginfoTest.testNlLanginfo,jnr/jnr-posix,jnr.posix.NlLanginfoTest.testNlLanginfo,/home/lichengpeng/spring-holiday/iFixPlus/scripts_ifixplus/output/result.csv,/home/lichengpeng/spring-holiday/iFixPlus/scripts_ifixplus/allFields/jnr/jnr-posix/jnr.posix.NlLanginfoTest.testNlLanginfo,/home/lichengpeng/spring-holiday/iFixPlus/scripts_ifixplus/diffFields/jnr/jnr-posix/jnr.posix.NlLanginfoTest.testNlLanginfo,/home/lichengpeng/spring-holiday/iFixPlus/scripts_ifixplus/subdiffs/jnr/jnr-posix/jnr.posix.NlLanginfoTest.testNlLanginfo,/home/lichengpeng/spring-holiday/iFixPlus/scripts_ifixplus/tmp,/home/lichengpeng/spring-holiday/iFixPlus/scripts_ifixplus/reflection/jnr/jnr-posix/jnr.posix.NlLanginfoTest.testNlLanginfo
targetTestName: jnr.posix.NlLanginfoTest.testNlLanginfo
testStarted end!!
Successfully loaded native POSIX impl.
passing order results: PASS
$$$$$$$$$$$testPassOrder_full: /home/lichengpeng/spring-holiday/iFixPlus/scripts_new/projectsInstall/projects/jnr/jnr-posix
dtl!!!!!!!!!!!
testFailOrder_full1 : jnr.posix.NlLanginfoTest.testNlLanginfo
args: /home/lichengpeng/spring-holiday/iFixPlus/scripts_ifixplus/xmls/jnr/jnr-posix/jnr.posix.NlLanginfoTest.testNlLanginfo,/home/lichengpeng/spring-holiday/iFixPlus/scripts_ifixplus/subxmls/jnr/jnr-posix/jnr.posix.NlLanginfoTest.testNlLanginfo,/home/lichengpeng/spring-holiday/iFixPlus/scripts_ifixplus/roots/jnr/jnr-posix/jnr.posix.NlLanginfoTest.testNlLanginfo,/home/lichengpeng/spring-holiday/iFixPlus/scripts_ifixplus/pkg/jnr/jnr-posix/jnr.posix.NlLanginfoTest.testNlLanginfo/package-filter,/home/lichengpeng/spring-holiday/iFixPlus/scripts_ifixplus/diffs/jnr/jnr-posix/jnr.posix.NlLanginfoTest.testNlLanginfo,jnr/jnr-posix,jnr.posix.NlLanginfoTest.testNlLanginfo,/home/lichengpeng/spring-holiday/iFixPlus/scripts_ifixplus/output/result.csv,/home/lichengpeng/spring-holiday/iFixPlus/scripts_ifixplus/allFields/jnr/jnr-posix/jnr.posix.NlLanginfoTest.testNlLanginfo,/home/lichengpeng/spring-holiday/iFixPlus/scripts_ifixplus/diffFields/jnr/jnr-posix/jnr.posix.NlLanginfoTest.testNlLanginfo,/home/lichengpeng/spring-holiday/iFixPlus/scripts_ifixplus/subdiffs/jnr/jnr-posix/jnr.posix.NlLanginfoTest.testNlLanginfo,/home/lichengpeng/spring-holiday/iFixPlus/scripts_ifixplus/tmp,/home/lichengpeng/spring-holiday/iFixPlus/scripts_ifixplus/reflection/jnr/jnr-posix/jnr.posix.NlLanginfoTest.testNlLanginfo
targetTestName: jnr.posix.NlLanginfoTest.testNlLanginfo
testStarted end!!
Successfully loaded native POSIX impl.
passing order results: PASS
$$$$$$$$$$$testPassOrder_full: /home/lichengpeng/spring-holiday/iFixPlus/scripts_new/projectsInstall/projects/jnr/jnr-posix
dtl!!!!!!!!!!!
testFailOrder_full1 : jnr.posix.NlLanginfoTest.testNlLanginfo
args: /home/lichengpeng/spring-holiday/iFixPlus/scripts_ifixplus/xmls/jnr/jnr-posix/jnr.posix.NlLanginfoTest.testNlLanginfo,/home/lichengpeng/spring-holiday/iFixPlus/scripts_ifixplus/subxmls/jnr/jnr-posix/jnr.posix.NlLanginfoTest.testNlLanginfo,/home/lichengpeng/spring-holiday/iFixPlus/scripts_ifixplus/roots/jnr/jnr-posix/jnr.posix.NlLanginfoTest.testNlLanginfo,/home/lichengpeng/spring-holiday/iFixPlus/scripts_ifixplus/pkg/jnr/jnr-posix/jnr.posix.NlLanginfoTest.testNlLanginfo/package-filter,/home/lichengpeng/spring-holiday/iFixPlus/scripts_ifixplus/diffs/jnr/jnr-posix/jnr.posix.NlLanginfoTest.testNlLanginfo,jnr/jnr-posix,jnr.posix.NlLanginfoTest.testNlLanginfo,/home/lichengpeng/spring-holiday/iFixPlus/scripts_ifixplus/output/result.csv,/home/lichengpeng/spring-holiday/iFixPlus/scripts_ifixplus/allFields/jnr/jnr-posix/jnr.posix.NlLanginfoTest.testNlLanginfo,/home/lichengpeng/spring-holiday/iFixPlus/scripts_ifixplus/diffFields/jnr/jnr-posix/jnr.posix.NlLanginfoTest.testNlLanginfo,/home/lichengpeng/spring-holiday/iFixPlus/scripts_ifixplus/subdiffs/jnr/jnr-posix/jnr.posix.NlLanginfoTest.testNlLanginfo,/home/lichengpeng/spring-holiday/iFixPlus/scripts_ifixplus/tmp,/home/lichengpeng/spring-holiday/iFixPlus/scripts_ifixplus/reflection/jnr/jnr-posix/jnr.posix.NlLanginfoTest.testNlLanginfo
targetTestName: jnr.posix.NlLanginfoTest.testNlLanginfo
testStarted end!!
Successfully loaded native POSIX impl.
passing order results: PASS
$$$$$$$$$$$testPassOrder_full: /home/lichengpeng/spring-holiday/iFixPlus/scripts_new/projectsInstall/projects/jnr/jnr-posix
dtl!!!!!!!!!!!
testFailOrder_full1 : jnr.posix.NlLanginfoTest.testNlLanginfo
args: /home/lichengpeng/spring-holiday/iFixPlus/scripts_ifixplus/xmls/jnr/jnr-posix/jnr.posix.NlLanginfoTest.testNlLanginfo,/home/lichengpeng/spring-holiday/iFixPlus/scripts_ifixplus/subxmls/jnr/jnr-posix/jnr.posix.NlLanginfoTest.testNlLanginfo,/home/lichengpeng/spring-holiday/iFixPlus/scripts_ifixplus/roots/jnr/jnr-posix/jnr.posix.NlLanginfoTest.testNlLanginfo,/home/lichengpeng/spring-holiday/iFixPlus/scripts_ifixplus/pkg/jnr/jnr-posix/jnr.posix.NlLanginfoTest.testNlLanginfo/package-filter,/home/lichengpeng/spring-holiday/iFixPlus/scripts_ifixplus/diffs/jnr/jnr-posix/jnr.posix.NlLanginfoTest.testNlLanginfo,jnr/jnr-posix,jnr.posix.NlLanginfoTest.testNlLanginfo,/home/lichengpeng/spring-holiday/iFixPlus/scripts_ifixplus/output/result.csv,/home/lichengpeng/spring-holiday/iFixPlus/scripts_ifixplus/allFields/jnr/jnr-posix/jnr.posix.NlLanginfoTest.testNlLanginfo,/home/lichengpeng/spring-holiday/iFixPlus/scripts_ifixplus/diffFields/jnr/jnr-posix/jnr.posix.NlLanginfoTest.testNlLanginfo,/home/lichengpeng/spring-holiday/iFixPlus/scripts_ifixplus/subdiffs/jnr/jnr-posix/jnr.posix.NlLanginfoTest.testNlLanginfo,/home/lichengpeng/spring-holiday/iFixPlus/scripts_ifixplus/tmp,/home/lichengpeng/spring-holiday/iFixPlus/scripts_ifixplus/reflection/jnr/jnr-posix/jnr.posix.NlLanginfoTest.testNlLanginfo
targetTestName: jnr.posix.NlLanginfoTest.testNlLanginfo
testStarted end!!
Successfully loaded native POSIX impl.
passing order results: PASS
$$$$$$$$$$$testPassOrder_full: /home/lichengpeng/spring-holiday/iFixPlus/scripts_new/projectsInstall/projects/jnr/jnr-posix
dtl!!!!!!!!!!!
testFailOrder_full1 : jnr.posix.NlLanginfoTest.testNlLanginfo
args: /home/lichengpeng/spring-holiday/iFixPlus/scripts_ifixplus/xmls/jnr/jnr-posix/jnr.posix.NlLanginfoTest.testNlLanginfo,/home/lichengpeng/spring-holiday/iFixPlus/scripts_ifixplus/subxmls/jnr/jnr-posix/jnr.posix.NlLanginfoTest.testNlLanginfo,/home/lichengpeng/spring-holiday/iFixPlus/scripts_ifixplus/roots/jnr/jnr-posix/jnr.posix.NlLanginfoTest.testNlLanginfo,/home/lichengpeng/spring-holiday/iFixPlus/scripts_ifixplus/pkg/jnr/jnr-posix/jnr.posix.NlLanginfoTest.testNlLanginfo/package-filter,/home/lichengpeng/spring-holiday/iFixPlus/scripts_ifixplus/diffs/jnr/jnr-posix/jnr.posix.NlLanginfoTest.testNlLanginfo,jnr/jnr-posix,jnr.posix.NlLanginfoTest.testNlLanginfo,/home/lichengpeng/spring-holiday/iFixPlus/scripts_ifixplus/output/result.csv,/home/lichengpeng/spring-holiday/iFixPlus/scripts_ifixplus/allFields/jnr/jnr-posix/jnr.posix.NlLanginfoTest.testNlLanginfo,/home/lichengpeng/spring-holiday/iFixPlus/scripts_ifixplus/diffFields/jnr/jnr-posix/jnr.posix.NlLanginfoTest.testNlLanginfo,/home/lichengpeng/spring-holiday/iFixPlus/scripts_ifixplus/subdiffs/jnr/jnr-posix/jnr.posix.NlLanginfoTest.testNlLanginfo,/home/lichengpeng/spring-holiday/iFixPlus/scripts_ifixplus/tmp,/home/lichengpeng/spring-holiday/iFixPlus/scripts_ifixplus/reflection/jnr/jnr-posix/jnr.posix.NlLanginfoTest.testNlLanginfo
targetTestName: jnr.posix.NlLanginfoTest.testNlLanginfo
testStarted end!!
Successfully loaded native POSIX impl.
passing order results: PASS
$$$$$$$$$$$testPassOrder_full: /home/lichengpeng/spring-holiday/iFixPlus/scripts_new/projectsInstall/projects/jnr/jnr-posix
dtl!!!!!!!!!!!
testFailOrder_full1 : jnr.posix.NlLanginfoTest.testNlLanginfo
args: /home/lichengpeng/spring-holiday/iFixPlus/scripts_ifixplus/xmls/jnr/jnr-posix/jnr.posix.NlLanginfoTest.testNlLanginfo,/home/lichengpeng/spring-holiday/iFixPlus/scripts_ifixplus/subxmls/jnr/jnr-posix/jnr.posix.NlLanginfoTest.testNlLanginfo,/home/lichengpeng/spring-holiday/iFixPlus/scripts_ifixplus/roots/jnr/jnr-posix/jnr.posix.NlLanginfoTest.testNlLanginfo,/home/lichengpeng/spring-holiday/iFixPlus/scripts_ifixplus/pkg/jnr/jnr-posix/jnr.posix.NlLanginfoTest.testNlLanginfo/package-filter,/home/lichengpeng/spring-holiday/iFixPlus/scripts_ifixplus/diffs/jnr/jnr-posix/jnr.posix.NlLanginfoTest.testNlLanginfo,jnr/jnr-posix,jnr.posix.NlLanginfoTest.testNlLanginfo,/home/lichengpeng/spring-holiday/iFixPlus/scripts_ifixplus/output/result.csv,/home/lichengpeng/spring-holiday/iFixPlus/scripts_ifixplus/allFields/jnr/jnr-posix/jnr.posix.NlLanginfoTest.testNlLanginfo,/home/lichengpeng/spring-holiday/iFixPlus/scripts_ifixplus/diffFields/jnr/jnr-posix/jnr.posix.NlLanginfoTest.testNlLanginfo,/home/lichengpeng/spring-holiday/iFixPlus/scripts_ifixplus/subdiffs/jnr/jnr-posix/jnr.posix.NlLanginfoTest.testNlLanginfo,/home/lichengpeng/spring-holiday/iFixPlus/scripts_ifixplus/tmp,/home/lichengpeng/spring-holiday/iFixPlus/scripts_ifixplus/reflection/jnr/jnr-posix/jnr.posix.NlLanginfoTest.testNlLanginfo
targetTestName: jnr.posix.NlLanginfoTest.testNlLanginfo
testStarted end!!
Successfully loaded native POSIX impl.
passing order results: PASS
$$$$$$$$$$$testPassOrder_full: /home/lichengpeng/spring-holiday/iFixPlus/scripts_new/projectsInstall/projects/jnr/jnr-posix
dtl!!!!!!!!!!!
testFailOrder_full1 : jnr.posix.NlLanginfoTest.testNlLanginfo
args: /home/lichengpeng/spring-holiday/iFixPlus/scripts_ifixplus/xmls/jnr/jnr-posix/jnr.posix.NlLanginfoTest.testNlLanginfo,/home/lichengpeng/spring-holiday/iFixPlus/scripts_ifixplus/subxmls/jnr/jnr-posix/jnr.posix.NlLanginfoTest.testNlLanginfo,/home/lichengpeng/spring-holiday/iFixPlus/scripts_ifixplus/roots/jnr/jnr-posix/jnr.posix.NlLanginfoTest.testNlLanginfo,/home/lichengpeng/spring-holiday/iFixPlus/scripts_ifixplus/pkg/jnr/jnr-posix/jnr.posix.NlLanginfoTest.testNlLanginfo/package-filter,/home/lichengpeng/spring-holiday/iFixPlus/scripts_ifixplus/diffs/jnr/jnr-posix/jnr.posix.NlLanginfoTest.testNlLanginfo,jnr/jnr-posix,jnr.posix.NlLanginfoTest.testNlLanginfo,/home/lichengpeng/spring-holiday/iFixPlus/scripts_ifixplus/output/result.csv,/home/lichengpeng/spring-holiday/iFixPlus/scripts_ifixplus/allFields/jnr/jnr-posix/jnr.posix.NlLanginfoTest.testNlLanginfo,/home/lichengpeng/spring-holiday/iFixPlus/scripts_ifixplus/diffFields/jnr/jnr-posix/jnr.posix.NlLanginfoTest.testNlLanginfo,/home/lichengpeng/spring-holiday/iFixPlus/scripts_ifixplus/subdiffs/jnr/jnr-posix/jnr.posix.NlLanginfoTest.testNlLanginfo,/home/lichengpeng/spring-holiday/iFixPlus/scripts_ifixplus/tmp,/home/lichengpeng/spring-holiday/iFixPlus/scripts_ifixplus/reflection/jnr/jnr-posix/jnr.posix.NlLanginfoTest.testNlLanginfo
targetTestName: jnr.posix.NlLanginfoTest.testNlLanginfo
testStarted end!!
Successfully loaded native POSIX impl.
passing order results: PASS
phase 0 ends
phase 1!!!
args: /home/lichengpeng/spring-holiday/iFixPlus/scripts_ifixplus/xmls/jnr/jnr-posix/jnr.posix.NlLanginfoTest.testNlLanginfo,/home/lichengpeng/spring-holiday/iFixPlus/scripts_ifixplus/subxmls/jnr/jnr-posix/jnr.posix.NlLanginfoTest.testNlLanginfo,/home/lichengpeng/spring-holiday/iFixPlus/scripts_ifixplus/roots/jnr/jnr-posix/jnr.posix.NlLanginfoTest.testNlLanginfo,/home/lichengpeng/spring-holiday/iFixPlus/scripts_ifixplus/pkg/jnr/jnr-posix/jnr.posix.NlLanginfoTest.testNlLanginfo/package-filter,/home/lichengpeng/spring-holiday/iFixPlus/scripts_ifixplus/diffs/jnr/jnr-posix/jnr.posix.NlLanginfoTest.testNlLanginfo,jnr/jnr-posix,jnr.posix.NlLanginfoTest.testNlLanginfo,/home/lichengpeng/spring-holiday/iFixPlus/scripts_ifixplus/output/result.csv,/home/lichengpeng/spring-holiday/iFixPlus/scripts_ifixplus/allFields/jnr/jnr-posix/jnr.posix.NlLanginfoTest.testNlLanginfo,/home/lichengpeng/spring-holiday/iFixPlus/scripts_ifixplus/diffFields/jnr/jnr-posix/jnr.posix.NlLanginfoTest.testNlLanginfo,/home/lichengpeng/spring-holiday/iFixPlus/scripts_ifixplus/subdiffs/jnr/jnr-posix/jnr.posix.NlLanginfoTest.testNlLanginfo,/home/lichengpeng/spring-holiday/iFixPlus/scripts_ifixplus/tmp,/home/lichengpeng/spring-holiday/iFixPlus/scripts_ifixplus/reflection/jnr/jnr-posix/jnr.posix.NlLanginfoTest.testNlLanginfo
targetTestName: jnr.posix.NlLanginfoTest.testNlLanginfo
testStarted end!!
Successfully loaded native POSIX impl.
testStarted end!!
Successfully loaded native POSIX impl.
PASS
phase 1 results: {jnr.posix.NlLanginfoTest.testNlLanginfo:0=TestResult(jnr.posix.NlLanginfoTest.testNlLanginfo,PASS,0.34798188,[Ljava.lang.StackTraceElement;@5740ff5e), jnr.posix.NlLanginfoTest.testNlLanginfo:1=TestResult(jnr.posix.NlLanginfoTest.testNlLanginfo,PASS,0.001553778,[Ljava.lang.StackTraceElement;@4a901445)}
finished phase 1!!
enter phase 2!!!
args: /home/lichengpeng/spring-holiday/iFixPlus/scripts_ifixplus/xmls/jnr/jnr-posix/jnr.posix.NlLanginfoTest.testNlLanginfo,/home/lichengpeng/spring-holiday/iFixPlus/scripts_ifixplus/subxmls/jnr/jnr-posix/jnr.posix.NlLanginfoTest.testNlLanginfo,/home/lichengpeng/spring-holiday/iFixPlus/scripts_ifixplus/roots/jnr/jnr-posix/jnr.posix.NlLanginfoTest.testNlLanginfo,/home/lichengpeng/spring-holiday/iFixPlus/scripts_ifixplus/pkg/jnr/jnr-posix/jnr.posix.NlLanginfoTest.testNlLanginfo/package-filter,/home/lichengpeng/spring-holiday/iFixPlus/scripts_ifixplus/diffs/jnr/jnr-posix/jnr.posix.NlLanginfoTest.testNlLanginfo,jnr/jnr-posix,jnr.posix.NlLanginfoTest.testNlLanginfo,/home/lichengpeng/spring-holiday/iFixPlus/scripts_ifixplus/output/result.csv,/home/lichengpeng/spring-holiday/iFixPlus/scripts_ifixplus/allFields/jnr/jnr-posix/jnr.posix.NlLanginfoTest.testNlLanginfo,/home/lichengpeng/spring-holiday/iFixPlus/scripts_ifixplus/diffFields/jnr/jnr-posix/jnr.posix.NlLanginfoTest.testNlLanginfo,/home/lichengpeng/spring-holiday/iFixPlus/scripts_ifixplus/subdiffs/jnr/jnr-posix/jnr.posix.NlLanginfoTest.testNlLanginfo,/home/lichengpeng/spring-holiday/iFixPlus/scripts_ifixplus/tmp,/home/lichengpeng/spring-holiday/iFixPlus/scripts_ifixplus/reflection/jnr/jnr-posix/jnr.posix.NlLanginfoTest.testNlLanginfo
targetTestName: jnr.posix.NlLanginfoTest.testNlLanginfo
testStarted end!!
Successfully loaded native POSIX impl.
MainAgent.targetTestName: jnr.posix.NlLanginfoTest.testNlLanginfo fullTestName: jnr.posix.NlLanginfoTest.testNlLanginfo
phase: 2
*****************fn: null
*****************fn: null
test listener at after !!!!!!!!! Capturing the states!!!!!!!!!!!!!
xmlFileName: 0
xmlFold: /home/lichengpeng/spring-holiday/iFixPlus/scripts_ifixplus/xmls/jnr/jnr-posix/jnr.posix.NlLanginfoTest.testNlLanginfo
@@@@@@@@@@testname:jnr.posix.NlLanginfoTest.testNlLanginfo
capture_real done!!
xmlFileName: 1
enter phase 4 before!!
$$$$$$$$$$$testFailOrder_full: /home/lichengpeng/spring-holiday/iFixPlus/scripts_new/projectsInstall/projects/jnr/jnr-posix
dtl!!!!!!!!!!!
testFailOrder_full1 : jnr.posix.NlLanginfoTest.testNlLanginfo
args: /home/lichengpeng/spring-holiday/iFixPlus/scripts_ifixplus/xmls/jnr/jnr-posix/jnr.posix.NlLanginfoTest.testNlLanginfo,/home/lichengpeng/spring-holiday/iFixPlus/scripts_ifixplus/subxmls/jnr/jnr-posix/jnr.posix.NlLanginfoTest.testNlLanginfo,/home/lichengpeng/spring-holiday/iFixPlus/scripts_ifixplus/roots/jnr/jnr-posix/jnr.posix.NlLanginfoTest.testNlLanginfo,/home/lichengpeng/spring-holiday/iFixPlus/scripts_ifixplus/pkg/jnr/jnr-posix/jnr.posix.NlLanginfoTest.testNlLanginfo/package-filter,/home/lichengpeng/spring-holiday/iFixPlus/scripts_ifixplus/diffs/jnr/jnr-posix/jnr.posix.NlLanginfoTest.testNlLanginfo,jnr/jnr-posix,jnr.posix.NlLanginfoTest.testNlLanginfo,/home/lichengpeng/spring-holiday/iFixPlus/scripts_ifixplus/output/result.csv,/home/lichengpeng/spring-holiday/iFixPlus/scripts_ifixplus/allFields/jnr/jnr-posix/jnr.posix.NlLanginfoTest.testNlLanginfo,/home/lichengpeng/spring-holiday/iFixPlus/scripts_ifixplus/diffFields/jnr/jnr-posix/jnr.posix.NlLanginfoTest.testNlLanginfo,/home/lichengpeng/spring-holiday/iFixPlus/scripts_ifixplus/subdiffs/jnr/jnr-posix/jnr.posix.NlLanginfoTest.testNlLanginfo,/home/lichengpeng/spring-holiday/iFixPlus/scripts_ifixplus/tmp,/home/lichengpeng/spring-holiday/iFixPlus/scripts_ifixplus/reflection/jnr/jnr-posix/jnr.posix.NlLanginfoTest.testNlLanginfo
targetTestName: jnr.posix.NlLanginfoTest.testNlLanginfo
Successfully loaded native POSIX impl.
*****************fn: null
*****************fn: null
MainAgent.targetTestName: jnr.posix.NlLanginfoTest.testNlLanginfo fullTestName: jnr.posix.NlLanginfoTest.testNlLanginfo
phase: 4
test listener!!!!!!!!! Capturing the states!!!!!!!!!!!!!
xmlFileName: 1
xmlFold: /home/lichengpeng/spring-holiday/iFixPlus/scripts_ifixplus/xmls/jnr/jnr-posix/jnr.posix.NlLanginfoTest.testNlLanginfo
@@@@@@@@@@testname:jnr.posix.NlLanginfoTest.testNlLanginfo
capture_real done!!
testStarted end!!
java.io.IOException: Cannot run program "locale": error=2, No such file or directory
	at java.lang.ProcessBuilder.start(ProcessBuilder.java:1048)
	at java.lang.Runtime.exec(Runtime.java:621)
	at java.lang.Runtime.exec(Runtime.java:451)
	at java.lang.Runtime.exec(Runtime.java:348)
	at jnr.posix.NlLanginfoTest.testNlLanginfo(NlLanginfoTest.java:28)
	at sun.reflect.NativeMethodAccessorImpl.invoke0(Native Method)
	at sun.reflect.NativeMethodAccessorImpl.invoke(NativeMethodAccessorImpl.java:62)
	at sun.reflect.DelegatingMethodAccessorImpl.invoke(DelegatingMethodAccessorImpl.java:43)
	at java.lang.reflect.Method.invoke(Method.java:498)
	at org.junit.runners.model.FrameworkMethod$1.runReflectiveCall(FrameworkMethod.java:59)
	at org.junit.internal.runners.model.ReflectiveCallable.run(ReflectiveCallable.java:12)
	at org.junit.runners.model.FrameworkMethod.invokeExplosively(FrameworkMethod.java:56)
	at org.junit.internal.runners.statements.InvokeMethod.evaluate(InvokeMethod.java:17)
	at org.junit.runners.ParentRunner$3.evaluate(ParentRunner.java:306)
	at org.junit.runners.BlockJUnit4ClassRunner$1.evaluate(BlockJUnit4ClassRunner.java:100)
	at org.junit.runners.ParentRunner.runLeaf(ParentRunner.java:366)
	at org.junit.runners.BlockJUnit4ClassRunner.runChild(BlockJUnit4ClassRunner.java:103)
	at org.junit.runners.BlockJUnit4ClassRunner.runChild(BlockJUnit4ClassRunner.java:63)
	at org.junit.runners.ParentRunner$4.run(ParentRunner.java:331)
	at org.junit.runners.ParentRunner$1.schedule(ParentRunner.java:79)
	at org.junit.runners.ParentRunner.runChildren(ParentRunner.java:329)
	at org.junit.runners.ParentRunner.access$100(ParentRunner.java:66)
	at org.junit.runners.ParentRunner$2.evaluate(ParentRunner.java:293)
	at org.junit.internal.runners.statements.RunBefores.evaluate(RunBefores.java:26)
	at org.junit.runners.ParentRunner$3.evaluate(ParentRunner.java:306)
	at org.junit.runners.ParentRunner.run(ParentRunner.java:413)
	at org.junit.runners.Suite.runChild(Suite.java:128)
	at org.junit.runners.Suite.runChild(Suite.java:27)
	at org.junit.runners.ParentRunner$4.run(ParentRunner.java:331)
	at org.junit.runners.ParentRunner$1.schedule(ParentRunner.java:79)
	at org.junit.runners.ParentRunner.runChildren(ParentRunner.java:329)
	at org.junit.runners.ParentRunner.access$100(ParentRunner.java:66)
	at org.junit.runners.ParentRunner$2.evaluate(ParentRunner.java:293)
	at org.junit.runners.ParentRunner$3.evaluate(ParentRunner.java:306)
	at org.junit.runners.ParentRunner.run(ParentRunner.java:413)
	at org.junit.runner.JUnitCore.run(JUnitCore.java:137)
	at org.junit.runner.JUnitCore.run(JUnitCore.java:115)
	at edu.illinois.cs.testrunner.execution.JUnitTestExecutor.execute(JUnitTestExecutor.java:263)
	at edu.illinois.cs.testrunner.execution.JUnitTestExecutor.executeWithJUnit4Runner(JUnitTestExecutor.java:331)
	at edu.illinois.cs.testrunner.execution.JUnitTestExecutor.runOrder(JUnitTestExecutor.java:53)
	at edu.illinois.cs.testrunner.execution.Executor$.$anonfun$run$1(Executor.scala:30)
	at scala.runtime.java8.JFunction0$mcV$sp.apply(JFunction0$mcV$sp.java:12)
	at scala.util.Try$.apply(Try.scala:209)
	at edu.illinois.cs.testrunner.execution.Executor$.run(Executor.scala:28)
	at edu.illinois.cs.testrunner.execution.Executor$.main(Executor.scala:18)
	at edu.illinois.cs.testrunner.execution.Executor.main(Executor.scala)
Caused by: java.io.IOException: error=2, No such file or directory
	at java.lang.UNIXProcess.forkAndExec(Native Method)
	at java.lang.UNIXProcess.<init>(UNIXProcess.java:247)
	at java.lang.ProcessImpl.start(ProcessImpl.java:134)
	at java.lang.ProcessBuilder.start(ProcessBuilder.java:1029)
	... 45 more
[ERROR]: No running time measured for test name 'Test mechanism.null'
[ERROR]: No running time measured for test name 'Test mechanism.null'
finish phase 4 before!!
enter phase 5!!!
xmlFileNum: 2
begining diff!!!!!!!!!!
doublevictim!!
args: /home/lichengpeng/spring-holiday/iFixPlus/scripts_ifixplus/xmls/jnr/jnr-posix/jnr.posix.NlLanginfoTest.testNlLanginfo,/home/lichengpeng/spring-holiday/iFixPlus/scripts_ifixplus/subxmls/jnr/jnr-posix/jnr.posix.NlLanginfoTest.testNlLanginfo,/home/lichengpeng/spring-holiday/iFixPlus/scripts_ifixplus/roots/jnr/jnr-posix/jnr.posix.NlLanginfoTest.testNlLanginfo,/home/lichengpeng/spring-holiday/iFixPlus/scripts_ifixplus/pkg/jnr/jnr-posix/jnr.posix.NlLanginfoTest.testNlLanginfo/package-filter,/home/lichengpeng/spring-holiday/iFixPlus/scripts_ifixplus/diffs/jnr/jnr-posix/jnr.posix.NlLanginfoTest.testNlLanginfo,jnr/jnr-posix,jnr.posix.NlLanginfoTest.testNlLanginfo,/home/lichengpeng/spring-holiday/iFixPlus/scripts_ifixplus/output/result.csv,/home/lichengpeng/spring-holiday/iFixPlus/scripts_ifixplus/allFields/jnr/jnr-posix/jnr.posix.NlLanginfoTest.testNlLanginfo,/home/lichengpeng/spring-holiday/iFixPlus/scripts_ifixplus/diffFields/jnr/jnr-posix/jnr.posix.NlLanginfoTest.testNlLanginfo,/home/lichengpeng/spring-holiday/iFixPlus/scripts_ifixplus/subdiffs/jnr/jnr-posix/jnr.posix.NlLanginfoTest.testNlLanginfo,/home/lichengpeng/spring-holiday/iFixPlus/scripts_ifixplus/tmp,/home/lichengpeng/spring-holiday/iFixPlus/scripts_ifixplus/reflection/jnr/jnr-posix/jnr.posix.NlLanginfoTest.testNlLanginfo
targetTestName: jnr.posix.NlLanginfoTest.testNlLanginfo
testStarted end!!
Successfully loaded native POSIX impl.
*****************fn: null
*****************fn: null
MainAgent.targetTestName: jnr.posix.NlLanginfoTest.testNlLanginfo fullTestName: jnr.posix.NlLanginfoTest.testNlLanginfo
phase: 5doublevic
test listener!!!!!!!!! diffing the fields in doublevictim order!!!!!!!!!!!!!
xmlFileName: 2
afterroot name in diffFields_filetered: com.kenai.jffi.Type.UINT
finish** afterroot name in diffFields_filetered!!!!
afterroot name in diffFields_filetered: com.kenai.jffi.Type.UINT32
finish** afterroot name in diffFields_filetered!!!!
afterroot name in diffFields_filetered: jnr.ffi.Runtime$SingletonHolder.SYSTEM_RUNTIME
finish** afterroot name in diffFields_filetered!!!!
afterroot name in diffFields_filetered: jnr.posix.POSIXFactory$DefaultLibCProvider$SingletonHolder.crypt
finish** afterroot name in diffFields_filetered!!!!
afterroot name in diffFields_filetered: jnr.ffi.provider.jffi.AbstractX86StubCompiler$StaticDataHolder.PAGES
finish** afterroot name in diffFields_filetered!!!!
afterroot name in diffFields_filetered: jnr.posix.NlLanginfoTest.posix
finish** afterroot name in diffFields_filetered!!!!
afterroot name in diffFields_filetered: com.kenai.jffi.Type.SINT32
finish** afterroot name in diffFields_filetered!!!!
afterroot name in diffFields_filetered: com.kenai.jffi.Type.SINT16
finish** afterroot name in diffFields_filetered!!!!
afterroot name in diffFields_filetered: jnr.posix.POSIXFactory$DefaultLibCProvider$SingletonHolder.libc
finish** afterroot name in diffFields_filetered!!!!
afterroot name in diffFields_filetered: jnr.ffi.provider.jffi.ToNativeOp.operations
finish** afterroot name in diffFields_filetered!!!!
afterroot name in diffFields_filetered: jnr.ffi.provider.jffi.AbstractFastNumericMethodGenerator.STRATEGY_ADDRESS_METHODS
finish** afterroot name in diffFields_filetered!!!!
afterroot name in diffFields_filetered: jnr.posix.WString.runtime
finish** afterroot name in diffFields_filetered!!!!
afterroot name in diffFields_filetered: com.kenai.jffi.Type.SINT
finish** afterroot name in diffFields_filetered!!!!
afterroot name in diffFields_filetered: jnr.ffi.provider.jffi.InvokerUtil.jffiTypes
finish** afterroot name in diffFields_filetered!!!!
afterroot name in diffFields_filetered: com.kenai.jffi.Type.POINTER
finish** afterroot name in diffFields_filetered!!!!
the field name jnr.posix.EnvTest.posix exists in the afterRoot but does not exist in the beforeRoot
afterroot name in diffFields_filetered: com.kenai.jffi.Library$DefaultLibrary.INSTANCE
finish** afterroot name in diffFields_filetered!!!!
afterroot name in diffFields_filetered: jnr.ffi.provider.FFIProvider$SystemProviderSingletonHolder.INSTANCE
finish** afterroot name in diffFields_filetered!!!!
afterroot name in diffFields_filetered: com.kenai.jffi.CallContextCache$SingletonHolder.INSTANCE
finish** afterroot name in diffFields_filetered!!!!
afterroot name in diffFields_filetered: com.kenai.jffi.Type.SLONG
finish** afterroot name in diffFields_filetered!!!!
afterroot name in diffFields_filetered: com.kenai.jffi.Type.SINT64
finish** afterroot name in diffFields_filetered!!!!
afterroot name in diffFields_filetered: com.kenai.jffi.Type.VOID
finish** afterroot name in diffFields_filetered!!!!
afterroot name in diffFields_filetered: com.kenai.jffi.Type.ULONG
finish** afterroot name in diffFields_filetered!!!!
afterroot name in diffFields_filetered: jnr.posix.LinuxFileStat64.layout
finish** afterroot name in diffFields_filetered!!!!
afterroot name in diffFields_filetered: com.kenai.jffi.NativeMethods.registeredMethods
finish** afterroot name in diffFields_filetered!!!!
afterroot name in diffFields_filetered: jnr.ffi.provider.jffi.NativeRuntime$SingletonHolder.INSTANCE
finish** afterroot name in diffFields_filetered!!!!
afterroot name in diffFields_filetered: com.kenai.jffi.Type.SLONG_LONG
finish** afterroot name in diffFields_filetered!!!!
afterroot name in diffFields_filetered: com.kenai.jffi.Type.SSHORT
finish** afterroot name in diffFields_filetered!!!!
afterroot name in diffFields_filetered: jnr.posix.NativeTimes.layout
finish** afterroot name in diffFields_filetered!!!!
creating diff file!!!!!!!!!!!!!
finish creating diff file!!!!!!!!!!!!!
diffing done!!
reflection begin!!

$$$$$$$$$$$testFailOrder_full: /home/lichengpeng/spring-holiday/iFixPlus/scripts_new/projectsInstall/projects/jnr/jnr-posix
dtl!!!!!!!!!!!
testFailOrder_full1 : jnr.posix.NlLanginfoTest.testNlLanginfo
diffFieldAfter jnr.posix.EnvTest.testSetenvOverwrite jnr.posix.NlLanginfoTest.posix
doing reflection%%%%%%%%%%%%%%%%%%%%%%%%%%%%%%%%%%
$$$$$$$$$$$testFailOrder_full: /home/lichengpeng/spring-holiday/iFixPlus/scripts_new/projectsInstall/projects/jnr/jnr-posix
dtl!!!!!!!!!!!
testFailOrder_full1 : jnr.posix.NlLanginfoTest.testNlLanginfo
args: /home/lichengpeng/spring-holiday/iFixPlus/scripts_ifixplus/xmls/jnr/jnr-posix/jnr.posix.NlLanginfoTest.testNlLanginfo,/home/lichengpeng/spring-holiday/iFixPlus/scripts_ifixplus/subxmls/jnr/jnr-posix/jnr.posix.NlLanginfoTest.testNlLanginfo,/home/lichengpeng/spring-holiday/iFixPlus/scripts_ifixplus/roots/jnr/jnr-posix/jnr.posix.NlLanginfoTest.testNlLanginfo,/home/lichengpeng/spring-holiday/iFixPlus/scripts_ifixplus/pkg/jnr/jnr-posix/jnr.posix.NlLanginfoTest.testNlLanginfo/package-filter,/home/lichengpeng/spring-holiday/iFixPlus/scripts_ifixplus/diffs/jnr/jnr-posix/jnr.posix.NlLanginfoTest.testNlLanginfo,jnr/jnr-posix,jnr.posix.NlLanginfoTest.testNlLanginfo,/home/lichengpeng/spring-holiday/iFixPlus/scripts_ifixplus/output/result.csv,/home/lichengpeng/spring-holiday/iFixPlus/scripts_ifixplus/allFields/jnr/jnr-posix/jnr.posix.NlLanginfoTest.testNlLanginfo,/home/lichengpeng/spring-holiday/iFixPlus/scripts_ifixplus/diffFields/jnr/jnr-posix/jnr.posix.NlLanginfoTest.testNlLanginfo,/home/lichengpeng/spring-holiday/iFixPlus/scripts_ifixplus/subdiffs/jnr/jnr-posix/jnr.posix.NlLanginfoTest.testNlLanginfo,/home/lichengpeng/spring-holiday/iFixPlus/scripts_ifixplus/tmp,/home/lichengpeng/spring-holiday/iFixPlus/scripts_ifixplus/reflection/jnr/jnr-posix/jnr.posix.NlLanginfoTest.testNlLanginfo
targetTestName: jnr.posix.NlLanginfoTest.testNlLanginfo
Successfully loaded native POSIX impl.
test listener at after!!!!!!!!! reflection on the states after!!!!!!!!!!!!!
*****************fn: null
*****************fn: null
xmlFileName: 2
field: jnr.posix.NlLanginfoTest.posix
error in xml deserialztion: com.thoughtworks.xstream.converters.ConversionException: 
---- Debugging information ----
cause-exception     : com.thoughtworks.xstream.mapper.CannotResolveClassException
cause-message       : jnr.posix.Crypt$jnr$ffi$1
class               : jnr.posix.LinuxPOSIX
required-type       : jnr.posix.LinuxPOSIX
converter-type      : com.thoughtworks.xstream.converters.reflection.ReflectionConverter
path                : /jnr.posix.LazyPOSIX/posix/posix/crypt
class[1]            : jnr.posix.CheckedPOSIX
required-type[1]    : jnr.posix.CheckedPOSIX
class[2]            : jnr.posix.LazyPOSIX
required-type[2]    : jnr.posix.LazyPOSIX
version             : 1.5.0-SNAPSHOT
-------------------------------
reflection done!!
testStarted end!!
java.io.IOException: Cannot run program "locale": error=2, No such file or directory
	at java.lang.ProcessBuilder.start(ProcessBuilder.java:1048)
	at java.lang.Runtime.exec(Runtime.java:621)
	at java.lang.Runtime.exec(Runtime.java:451)
	at java.lang.Runtime.exec(Runtime.java:348)
	at jnr.posix.NlLanginfoTest.testNlLanginfo(NlLanginfoTest.java:28)
	at sun.reflect.NativeMethodAccessorImpl.invoke0(Native Method)
	at sun.reflect.NativeMethodAccessorImpl.invoke(NativeMethodAccessorImpl.java:62)
	at sun.reflect.DelegatingMethodAccessorImpl.invoke(DelegatingMethodAccessorImpl.java:43)
	at java.lang.reflect.Method.invoke(Method.java:498)
	at org.junit.runners.model.FrameworkMethod$1.runReflectiveCall(FrameworkMethod.java:59)
	at org.junit.internal.runners.model.ReflectiveCallable.run(ReflectiveCallable.java:12)
	at org.junit.runners.model.FrameworkMethod.invokeExplosively(FrameworkMethod.java:56)
	at org.junit.internal.runners.statements.InvokeMethod.evaluate(InvokeMethod.java:17)
	at org.junit.runners.ParentRunner$3.evaluate(ParentRunner.java:306)
	at org.junit.runners.BlockJUnit4ClassRunner$1.evaluate(BlockJUnit4ClassRunner.java:100)
	at org.junit.runners.ParentRunner.runLeaf(ParentRunner.java:366)
	at org.junit.runners.BlockJUnit4ClassRunner.runChild(BlockJUnit4ClassRunner.java:103)
	at org.junit.runners.BlockJUnit4ClassRunner.runChild(BlockJUnit4ClassRunner.java:63)
	at org.junit.runners.ParentRunner$4.run(ParentRunner.java:331)
	at org.junit.runners.ParentRunner$1.schedule(ParentRunner.java:79)
	at org.junit.runners.ParentRunner.runChildren(ParentRunner.java:329)
	at org.junit.runners.ParentRunner.access$100(ParentRunner.java:66)
	at org.junit.runners.ParentRunner$2.evaluate(ParentRunner.java:293)
	at org.junit.internal.runners.statements.RunBefores.evaluate(RunBefores.java:26)
	at org.junit.runners.ParentRunner$3.evaluate(ParentRunner.java:306)
	at org.junit.runners.ParentRunner.run(ParentRunner.java:413)
	at org.junit.runners.Suite.runChild(Suite.java:128)
	at org.junit.runners.Suite.runChild(Suite.java:27)
	at org.junit.runners.ParentRunner$4.run(ParentRunner.java:331)
	at org.junit.runners.ParentRunner$1.schedule(ParentRunner.java:79)
	at org.junit.runners.ParentRunner.runChildren(ParentRunner.java:329)
	at org.junit.runners.ParentRunner.access$100(ParentRunner.java:66)
	at org.junit.runners.ParentRunner$2.evaluate(ParentRunner.java:293)
	at org.junit.runners.ParentRunner$3.evaluate(ParentRunner.java:306)
	at org.junit.runners.ParentRunner.run(ParentRunner.java:413)
	at org.junit.runner.JUnitCore.run(JUnitCore.java:137)
	at org.junit.runner.JUnitCore.run(JUnitCore.java:115)
	at edu.illinois.cs.testrunner.execution.JUnitTestExecutor.execute(JUnitTestExecutor.java:263)
	at edu.illinois.cs.testrunner.execution.JUnitTestExecutor.executeWithJUnit4Runner(JUnitTestExecutor.java:331)
	at edu.illinois.cs.testrunner.execution.JUnitTestExecutor.runOrder(JUnitTestExecutor.java:53)
	at edu.illinois.cs.testrunner.execution.Executor$.$anonfun$run$1(Executor.scala:30)
	at scala.runtime.java8.JFunction0$mcV$sp.apply(JFunction0$mcV$sp.java:12)
	at scala.util.Try$.apply(Try.scala:209)
	at edu.illinois.cs.testrunner.execution.Executor$.run(Executor.scala:28)
	at edu.illinois.cs.testrunner.execution.Executor$.main(Executor.scala:18)
	at edu.illinois.cs.testrunner.execution.Executor.main(Executor.scala)
Caused by: java.io.IOException: error=2, No such file or directory
	at java.lang.UNIXProcess.forkAndExec(Native Method)
	at java.lang.UNIXProcess.<init>(UNIXProcess.java:247)
	at java.lang.ProcessImpl.start(ProcessImpl.java:134)
	at java.lang.ProcessBuilder.start(ProcessBuilder.java:1029)
	... 45 more
diffFieldAfter jnr.posix.EnvTest.testSetenvOverwrite jnr.ffi.provider.jffi.NativeRuntime$SingletonHolder.INSTANCE
doing reflection%%%%%%%%%%%%%%%%%%%%%%%%%%%%%%%%%%
$$$$$$$$$$$testFailOrder_full: /home/lichengpeng/spring-holiday/iFixPlus/scripts_new/projectsInstall/projects/jnr/jnr-posix
dtl!!!!!!!!!!!
testFailOrder_full1 : jnr.posix.NlLanginfoTest.testNlLanginfo
args: /home/lichengpeng/spring-holiday/iFixPlus/scripts_ifixplus/xmls/jnr/jnr-posix/jnr.posix.NlLanginfoTest.testNlLanginfo,/home/lichengpeng/spring-holiday/iFixPlus/scripts_ifixplus/subxmls/jnr/jnr-posix/jnr.posix.NlLanginfoTest.testNlLanginfo,/home/lichengpeng/spring-holiday/iFixPlus/scripts_ifixplus/roots/jnr/jnr-posix/jnr.posix.NlLanginfoTest.testNlLanginfo,/home/lichengpeng/spring-holiday/iFixPlus/scripts_ifixplus/pkg/jnr/jnr-posix/jnr.posix.NlLanginfoTest.testNlLanginfo/package-filter,/home/lichengpeng/spring-holiday/iFixPlus/scripts_ifixplus/diffs/jnr/jnr-posix/jnr.posix.NlLanginfoTest.testNlLanginfo,jnr/jnr-posix,jnr.posix.NlLanginfoTest.testNlLanginfo,/home/lichengpeng/spring-holiday/iFixPlus/scripts_ifixplus/output/result.csv,/home/lichengpeng/spring-holiday/iFixPlus/scripts_ifixplus/allFields/jnr/jnr-posix/jnr.posix.NlLanginfoTest.testNlLanginfo,/home/lichengpeng/spring-holiday/iFixPlus/scripts_ifixplus/diffFields/jnr/jnr-posix/jnr.posix.NlLanginfoTest.testNlLanginfo,/home/lichengpeng/spring-holiday/iFixPlus/scripts_ifixplus/subdiffs/jnr/jnr-posix/jnr.posix.NlLanginfoTest.testNlLanginfo,/home/lichengpeng/spring-holiday/iFixPlus/scripts_ifixplus/tmp,/home/lichengpeng/spring-holiday/iFixPlus/scripts_ifixplus/reflection/jnr/jnr-posix/jnr.posix.NlLanginfoTest.testNlLanginfo
targetTestName: jnr.posix.NlLanginfoTest.testNlLanginfo
Successfully loaded native POSIX impl.
test listener at after!!!!!!!!! reflection on the states after!!!!!!!!!!!!!
*****************fn: null
*****************fn: null
xmlFileName: 2
field: jnr.ffi.provider.jffi.NativeRuntime$SingletonHolder.INSTANCE
set!!!
reflection done!!
testStarted end!!
java.io.IOException: Cannot run program "locale": error=2, No such file or directory
	at java.lang.ProcessBuilder.start(ProcessBuilder.java:1048)
	at java.lang.Runtime.exec(Runtime.java:621)
	at java.lang.Runtime.exec(Runtime.java:451)
	at java.lang.Runtime.exec(Runtime.java:348)
	at jnr.posix.NlLanginfoTest.testNlLanginfo(NlLanginfoTest.java:28)
	at sun.reflect.NativeMethodAccessorImpl.invoke0(Native Method)
	at sun.reflect.NativeMethodAccessorImpl.invoke(NativeMethodAccessorImpl.java:62)
	at sun.reflect.DelegatingMethodAccessorImpl.invoke(DelegatingMethodAccessorImpl.java:43)
	at java.lang.reflect.Method.invoke(Method.java:498)
	at org.junit.runners.model.FrameworkMethod$1.runReflectiveCall(FrameworkMethod.java:59)
	at org.junit.internal.runners.model.ReflectiveCallable.run(ReflectiveCallable.java:12)
	at org.junit.runners.model.FrameworkMethod.invokeExplosively(FrameworkMethod.java:56)
	at org.junit.internal.runners.statements.InvokeMethod.evaluate(InvokeMethod.java:17)
	at org.junit.runners.ParentRunner$3.evaluate(ParentRunner.java:306)
	at org.junit.runners.BlockJUnit4ClassRunner$1.evaluate(BlockJUnit4ClassRunner.java:100)
	at org.junit.runners.ParentRunner.runLeaf(ParentRunner.java:366)
	at org.junit.runners.BlockJUnit4ClassRunner.runChild(BlockJUnit4ClassRunner.java:103)
	at org.junit.runners.BlockJUnit4ClassRunner.runChild(BlockJUnit4ClassRunner.java:63)
	at org.junit.runners.ParentRunner$4.run(ParentRunner.java:331)
	at org.junit.runners.ParentRunner$1.schedule(ParentRunner.java:79)
	at org.junit.runners.ParentRunner.runChildren(ParentRunner.java:329)
	at org.junit.runners.ParentRunner.access$100(ParentRunner.java:66)
	at org.junit.runners.ParentRunner$2.evaluate(ParentRunner.java:293)
	at org.junit.internal.runners.statements.RunBefores.evaluate(RunBefores.java:26)
	at org.junit.runners.ParentRunner$3.evaluate(ParentRunner.java:306)
	at org.junit.runners.ParentRunner.run(ParentRunner.java:413)
	at org.junit.runners.Suite.runChild(Suite.java:128)
	at org.junit.runners.Suite.runChild(Suite.java:27)
	at org.junit.runners.ParentRunner$4.run(ParentRunner.java:331)
	at org.junit.runners.ParentRunner$1.schedule(ParentRunner.java:79)
	at org.junit.runners.ParentRunner.runChildren(ParentRunner.java:329)
	at org.junit.runners.ParentRunner.access$100(ParentRunner.java:66)
	at org.junit.runners.ParentRunner$2.evaluate(ParentRunner.java:293)
	at org.junit.runners.ParentRunner$3.evaluate(ParentRunner.java:306)
	at org.junit.runners.ParentRunner.run(ParentRunner.java:413)
	at org.junit.runner.JUnitCore.run(JUnitCore.java:137)
	at org.junit.runner.JUnitCore.run(JUnitCore.java:115)
	at edu.illinois.cs.testrunner.execution.JUnitTestExecutor.execute(JUnitTestExecutor.java:263)
	at edu.illinois.cs.testrunner.execution.JUnitTestExecutor.executeWithJUnit4Runner(JUnitTestExecutor.java:331)
	at edu.illinois.cs.testrunner.execution.JUnitTestExecutor.runOrder(JUnitTestExecutor.java:53)
	at edu.illinois.cs.testrunner.execution.Executor$.$anonfun$run$1(Executor.scala:30)
	at scala.runtime.java8.JFunction0$mcV$sp.apply(JFunction0$mcV$sp.java:12)
	at scala.util.Try$.apply(Try.scala:209)
	at edu.illinois.cs.testrunner.execution.Executor$.run(Executor.scala:28)
	at edu.illinois.cs.testrunner.execution.Executor$.main(Executor.scala:18)
	at edu.illinois.cs.testrunner.execution.Executor.main(Executor.scala)
Caused by: java.io.IOException: error=2, No such file or directory
	at java.lang.UNIXProcess.forkAndExec(Native Method)
	at java.lang.UNIXProcess.<init>(UNIXProcess.java:247)
	at java.lang.ProcessImpl.start(ProcessImpl.java:134)
	at java.lang.ProcessBuilder.start(ProcessBuilder.java:1029)
	... 45 more
diffFieldAfter jnr.posix.EnvTest.testSetenvOverwrite jnr.posix.POSIXFactory$DefaultLibCProvider$SingletonHolder.libc
doing reflection%%%%%%%%%%%%%%%%%%%%%%%%%%%%%%%%%%
$$$$$$$$$$$testFailOrder_full: /home/lichengpeng/spring-holiday/iFixPlus/scripts_new/projectsInstall/projects/jnr/jnr-posix
dtl!!!!!!!!!!!
testFailOrder_full1 : jnr.posix.NlLanginfoTest.testNlLanginfo
args: /home/lichengpeng/spring-holiday/iFixPlus/scripts_ifixplus/xmls/jnr/jnr-posix/jnr.posix.NlLanginfoTest.testNlLanginfo,/home/lichengpeng/spring-holiday/iFixPlus/scripts_ifixplus/subxmls/jnr/jnr-posix/jnr.posix.NlLanginfoTest.testNlLanginfo,/home/lichengpeng/spring-holiday/iFixPlus/scripts_ifixplus/roots/jnr/jnr-posix/jnr.posix.NlLanginfoTest.testNlLanginfo,/home/lichengpeng/spring-holiday/iFixPlus/scripts_ifixplus/pkg/jnr/jnr-posix/jnr.posix.NlLanginfoTest.testNlLanginfo/package-filter,/home/lichengpeng/spring-holiday/iFixPlus/scripts_ifixplus/diffs/jnr/jnr-posix/jnr.posix.NlLanginfoTest.testNlLanginfo,jnr/jnr-posix,jnr.posix.NlLanginfoTest.testNlLanginfo,/home/lichengpeng/spring-holiday/iFixPlus/scripts_ifixplus/output/result.csv,/home/lichengpeng/spring-holiday/iFixPlus/scripts_ifixplus/allFields/jnr/jnr-posix/jnr.posix.NlLanginfoTest.testNlLanginfo,/home/lichengpeng/spring-holiday/iFixPlus/scripts_ifixplus/diffFields/jnr/jnr-posix/jnr.posix.NlLanginfoTest.testNlLanginfo,/home/lichengpeng/spring-holiday/iFixPlus/scripts_ifixplus/subdiffs/jnr/jnr-posix/jnr.posix.NlLanginfoTest.testNlLanginfo,/home/lichengpeng/spring-holiday/iFixPlus/scripts_ifixplus/tmp,/home/lichengpeng/spring-holiday/iFixPlus/scripts_ifixplus/reflection/jnr/jnr-posix/jnr.posix.NlLanginfoTest.testNlLanginfo
targetTestName: jnr.posix.NlLanginfoTest.testNlLanginfo
Successfully loaded native POSIX impl.
test listener at after!!!!!!!!! reflection on the states after!!!!!!!!!!!!!
*****************fn: null
*****************fn: null
xmlFileName: 2
field: jnr.posix.POSIXFactory$DefaultLibCProvider$SingletonHolder.libc
error in xml deserialztion: com.thoughtworks.xstream.mapper.CannotResolveClassException: jnr.posix.LinuxLibC$jnr$ffi$0
reflection done!!
testStarted end!!
java.io.IOException: Cannot run program "locale": error=2, No such file or directory
	at java.lang.ProcessBuilder.start(ProcessBuilder.java:1048)
	at java.lang.Runtime.exec(Runtime.java:621)
	at java.lang.Runtime.exec(Runtime.java:451)
	at java.lang.Runtime.exec(Runtime.java:348)
	at jnr.posix.NlLanginfoTest.testNlLanginfo(NlLanginfoTest.java:28)
	at sun.reflect.NativeMethodAccessorImpl.invoke0(Native Method)
	at sun.reflect.NativeMethodAccessorImpl.invoke(NativeMethodAccessorImpl.java:62)
	at sun.reflect.DelegatingMethodAccessorImpl.invoke(DelegatingMethodAccessorImpl.java:43)
	at java.lang.reflect.Method.invoke(Method.java:498)
	at org.junit.runners.model.FrameworkMethod$1.runReflectiveCall(FrameworkMethod.java:59)
	at org.junit.internal.runners.model.ReflectiveCallable.run(ReflectiveCallable.java:12)
	at org.junit.runners.model.FrameworkMethod.invokeExplosively(FrameworkMethod.java:56)
	at org.junit.internal.runners.statements.InvokeMethod.evaluate(InvokeMethod.java:17)
	at org.junit.runners.ParentRunner$3.evaluate(ParentRunner.java:306)
	at org.junit.runners.BlockJUnit4ClassRunner$1.evaluate(BlockJUnit4ClassRunner.java:100)
	at org.junit.runners.ParentRunner.runLeaf(ParentRunner.java:366)
	at org.junit.runners.BlockJUnit4ClassRunner.runChild(BlockJUnit4ClassRunner.java:103)
	at org.junit.runners.BlockJUnit4ClassRunner.runChild(BlockJUnit4ClassRunner.java:63)
	at org.junit.runners.ParentRunner$4.run(ParentRunner.java:331)
	at org.junit.runners.ParentRunner$1.schedule(ParentRunner.java:79)
	at org.junit.runners.ParentRunner.runChildren(ParentRunner.java:329)
	at org.junit.runners.ParentRunner.access$100(ParentRunner.java:66)
	at org.junit.runners.ParentRunner$2.evaluate(ParentRunner.java:293)
	at org.junit.internal.runners.statements.RunBefores.evaluate(RunBefores.java:26)
	at org.junit.runners.ParentRunner$3.evaluate(ParentRunner.java:306)
	at org.junit.runners.ParentRunner.run(ParentRunner.java:413)
	at org.junit.runners.Suite.runChild(Suite.java:128)
	at org.junit.runners.Suite.runChild(Suite.java:27)
	at org.junit.runners.ParentRunner$4.run(ParentRunner.java:331)
	at org.junit.runners.ParentRunner$1.schedule(ParentRunner.java:79)
	at org.junit.runners.ParentRunner.runChildren(ParentRunner.java:329)
	at org.junit.runners.ParentRunner.access$100(ParentRunner.java:66)
	at org.junit.runners.ParentRunner$2.evaluate(ParentRunner.java:293)
	at org.junit.runners.ParentRunner$3.evaluate(ParentRunner.java:306)
	at org.junit.runners.ParentRunner.run(ParentRunner.java:413)
	at org.junit.runner.JUnitCore.run(JUnitCore.java:137)
	at org.junit.runner.JUnitCore.run(JUnitCore.java:115)
	at edu.illinois.cs.testrunner.execution.JUnitTestExecutor.execute(JUnitTestExecutor.java:263)
	at edu.illinois.cs.testrunner.execution.JUnitTestExecutor.executeWithJUnit4Runner(JUnitTestExecutor.java:331)
	at edu.illinois.cs.testrunner.execution.JUnitTestExecutor.runOrder(JUnitTestExecutor.java:53)
	at edu.illinois.cs.testrunner.execution.Executor$.$anonfun$run$1(Executor.scala:30)
	at scala.runtime.java8.JFunction0$mcV$sp.apply(JFunction0$mcV$sp.java:12)
	at scala.util.Try$.apply(Try.scala:209)
	at edu.illinois.cs.testrunner.execution.Executor$.run(Executor.scala:28)
	at edu.illinois.cs.testrunner.execution.Executor$.main(Executor.scala:18)
	at edu.illinois.cs.testrunner.execution.Executor.main(Executor.scala)
Caused by: java.io.IOException: error=2, No such file or directory
	at java.lang.UNIXProcess.forkAndExec(Native Method)
	at java.lang.UNIXProcess.<init>(UNIXProcess.java:247)
	at java.lang.ProcessImpl.start(ProcessImpl.java:134)
	at java.lang.ProcessBuilder.start(ProcessBuilder.java:1029)
	... 45 more
diffFieldAfter jnr.posix.EnvTest.testSetenvOverwrite jnr.ffi.provider.jffi.ToNativeOp.operations
doing reflection%%%%%%%%%%%%%%%%%%%%%%%%%%%%%%%%%%
$$$$$$$$$$$testFailOrder_full: /home/lichengpeng/spring-holiday/iFixPlus/scripts_new/projectsInstall/projects/jnr/jnr-posix
dtl!!!!!!!!!!!
testFailOrder_full1 : jnr.posix.NlLanginfoTest.testNlLanginfo
args: /home/lichengpeng/spring-holiday/iFixPlus/scripts_ifixplus/xmls/jnr/jnr-posix/jnr.posix.NlLanginfoTest.testNlLanginfo,/home/lichengpeng/spring-holiday/iFixPlus/scripts_ifixplus/subxmls/jnr/jnr-posix/jnr.posix.NlLanginfoTest.testNlLanginfo,/home/lichengpeng/spring-holiday/iFixPlus/scripts_ifixplus/roots/jnr/jnr-posix/jnr.posix.NlLanginfoTest.testNlLanginfo,/home/lichengpeng/spring-holiday/iFixPlus/scripts_ifixplus/pkg/jnr/jnr-posix/jnr.posix.NlLanginfoTest.testNlLanginfo/package-filter,/home/lichengpeng/spring-holiday/iFixPlus/scripts_ifixplus/diffs/jnr/jnr-posix/jnr.posix.NlLanginfoTest.testNlLanginfo,jnr/jnr-posix,jnr.posix.NlLanginfoTest.testNlLanginfo,/home/lichengpeng/spring-holiday/iFixPlus/scripts_ifixplus/output/result.csv,/home/lichengpeng/spring-holiday/iFixPlus/scripts_ifixplus/allFields/jnr/jnr-posix/jnr.posix.NlLanginfoTest.testNlLanginfo,/home/lichengpeng/spring-holiday/iFixPlus/scripts_ifixplus/diffFields/jnr/jnr-posix/jnr.posix.NlLanginfoTest.testNlLanginfo,/home/lichengpeng/spring-holiday/iFixPlus/scripts_ifixplus/subdiffs/jnr/jnr-posix/jnr.posix.NlLanginfoTest.testNlLanginfo,/home/lichengpeng/spring-holiday/iFixPlus/scripts_ifixplus/tmp,/home/lichengpeng/spring-holiday/iFixPlus/scripts_ifixplus/reflection/jnr/jnr-posix/jnr.posix.NlLanginfoTest.testNlLanginfo
targetTestName: jnr.posix.NlLanginfoTest.testNlLanginfo
Successfully loaded native POSIX impl.
test listener at after!!!!!!!!! reflection on the states after!!!!!!!!!!!!!
*****************fn: null
*****************fn: null
xmlFileName: 2
field: jnr.ffi.provider.jffi.ToNativeOp.operations
set!!!
reflection done!!
testStarted end!!
java.io.IOException: Cannot run program "locale": error=2, No such file or directory
	at java.lang.ProcessBuilder.start(ProcessBuilder.java:1048)
	at java.lang.Runtime.exec(Runtime.java:621)
	at java.lang.Runtime.exec(Runtime.java:451)
	at java.lang.Runtime.exec(Runtime.java:348)
	at jnr.posix.NlLanginfoTest.testNlLanginfo(NlLanginfoTest.java:28)
	at sun.reflect.NativeMethodAccessorImpl.invoke0(Native Method)
	at sun.reflect.NativeMethodAccessorImpl.invoke(NativeMethodAccessorImpl.java:62)
	at sun.reflect.DelegatingMethodAccessorImpl.invoke(DelegatingMethodAccessorImpl.java:43)
	at java.lang.reflect.Method.invoke(Method.java:498)
	at org.junit.runners.model.FrameworkMethod$1.runReflectiveCall(FrameworkMethod.java:59)
	at org.junit.internal.runners.model.ReflectiveCallable.run(ReflectiveCallable.java:12)
	at org.junit.runners.model.FrameworkMethod.invokeExplosively(FrameworkMethod.java:56)
	at org.junit.internal.runners.statements.InvokeMethod.evaluate(InvokeMethod.java:17)
	at org.junit.runners.ParentRunner$3.evaluate(ParentRunner.java:306)
	at org.junit.runners.BlockJUnit4ClassRunner$1.evaluate(BlockJUnit4ClassRunner.java:100)
	at org.junit.runners.ParentRunner.runLeaf(ParentRunner.java:366)
	at org.junit.runners.BlockJUnit4ClassRunner.runChild(BlockJUnit4ClassRunner.java:103)
	at org.junit.runners.BlockJUnit4ClassRunner.runChild(BlockJUnit4ClassRunner.java:63)
	at org.junit.runners.ParentRunner$4.run(ParentRunner.java:331)
	at org.junit.runners.ParentRunner$1.schedule(ParentRunner.java:79)
	at org.junit.runners.ParentRunner.runChildren(ParentRunner.java:329)
	at org.junit.runners.ParentRunner.access$100(ParentRunner.java:66)
	at org.junit.runners.ParentRunner$2.evaluate(ParentRunner.java:293)
	at org.junit.internal.runners.statements.RunBefores.evaluate(RunBefores.java:26)
	at org.junit.runners.ParentRunner$3.evaluate(ParentRunner.java:306)
	at org.junit.runners.ParentRunner.run(ParentRunner.java:413)
	at org.junit.runners.Suite.runChild(Suite.java:128)
	at org.junit.runners.Suite.runChild(Suite.java:27)
	at org.junit.runners.ParentRunner$4.run(ParentRunner.java:331)
	at org.junit.runners.ParentRunner$1.schedule(ParentRunner.java:79)
	at org.junit.runners.ParentRunner.runChildren(ParentRunner.java:329)
	at org.junit.runners.ParentRunner.access$100(ParentRunner.java:66)
	at org.junit.runners.ParentRunner$2.evaluate(ParentRunner.java:293)
	at org.junit.runners.ParentRunner$3.evaluate(ParentRunner.java:306)
	at org.junit.runners.ParentRunner.run(ParentRunner.java:413)
	at org.junit.runner.JUnitCore.run(JUnitCore.java:137)
	at org.junit.runner.JUnitCore.run(JUnitCore.java:115)
	at edu.illinois.cs.testrunner.execution.JUnitTestExecutor.execute(JUnitTestExecutor.java:263)
	at edu.illinois.cs.testrunner.execution.JUnitTestExecutor.executeWithJUnit4Runner(JUnitTestExecutor.java:331)
	at edu.illinois.cs.testrunner.execution.JUnitTestExecutor.runOrder(JUnitTestExecutor.java:53)
	at edu.illinois.cs.testrunner.execution.Executor$.$anonfun$run$1(Executor.scala:30)
	at scala.runtime.java8.JFunction0$mcV$sp.apply(JFunction0$mcV$sp.java:12)
	at scala.util.Try$.apply(Try.scala:209)
	at edu.illinois.cs.testrunner.execution.Executor$.run(Executor.scala:28)
	at edu.illinois.cs.testrunner.execution.Executor$.main(Executor.scala:18)
	at edu.illinois.cs.testrunner.execution.Executor.main(Executor.scala)
Caused by: java.io.IOException: error=2, No such file or directory
	at java.lang.UNIXProcess.forkAndExec(Native Method)
	at java.lang.UNIXProcess.<init>(UNIXProcess.java:247)
	at java.lang.ProcessImpl.start(ProcessImpl.java:134)
	at java.lang.ProcessBuilder.start(ProcessBuilder.java:1029)
	... 45 more
diffFieldAfter jnr.posix.EnvTest.testSetenvOverwrite jnr.ffi.provider.jffi.AbstractFastNumericMethodGenerator.STRATEGY_ADDRESS_METHODS
doing reflection%%%%%%%%%%%%%%%%%%%%%%%%%%%%%%%%%%
$$$$$$$$$$$testFailOrder_full: /home/lichengpeng/spring-holiday/iFixPlus/scripts_new/projectsInstall/projects/jnr/jnr-posix
dtl!!!!!!!!!!!
testFailOrder_full1 : jnr.posix.NlLanginfoTest.testNlLanginfo
args: /home/lichengpeng/spring-holiday/iFixPlus/scripts_ifixplus/xmls/jnr/jnr-posix/jnr.posix.NlLanginfoTest.testNlLanginfo,/home/lichengpeng/spring-holiday/iFixPlus/scripts_ifixplus/subxmls/jnr/jnr-posix/jnr.posix.NlLanginfoTest.testNlLanginfo,/home/lichengpeng/spring-holiday/iFixPlus/scripts_ifixplus/roots/jnr/jnr-posix/jnr.posix.NlLanginfoTest.testNlLanginfo,/home/lichengpeng/spring-holiday/iFixPlus/scripts_ifixplus/pkg/jnr/jnr-posix/jnr.posix.NlLanginfoTest.testNlLanginfo/package-filter,/home/lichengpeng/spring-holiday/iFixPlus/scripts_ifixplus/diffs/jnr/jnr-posix/jnr.posix.NlLanginfoTest.testNlLanginfo,jnr/jnr-posix,jnr.posix.NlLanginfoTest.testNlLanginfo,/home/lichengpeng/spring-holiday/iFixPlus/scripts_ifixplus/output/result.csv,/home/lichengpeng/spring-holiday/iFixPlus/scripts_ifixplus/allFields/jnr/jnr-posix/jnr.posix.NlLanginfoTest.testNlLanginfo,/home/lichengpeng/spring-holiday/iFixPlus/scripts_ifixplus/diffFields/jnr/jnr-posix/jnr.posix.NlLanginfoTest.testNlLanginfo,/home/lichengpeng/spring-holiday/iFixPlus/scripts_ifixplus/subdiffs/jnr/jnr-posix/jnr.posix.NlLanginfoTest.testNlLanginfo,/home/lichengpeng/spring-holiday/iFixPlus/scripts_ifixplus/tmp,/home/lichengpeng/spring-holiday/iFixPlus/scripts_ifixplus/reflection/jnr/jnr-posix/jnr.posix.NlLanginfoTest.testNlLanginfo
targetTestName: jnr.posix.NlLanginfoTest.testNlLanginfo
Successfully loaded native POSIX impl.
test listener at after!!!!!!!!! reflection on the states after!!!!!!!!!!!!!
*****************fn: null
*****************fn: null
xmlFileName: 2
field: jnr.ffi.provider.jffi.AbstractFastNumericMethodGenerator.STRATEGY_ADDRESS_METHODS
set!!!
reflection done!!
testStarted end!!
java.io.IOException: Cannot run program "locale": error=2, No such file or directory
	at java.lang.ProcessBuilder.start(ProcessBuilder.java:1048)
	at java.lang.Runtime.exec(Runtime.java:621)
	at java.lang.Runtime.exec(Runtime.java:451)
	at java.lang.Runtime.exec(Runtime.java:348)
	at jnr.posix.NlLanginfoTest.testNlLanginfo(NlLanginfoTest.java:28)
	at sun.reflect.NativeMethodAccessorImpl.invoke0(Native Method)
	at sun.reflect.NativeMethodAccessorImpl.invoke(NativeMethodAccessorImpl.java:62)
	at sun.reflect.DelegatingMethodAccessorImpl.invoke(DelegatingMethodAccessorImpl.java:43)
	at java.lang.reflect.Method.invoke(Method.java:498)
	at org.junit.runners.model.FrameworkMethod$1.runReflectiveCall(FrameworkMethod.java:59)
	at org.junit.internal.runners.model.ReflectiveCallable.run(ReflectiveCallable.java:12)
	at org.junit.runners.model.FrameworkMethod.invokeExplosively(FrameworkMethod.java:56)
	at org.junit.internal.runners.statements.InvokeMethod.evaluate(InvokeMethod.java:17)
	at org.junit.runners.ParentRunner$3.evaluate(ParentRunner.java:306)
	at org.junit.runners.BlockJUnit4ClassRunner$1.evaluate(BlockJUnit4ClassRunner.java:100)
	at org.junit.runners.ParentRunner.runLeaf(ParentRunner.java:366)
	at org.junit.runners.BlockJUnit4ClassRunner.runChild(BlockJUnit4ClassRunner.java:103)
	at org.junit.runners.BlockJUnit4ClassRunner.runChild(BlockJUnit4ClassRunner.java:63)
	at org.junit.runners.ParentRunner$4.run(ParentRunner.java:331)
	at org.junit.runners.ParentRunner$1.schedule(ParentRunner.java:79)
	at org.junit.runners.ParentRunner.runChildren(ParentRunner.java:329)
	at org.junit.runners.ParentRunner.access$100(ParentRunner.java:66)
	at org.junit.runners.ParentRunner$2.evaluate(ParentRunner.java:293)
	at org.junit.internal.runners.statements.RunBefores.evaluate(RunBefores.java:26)
	at org.junit.runners.ParentRunner$3.evaluate(ParentRunner.java:306)
	at org.junit.runners.ParentRunner.run(ParentRunner.java:413)
	at org.junit.runners.Suite.runChild(Suite.java:128)
	at org.junit.runners.Suite.runChild(Suite.java:27)
	at org.junit.runners.ParentRunner$4.run(ParentRunner.java:331)
	at org.junit.runners.ParentRunner$1.schedule(ParentRunner.java:79)
	at org.junit.runners.ParentRunner.runChildren(ParentRunner.java:329)
	at org.junit.runners.ParentRunner.access$100(ParentRunner.java:66)
	at org.junit.runners.ParentRunner$2.evaluate(ParentRunner.java:293)
	at org.junit.runners.ParentRunner$3.evaluate(ParentRunner.java:306)
	at org.junit.runners.ParentRunner.run(ParentRunner.java:413)
	at org.junit.runner.JUnitCore.run(JUnitCore.java:137)
	at org.junit.runner.JUnitCore.run(JUnitCore.java:115)
	at edu.illinois.cs.testrunner.execution.JUnitTestExecutor.execute(JUnitTestExecutor.java:263)
	at edu.illinois.cs.testrunner.execution.JUnitTestExecutor.executeWithJUnit4Runner(JUnitTestExecutor.java:331)
	at edu.illinois.cs.testrunner.execution.JUnitTestExecutor.runOrder(JUnitTestExecutor.java:53)
	at edu.illinois.cs.testrunner.execution.Executor$.$anonfun$run$1(Executor.scala:30)
	at scala.runtime.java8.JFunction0$mcV$sp.apply(JFunction0$mcV$sp.java:12)
	at scala.util.Try$.apply(Try.scala:209)
	at edu.illinois.cs.testrunner.execution.Executor$.run(Executor.scala:28)
	at edu.illinois.cs.testrunner.execution.Executor$.main(Executor.scala:18)
	at edu.illinois.cs.testrunner.execution.Executor.main(Executor.scala)
Caused by: java.io.IOException: error=2, No such file or directory
	at java.lang.UNIXProcess.forkAndExec(Native Method)
	at java.lang.UNIXProcess.<init>(UNIXProcess.java:247)
	at java.lang.ProcessImpl.start(ProcessImpl.java:134)
	at java.lang.ProcessBuilder.start(ProcessBuilder.java:1029)
	... 45 more
diffFieldAfter jnr.posix.EnvTest.testSetenvOverwrite jnr.ffi.provider.FFIProvider$SystemProviderSingletonHolder.INSTANCE
doing reflection%%%%%%%%%%%%%%%%%%%%%%%%%%%%%%%%%%
$$$$$$$$$$$testFailOrder_full: /home/lichengpeng/spring-holiday/iFixPlus/scripts_new/projectsInstall/projects/jnr/jnr-posix
dtl!!!!!!!!!!!
testFailOrder_full1 : jnr.posix.NlLanginfoTest.testNlLanginfo
args: /home/lichengpeng/spring-holiday/iFixPlus/scripts_ifixplus/xmls/jnr/jnr-posix/jnr.posix.NlLanginfoTest.testNlLanginfo,/home/lichengpeng/spring-holiday/iFixPlus/scripts_ifixplus/subxmls/jnr/jnr-posix/jnr.posix.NlLanginfoTest.testNlLanginfo,/home/lichengpeng/spring-holiday/iFixPlus/scripts_ifixplus/roots/jnr/jnr-posix/jnr.posix.NlLanginfoTest.testNlLanginfo,/home/lichengpeng/spring-holiday/iFixPlus/scripts_ifixplus/pkg/jnr/jnr-posix/jnr.posix.NlLanginfoTest.testNlLanginfo/package-filter,/home/lichengpeng/spring-holiday/iFixPlus/scripts_ifixplus/diffs/jnr/jnr-posix/jnr.posix.NlLanginfoTest.testNlLanginfo,jnr/jnr-posix,jnr.posix.NlLanginfoTest.testNlLanginfo,/home/lichengpeng/spring-holiday/iFixPlus/scripts_ifixplus/output/result.csv,/home/lichengpeng/spring-holiday/iFixPlus/scripts_ifixplus/allFields/jnr/jnr-posix/jnr.posix.NlLanginfoTest.testNlLanginfo,/home/lichengpeng/spring-holiday/iFixPlus/scripts_ifixplus/diffFields/jnr/jnr-posix/jnr.posix.NlLanginfoTest.testNlLanginfo,/home/lichengpeng/spring-holiday/iFixPlus/scripts_ifixplus/subdiffs/jnr/jnr-posix/jnr.posix.NlLanginfoTest.testNlLanginfo,/home/lichengpeng/spring-holiday/iFixPlus/scripts_ifixplus/tmp,/home/lichengpeng/spring-holiday/iFixPlus/scripts_ifixplus/reflection/jnr/jnr-posix/jnr.posix.NlLanginfoTest.testNlLanginfo
targetTestName: jnr.posix.NlLanginfoTest.testNlLanginfo
Successfully loaded native POSIX impl.
test listener at after!!!!!!!!! reflection on the states after!!!!!!!!!!!!!
*****************fn: null
*****************fn: null
xmlFileName: 2
field: jnr.ffi.provider.FFIProvider$SystemProviderSingletonHolder.INSTANCE
set!!!
reflection done!!
testStarted end!!
java.io.IOException: Cannot run program "locale": error=2, No such file or directory
	at java.lang.ProcessBuilder.start(ProcessBuilder.java:1048)
	at java.lang.Runtime.exec(Runtime.java:621)
	at java.lang.Runtime.exec(Runtime.java:451)
	at java.lang.Runtime.exec(Runtime.java:348)
	at jnr.posix.NlLanginfoTest.testNlLanginfo(NlLanginfoTest.java:28)
	at sun.reflect.NativeMethodAccessorImpl.invoke0(Native Method)
	at sun.reflect.NativeMethodAccessorImpl.invoke(NativeMethodAccessorImpl.java:62)
	at sun.reflect.DelegatingMethodAccessorImpl.invoke(DelegatingMethodAccessorImpl.java:43)
	at java.lang.reflect.Method.invoke(Method.java:498)
	at org.junit.runners.model.FrameworkMethod$1.runReflectiveCall(FrameworkMethod.java:59)
	at org.junit.internal.runners.model.ReflectiveCallable.run(ReflectiveCallable.java:12)
	at org.junit.runners.model.FrameworkMethod.invokeExplosively(FrameworkMethod.java:56)
	at org.junit.internal.runners.statements.InvokeMethod.evaluate(InvokeMethod.java:17)
	at org.junit.runners.ParentRunner$3.evaluate(ParentRunner.java:306)
	at org.junit.runners.BlockJUnit4ClassRunner$1.evaluate(BlockJUnit4ClassRunner.java:100)
	at org.junit.runners.ParentRunner.runLeaf(ParentRunner.java:366)
	at org.junit.runners.BlockJUnit4ClassRunner.runChild(BlockJUnit4ClassRunner.java:103)
	at org.junit.runners.BlockJUnit4ClassRunner.runChild(BlockJUnit4ClassRunner.java:63)
	at org.junit.runners.ParentRunner$4.run(ParentRunner.java:331)
	at org.junit.runners.ParentRunner$1.schedule(ParentRunner.java:79)
	at org.junit.runners.ParentRunner.runChildren(ParentRunner.java:329)
	at org.junit.runners.ParentRunner.access$100(ParentRunner.java:66)
	at org.junit.runners.ParentRunner$2.evaluate(ParentRunner.java:293)
	at org.junit.internal.runners.statements.RunBefores.evaluate(RunBefores.java:26)
	at org.junit.runners.ParentRunner$3.evaluate(ParentRunner.java:306)
	at org.junit.runners.ParentRunner.run(ParentRunner.java:413)
	at org.junit.runners.Suite.runChild(Suite.java:128)
	at org.junit.runners.Suite.runChild(Suite.java:27)
	at org.junit.runners.ParentRunner$4.run(ParentRunner.java:331)
	at org.junit.runners.ParentRunner$1.schedule(ParentRunner.java:79)
	at org.junit.runners.ParentRunner.runChildren(ParentRunner.java:329)
	at org.junit.runners.ParentRunner.access$100(ParentRunner.java:66)
	at org.junit.runners.ParentRunner$2.evaluate(ParentRunner.java:293)
	at org.junit.runners.ParentRunner$3.evaluate(ParentRunner.java:306)
	at org.junit.runners.ParentRunner.run(ParentRunner.java:413)
	at org.junit.runner.JUnitCore.run(JUnitCore.java:137)
	at org.junit.runner.JUnitCore.run(JUnitCore.java:115)
	at edu.illinois.cs.testrunner.execution.JUnitTestExecutor.execute(JUnitTestExecutor.java:263)
	at edu.illinois.cs.testrunner.execution.JUnitTestExecutor.executeWithJUnit4Runner(JUnitTestExecutor.java:331)
	at edu.illinois.cs.testrunner.execution.JUnitTestExecutor.runOrder(JUnitTestExecutor.java:53)
	at edu.illinois.cs.testrunner.execution.Executor$.$anonfun$run$1(Executor.scala:30)
	at scala.runtime.java8.JFunction0$mcV$sp.apply(JFunction0$mcV$sp.java:12)
	at scala.util.Try$.apply(Try.scala:209)
	at edu.illinois.cs.testrunner.execution.Executor$.run(Executor.scala:28)
	at edu.illinois.cs.testrunner.execution.Executor$.main(Executor.scala:18)
	at edu.illinois.cs.testrunner.execution.Executor.main(Executor.scala)
Caused by: java.io.IOException: error=2, No such file or directory
	at java.lang.UNIXProcess.forkAndExec(Native Method)
	at java.lang.UNIXProcess.<init>(UNIXProcess.java:247)
	at java.lang.ProcessImpl.start(ProcessImpl.java:134)
	at java.lang.ProcessBuilder.start(ProcessBuilder.java:1029)
	... 45 more
diffFieldAfter jnr.posix.EnvTest.testSetenvOverwrite com.kenai.jffi.Type.ULONG
doing reflection%%%%%%%%%%%%%%%%%%%%%%%%%%%%%%%%%%
$$$$$$$$$$$testFailOrder_full: /home/lichengpeng/spring-holiday/iFixPlus/scripts_new/projectsInstall/projects/jnr/jnr-posix
dtl!!!!!!!!!!!
testFailOrder_full1 : jnr.posix.NlLanginfoTest.testNlLanginfo
args: /home/lichengpeng/spring-holiday/iFixPlus/scripts_ifixplus/xmls/jnr/jnr-posix/jnr.posix.NlLanginfoTest.testNlLanginfo,/home/lichengpeng/spring-holiday/iFixPlus/scripts_ifixplus/subxmls/jnr/jnr-posix/jnr.posix.NlLanginfoTest.testNlLanginfo,/home/lichengpeng/spring-holiday/iFixPlus/scripts_ifixplus/roots/jnr/jnr-posix/jnr.posix.NlLanginfoTest.testNlLanginfo,/home/lichengpeng/spring-holiday/iFixPlus/scripts_ifixplus/pkg/jnr/jnr-posix/jnr.posix.NlLanginfoTest.testNlLanginfo/package-filter,/home/lichengpeng/spring-holiday/iFixPlus/scripts_ifixplus/diffs/jnr/jnr-posix/jnr.posix.NlLanginfoTest.testNlLanginfo,jnr/jnr-posix,jnr.posix.NlLanginfoTest.testNlLanginfo,/home/lichengpeng/spring-holiday/iFixPlus/scripts_ifixplus/output/result.csv,/home/lichengpeng/spring-holiday/iFixPlus/scripts_ifixplus/allFields/jnr/jnr-posix/jnr.posix.NlLanginfoTest.testNlLanginfo,/home/lichengpeng/spring-holiday/iFixPlus/scripts_ifixplus/diffFields/jnr/jnr-posix/jnr.posix.NlLanginfoTest.testNlLanginfo,/home/lichengpeng/spring-holiday/iFixPlus/scripts_ifixplus/subdiffs/jnr/jnr-posix/jnr.posix.NlLanginfoTest.testNlLanginfo,/home/lichengpeng/spring-holiday/iFixPlus/scripts_ifixplus/tmp,/home/lichengpeng/spring-holiday/iFixPlus/scripts_ifixplus/reflection/jnr/jnr-posix/jnr.posix.NlLanginfoTest.testNlLanginfo
targetTestName: jnr.posix.NlLanginfoTest.testNlLanginfo
Successfully loaded native POSIX impl.
test listener at after!!!!!!!!! reflection on the states after!!!!!!!!!!!!!
*****************fn: null
*****************fn: null
xmlFileName: 2
field: com.kenai.jffi.Type.ULONG
set!!!
reflection done!!
testStarted end!!
java.io.IOException: Cannot run program "locale": error=2, No such file or directory
	at java.lang.ProcessBuilder.start(ProcessBuilder.java:1048)
	at java.lang.Runtime.exec(Runtime.java:621)
	at java.lang.Runtime.exec(Runtime.java:451)
	at java.lang.Runtime.exec(Runtime.java:348)
	at jnr.posix.NlLanginfoTest.testNlLanginfo(NlLanginfoTest.java:28)
	at sun.reflect.NativeMethodAccessorImpl.invoke0(Native Method)
	at sun.reflect.NativeMethodAccessorImpl.invoke(NativeMethodAccessorImpl.java:62)
	at sun.reflect.DelegatingMethodAccessorImpl.invoke(DelegatingMethodAccessorImpl.java:43)
	at java.lang.reflect.Method.invoke(Method.java:498)
	at org.junit.runners.model.FrameworkMethod$1.runReflectiveCall(FrameworkMethod.java:59)
	at org.junit.internal.runners.model.ReflectiveCallable.run(ReflectiveCallable.java:12)
	at org.junit.runners.model.FrameworkMethod.invokeExplosively(FrameworkMethod.java:56)
	at org.junit.internal.runners.statements.InvokeMethod.evaluate(InvokeMethod.java:17)
	at org.junit.runners.ParentRunner$3.evaluate(ParentRunner.java:306)
	at org.junit.runners.BlockJUnit4ClassRunner$1.evaluate(BlockJUnit4ClassRunner.java:100)
	at org.junit.runners.ParentRunner.runLeaf(ParentRunner.java:366)
	at org.junit.runners.BlockJUnit4ClassRunner.runChild(BlockJUnit4ClassRunner.java:103)
	at org.junit.runners.BlockJUnit4ClassRunner.runChild(BlockJUnit4ClassRunner.java:63)
	at org.junit.runners.ParentRunner$4.run(ParentRunner.java:331)
	at org.junit.runners.ParentRunner$1.schedule(ParentRunner.java:79)
	at org.junit.runners.ParentRunner.runChildren(ParentRunner.java:329)
	at org.junit.runners.ParentRunner.access$100(ParentRunner.java:66)
	at org.junit.runners.ParentRunner$2.evaluate(ParentRunner.java:293)
	at org.junit.internal.runners.statements.RunBefores.evaluate(RunBefores.java:26)
	at org.junit.runners.ParentRunner$3.evaluate(ParentRunner.java:306)
	at org.junit.runners.ParentRunner.run(ParentRunner.java:413)
	at org.junit.runners.Suite.runChild(Suite.java:128)
	at org.junit.runners.Suite.runChild(Suite.java:27)
	at org.junit.runners.ParentRunner$4.run(ParentRunner.java:331)
	at org.junit.runners.ParentRunner$1.schedule(ParentRunner.java:79)
	at org.junit.runners.ParentRunner.runChildren(ParentRunner.java:329)
	at org.junit.runners.ParentRunner.access$100(ParentRunner.java:66)
	at org.junit.runners.ParentRunner$2.evaluate(ParentRunner.java:293)
	at org.junit.runners.ParentRunner$3.evaluate(ParentRunner.java:306)
	at org.junit.runners.ParentRunner.run(ParentRunner.java:413)
	at org.junit.runner.JUnitCore.run(JUnitCore.java:137)
	at org.junit.runner.JUnitCore.run(JUnitCore.java:115)
	at edu.illinois.cs.testrunner.execution.JUnitTestExecutor.execute(JUnitTestExecutor.java:263)
	at edu.illinois.cs.testrunner.execution.JUnitTestExecutor.executeWithJUnit4Runner(JUnitTestExecutor.java:331)
	at edu.illinois.cs.testrunner.execution.JUnitTestExecutor.runOrder(JUnitTestExecutor.java:53)
	at edu.illinois.cs.testrunner.execution.Executor$.$anonfun$run$1(Executor.scala:30)
	at scala.runtime.java8.JFunction0$mcV$sp.apply(JFunction0$mcV$sp.java:12)
	at scala.util.Try$.apply(Try.scala:209)
	at edu.illinois.cs.testrunner.execution.Executor$.run(Executor.scala:28)
	at edu.illinois.cs.testrunner.execution.Executor$.main(Executor.scala:18)
	at edu.illinois.cs.testrunner.execution.Executor.main(Executor.scala)
Caused by: java.io.IOException: error=2, No such file or directory
	at java.lang.UNIXProcess.forkAndExec(Native Method)
	at java.lang.UNIXProcess.<init>(UNIXProcess.java:247)
	at java.lang.ProcessImpl.start(ProcessImpl.java:134)
	at java.lang.ProcessBuilder.start(ProcessBuilder.java:1029)
	... 45 more
diffFieldAfter jnr.posix.EnvTest.testSetenvOverwrite com.kenai.jffi.CallContextCache$SingletonHolder.INSTANCE
doing reflection%%%%%%%%%%%%%%%%%%%%%%%%%%%%%%%%%%
$$$$$$$$$$$testFailOrder_full: /home/lichengpeng/spring-holiday/iFixPlus/scripts_new/projectsInstall/projects/jnr/jnr-posix
dtl!!!!!!!!!!!
testFailOrder_full1 : jnr.posix.NlLanginfoTest.testNlLanginfo
args: /home/lichengpeng/spring-holiday/iFixPlus/scripts_ifixplus/xmls/jnr/jnr-posix/jnr.posix.NlLanginfoTest.testNlLanginfo,/home/lichengpeng/spring-holiday/iFixPlus/scripts_ifixplus/subxmls/jnr/jnr-posix/jnr.posix.NlLanginfoTest.testNlLanginfo,/home/lichengpeng/spring-holiday/iFixPlus/scripts_ifixplus/roots/jnr/jnr-posix/jnr.posix.NlLanginfoTest.testNlLanginfo,/home/lichengpeng/spring-holiday/iFixPlus/scripts_ifixplus/pkg/jnr/jnr-posix/jnr.posix.NlLanginfoTest.testNlLanginfo/package-filter,/home/lichengpeng/spring-holiday/iFixPlus/scripts_ifixplus/diffs/jnr/jnr-posix/jnr.posix.NlLanginfoTest.testNlLanginfo,jnr/jnr-posix,jnr.posix.NlLanginfoTest.testNlLanginfo,/home/lichengpeng/spring-holiday/iFixPlus/scripts_ifixplus/output/result.csv,/home/lichengpeng/spring-holiday/iFixPlus/scripts_ifixplus/allFields/jnr/jnr-posix/jnr.posix.NlLanginfoTest.testNlLanginfo,/home/lichengpeng/spring-holiday/iFixPlus/scripts_ifixplus/diffFields/jnr/jnr-posix/jnr.posix.NlLanginfoTest.testNlLanginfo,/home/lichengpeng/spring-holiday/iFixPlus/scripts_ifixplus/subdiffs/jnr/jnr-posix/jnr.posix.NlLanginfoTest.testNlLanginfo,/home/lichengpeng/spring-holiday/iFixPlus/scripts_ifixplus/tmp,/home/lichengpeng/spring-holiday/iFixPlus/scripts_ifixplus/reflection/jnr/jnr-posix/jnr.posix.NlLanginfoTest.testNlLanginfo
targetTestName: jnr.posix.NlLanginfoTest.testNlLanginfo
Successfully loaded native POSIX impl.
test listener at after!!!!!!!!! reflection on the states after!!!!!!!!!!!!!
*****************fn: null
*****************fn: null
xmlFileName: 2
field: com.kenai.jffi.CallContextCache$SingletonHolder.INSTANCE
set!!!
reflection done!!
testStarted end!!
java.io.IOException: Cannot run program "locale": error=2, No such file or directory
	at java.lang.ProcessBuilder.start(ProcessBuilder.java:1048)
	at java.lang.Runtime.exec(Runtime.java:621)
	at java.lang.Runtime.exec(Runtime.java:451)
	at java.lang.Runtime.exec(Runtime.java:348)
	at jnr.posix.NlLanginfoTest.testNlLanginfo(NlLanginfoTest.java:28)
	at sun.reflect.NativeMethodAccessorImpl.invoke0(Native Method)
	at sun.reflect.NativeMethodAccessorImpl.invoke(NativeMethodAccessorImpl.java:62)
	at sun.reflect.DelegatingMethodAccessorImpl.invoke(DelegatingMethodAccessorImpl.java:43)
	at java.lang.reflect.Method.invoke(Method.java:498)
	at org.junit.runners.model.FrameworkMethod$1.runReflectiveCall(FrameworkMethod.java:59)
	at org.junit.internal.runners.model.ReflectiveCallable.run(ReflectiveCallable.java:12)
	at org.junit.runners.model.FrameworkMethod.invokeExplosively(FrameworkMethod.java:56)
	at org.junit.internal.runners.statements.InvokeMethod.evaluate(InvokeMethod.java:17)
	at org.junit.runners.ParentRunner$3.evaluate(ParentRunner.java:306)
	at org.junit.runners.BlockJUnit4ClassRunner$1.evaluate(BlockJUnit4ClassRunner.java:100)
	at org.junit.runners.ParentRunner.runLeaf(ParentRunner.java:366)
	at org.junit.runners.BlockJUnit4ClassRunner.runChild(BlockJUnit4ClassRunner.java:103)
	at org.junit.runners.BlockJUnit4ClassRunner.runChild(BlockJUnit4ClassRunner.java:63)
	at org.junit.runners.ParentRunner$4.run(ParentRunner.java:331)
	at org.junit.runners.ParentRunner$1.schedule(ParentRunner.java:79)
	at org.junit.runners.ParentRunner.runChildren(ParentRunner.java:329)
	at org.junit.runners.ParentRunner.access$100(ParentRunner.java:66)
	at org.junit.runners.ParentRunner$2.evaluate(ParentRunner.java:293)
	at org.junit.internal.runners.statements.RunBefores.evaluate(RunBefores.java:26)
	at org.junit.runners.ParentRunner$3.evaluate(ParentRunner.java:306)
	at org.junit.runners.ParentRunner.run(ParentRunner.java:413)
	at org.junit.runners.Suite.runChild(Suite.java:128)
	at org.junit.runners.Suite.runChild(Suite.java:27)
	at org.junit.runners.ParentRunner$4.run(ParentRunner.java:331)
	at org.junit.runners.ParentRunner$1.schedule(ParentRunner.java:79)
	at org.junit.runners.ParentRunner.runChildren(ParentRunner.java:329)
	at org.junit.runners.ParentRunner.access$100(ParentRunner.java:66)
	at org.junit.runners.ParentRunner$2.evaluate(ParentRunner.java:293)
	at org.junit.runners.ParentRunner$3.evaluate(ParentRunner.java:306)
	at org.junit.runners.ParentRunner.run(ParentRunner.java:413)
	at org.junit.runner.JUnitCore.run(JUnitCore.java:137)
	at org.junit.runner.JUnitCore.run(JUnitCore.java:115)
	at edu.illinois.cs.testrunner.execution.JUnitTestExecutor.execute(JUnitTestExecutor.java:263)
	at edu.illinois.cs.testrunner.execution.JUnitTestExecutor.executeWithJUnit4Runner(JUnitTestExecutor.java:331)
	at edu.illinois.cs.testrunner.execution.JUnitTestExecutor.runOrder(JUnitTestExecutor.java:53)
	at edu.illinois.cs.testrunner.execution.Executor$.$anonfun$run$1(Executor.scala:30)
	at scala.runtime.java8.JFunction0$mcV$sp.apply(JFunction0$mcV$sp.java:12)
	at scala.util.Try$.apply(Try.scala:209)
	at edu.illinois.cs.testrunner.execution.Executor$.run(Executor.scala:28)
	at edu.illinois.cs.testrunner.execution.Executor$.main(Executor.scala:18)
	at edu.illinois.cs.testrunner.execution.Executor.main(Executor.scala)
Caused by: java.io.IOException: error=2, No such file or directory
	at java.lang.UNIXProcess.forkAndExec(Native Method)
	at java.lang.UNIXProcess.<init>(UNIXProcess.java:247)
	at java.lang.ProcessImpl.start(ProcessImpl.java:134)
	at java.lang.ProcessBuilder.start(ProcessBuilder.java:1029)
	... 45 more
diffFieldAfter jnr.posix.EnvTest.testSetenvOverwrite com.kenai.jffi.Type.SINT32
doing reflection%%%%%%%%%%%%%%%%%%%%%%%%%%%%%%%%%%
$$$$$$$$$$$testFailOrder_full: /home/lichengpeng/spring-holiday/iFixPlus/scripts_new/projectsInstall/projects/jnr/jnr-posix
dtl!!!!!!!!!!!
testFailOrder_full1 : jnr.posix.NlLanginfoTest.testNlLanginfo
args: /home/lichengpeng/spring-holiday/iFixPlus/scripts_ifixplus/xmls/jnr/jnr-posix/jnr.posix.NlLanginfoTest.testNlLanginfo,/home/lichengpeng/spring-holiday/iFixPlus/scripts_ifixplus/subxmls/jnr/jnr-posix/jnr.posix.NlLanginfoTest.testNlLanginfo,/home/lichengpeng/spring-holiday/iFixPlus/scripts_ifixplus/roots/jnr/jnr-posix/jnr.posix.NlLanginfoTest.testNlLanginfo,/home/lichengpeng/spring-holiday/iFixPlus/scripts_ifixplus/pkg/jnr/jnr-posix/jnr.posix.NlLanginfoTest.testNlLanginfo/package-filter,/home/lichengpeng/spring-holiday/iFixPlus/scripts_ifixplus/diffs/jnr/jnr-posix/jnr.posix.NlLanginfoTest.testNlLanginfo,jnr/jnr-posix,jnr.posix.NlLanginfoTest.testNlLanginfo,/home/lichengpeng/spring-holiday/iFixPlus/scripts_ifixplus/output/result.csv,/home/lichengpeng/spring-holiday/iFixPlus/scripts_ifixplus/allFields/jnr/jnr-posix/jnr.posix.NlLanginfoTest.testNlLanginfo,/home/lichengpeng/spring-holiday/iFixPlus/scripts_ifixplus/diffFields/jnr/jnr-posix/jnr.posix.NlLanginfoTest.testNlLanginfo,/home/lichengpeng/spring-holiday/iFixPlus/scripts_ifixplus/subdiffs/jnr/jnr-posix/jnr.posix.NlLanginfoTest.testNlLanginfo,/home/lichengpeng/spring-holiday/iFixPlus/scripts_ifixplus/tmp,/home/lichengpeng/spring-holiday/iFixPlus/scripts_ifixplus/reflection/jnr/jnr-posix/jnr.posix.NlLanginfoTest.testNlLanginfo
targetTestName: jnr.posix.NlLanginfoTest.testNlLanginfo
Successfully loaded native POSIX impl.
test listener at after!!!!!!!!! reflection on the states after!!!!!!!!!!!!!
*****************fn: null
*****************fn: null
xmlFileName: 2
field: com.kenai.jffi.Type.SINT32
set!!!
reflection done!!
testStarted end!!
java.io.IOException: Cannot run program "locale": error=2, No such file or directory
	at java.lang.ProcessBuilder.start(ProcessBuilder.java:1048)
	at java.lang.Runtime.exec(Runtime.java:621)
	at java.lang.Runtime.exec(Runtime.java:451)
	at java.lang.Runtime.exec(Runtime.java:348)
	at jnr.posix.NlLanginfoTest.testNlLanginfo(NlLanginfoTest.java:28)
	at sun.reflect.NativeMethodAccessorImpl.invoke0(Native Method)
	at sun.reflect.NativeMethodAccessorImpl.invoke(NativeMethodAccessorImpl.java:62)
	at sun.reflect.DelegatingMethodAccessorImpl.invoke(DelegatingMethodAccessorImpl.java:43)
	at java.lang.reflect.Method.invoke(Method.java:498)
	at org.junit.runners.model.FrameworkMethod$1.runReflectiveCall(FrameworkMethod.java:59)
	at org.junit.internal.runners.model.ReflectiveCallable.run(ReflectiveCallable.java:12)
	at org.junit.runners.model.FrameworkMethod.invokeExplosively(FrameworkMethod.java:56)
	at org.junit.internal.runners.statements.InvokeMethod.evaluate(InvokeMethod.java:17)
	at org.junit.runners.ParentRunner$3.evaluate(ParentRunner.java:306)
	at org.junit.runners.BlockJUnit4ClassRunner$1.evaluate(BlockJUnit4ClassRunner.java:100)
	at org.junit.runners.ParentRunner.runLeaf(ParentRunner.java:366)
	at org.junit.runners.BlockJUnit4ClassRunner.runChild(BlockJUnit4ClassRunner.java:103)
	at org.junit.runners.BlockJUnit4ClassRunner.runChild(BlockJUnit4ClassRunner.java:63)
	at org.junit.runners.ParentRunner$4.run(ParentRunner.java:331)
	at org.junit.runners.ParentRunner$1.schedule(ParentRunner.java:79)
	at org.junit.runners.ParentRunner.runChildren(ParentRunner.java:329)
	at org.junit.runners.ParentRunner.access$100(ParentRunner.java:66)
	at org.junit.runners.ParentRunner$2.evaluate(ParentRunner.java:293)
	at org.junit.internal.runners.statements.RunBefores.evaluate(RunBefores.java:26)
	at org.junit.runners.ParentRunner$3.evaluate(ParentRunner.java:306)
	at org.junit.runners.ParentRunner.run(ParentRunner.java:413)
	at org.junit.runners.Suite.runChild(Suite.java:128)
	at org.junit.runners.Suite.runChild(Suite.java:27)
	at org.junit.runners.ParentRunner$4.run(ParentRunner.java:331)
	at org.junit.runners.ParentRunner$1.schedule(ParentRunner.java:79)
	at org.junit.runners.ParentRunner.runChildren(ParentRunner.java:329)
	at org.junit.runners.ParentRunner.access$100(ParentRunner.java:66)
	at org.junit.runners.ParentRunner$2.evaluate(ParentRunner.java:293)
	at org.junit.runners.ParentRunner$3.evaluate(ParentRunner.java:306)
	at org.junit.runners.ParentRunner.run(ParentRunner.java:413)
	at org.junit.runner.JUnitCore.run(JUnitCore.java:137)
	at org.junit.runner.JUnitCore.run(JUnitCore.java:115)
	at edu.illinois.cs.testrunner.execution.JUnitTestExecutor.execute(JUnitTestExecutor.java:263)
	at edu.illinois.cs.testrunner.execution.JUnitTestExecutor.executeWithJUnit4Runner(JUnitTestExecutor.java:331)
	at edu.illinois.cs.testrunner.execution.JUnitTestExecutor.runOrder(JUnitTestExecutor.java:53)
	at edu.illinois.cs.testrunner.execution.Executor$.$anonfun$run$1(Executor.scala:30)
	at scala.runtime.java8.JFunction0$mcV$sp.apply(JFunction0$mcV$sp.java:12)
	at scala.util.Try$.apply(Try.scala:209)
	at edu.illinois.cs.testrunner.execution.Executor$.run(Executor.scala:28)
	at edu.illinois.cs.testrunner.execution.Executor$.main(Executor.scala:18)
	at edu.illinois.cs.testrunner.execution.Executor.main(Executor.scala)
Caused by: java.io.IOException: error=2, No such file or directory
	at java.lang.UNIXProcess.forkAndExec(Native Method)
	at java.lang.UNIXProcess.<init>(UNIXProcess.java:247)
	at java.lang.ProcessImpl.start(ProcessImpl.java:134)
	at java.lang.ProcessBuilder.start(ProcessBuilder.java:1029)
	... 45 more
diffFieldAfter jnr.posix.EnvTest.testSetenvOverwrite jnr.posix.WString.runtime
doing reflection%%%%%%%%%%%%%%%%%%%%%%%%%%%%%%%%%%
$$$$$$$$$$$testFailOrder_full: /home/lichengpeng/spring-holiday/iFixPlus/scripts_new/projectsInstall/projects/jnr/jnr-posix
dtl!!!!!!!!!!!
testFailOrder_full1 : jnr.posix.NlLanginfoTest.testNlLanginfo
args: /home/lichengpeng/spring-holiday/iFixPlus/scripts_ifixplus/xmls/jnr/jnr-posix/jnr.posix.NlLanginfoTest.testNlLanginfo,/home/lichengpeng/spring-holiday/iFixPlus/scripts_ifixplus/subxmls/jnr/jnr-posix/jnr.posix.NlLanginfoTest.testNlLanginfo,/home/lichengpeng/spring-holiday/iFixPlus/scripts_ifixplus/roots/jnr/jnr-posix/jnr.posix.NlLanginfoTest.testNlLanginfo,/home/lichengpeng/spring-holiday/iFixPlus/scripts_ifixplus/pkg/jnr/jnr-posix/jnr.posix.NlLanginfoTest.testNlLanginfo/package-filter,/home/lichengpeng/spring-holiday/iFixPlus/scripts_ifixplus/diffs/jnr/jnr-posix/jnr.posix.NlLanginfoTest.testNlLanginfo,jnr/jnr-posix,jnr.posix.NlLanginfoTest.testNlLanginfo,/home/lichengpeng/spring-holiday/iFixPlus/scripts_ifixplus/output/result.csv,/home/lichengpeng/spring-holiday/iFixPlus/scripts_ifixplus/allFields/jnr/jnr-posix/jnr.posix.NlLanginfoTest.testNlLanginfo,/home/lichengpeng/spring-holiday/iFixPlus/scripts_ifixplus/diffFields/jnr/jnr-posix/jnr.posix.NlLanginfoTest.testNlLanginfo,/home/lichengpeng/spring-holiday/iFixPlus/scripts_ifixplus/subdiffs/jnr/jnr-posix/jnr.posix.NlLanginfoTest.testNlLanginfo,/home/lichengpeng/spring-holiday/iFixPlus/scripts_ifixplus/tmp,/home/lichengpeng/spring-holiday/iFixPlus/scripts_ifixplus/reflection/jnr/jnr-posix/jnr.posix.NlLanginfoTest.testNlLanginfo
targetTestName: jnr.posix.NlLanginfoTest.testNlLanginfo
Successfully loaded native POSIX impl.
test listener at after!!!!!!!!! reflection on the states after!!!!!!!!!!!!!
*****************fn: null
*****************fn: null
xmlFileName: 2
field: jnr.posix.WString.runtime
set!!!
reflection done!!
testStarted end!!
java.io.IOException: Cannot run program "locale": error=2, No such file or directory
	at java.lang.ProcessBuilder.start(ProcessBuilder.java:1048)
	at java.lang.Runtime.exec(Runtime.java:621)
	at java.lang.Runtime.exec(Runtime.java:451)
	at java.lang.Runtime.exec(Runtime.java:348)
	at jnr.posix.NlLanginfoTest.testNlLanginfo(NlLanginfoTest.java:28)
	at sun.reflect.NativeMethodAccessorImpl.invoke0(Native Method)
	at sun.reflect.NativeMethodAccessorImpl.invoke(NativeMethodAccessorImpl.java:62)
	at sun.reflect.DelegatingMethodAccessorImpl.invoke(DelegatingMethodAccessorImpl.java:43)
	at java.lang.reflect.Method.invoke(Method.java:498)
	at org.junit.runners.model.FrameworkMethod$1.runReflectiveCall(FrameworkMethod.java:59)
	at org.junit.internal.runners.model.ReflectiveCallable.run(ReflectiveCallable.java:12)
	at org.junit.runners.model.FrameworkMethod.invokeExplosively(FrameworkMethod.java:56)
	at org.junit.internal.runners.statements.InvokeMethod.evaluate(InvokeMethod.java:17)
	at org.junit.runners.ParentRunner$3.evaluate(ParentRunner.java:306)
	at org.junit.runners.BlockJUnit4ClassRunner$1.evaluate(BlockJUnit4ClassRunner.java:100)
	at org.junit.runners.ParentRunner.runLeaf(ParentRunner.java:366)
	at org.junit.runners.BlockJUnit4ClassRunner.runChild(BlockJUnit4ClassRunner.java:103)
	at org.junit.runners.BlockJUnit4ClassRunner.runChild(BlockJUnit4ClassRunner.java:63)
	at org.junit.runners.ParentRunner$4.run(ParentRunner.java:331)
	at org.junit.runners.ParentRunner$1.schedule(ParentRunner.java:79)
	at org.junit.runners.ParentRunner.runChildren(ParentRunner.java:329)
	at org.junit.runners.ParentRunner.access$100(ParentRunner.java:66)
	at org.junit.runners.ParentRunner$2.evaluate(ParentRunner.java:293)
	at org.junit.internal.runners.statements.RunBefores.evaluate(RunBefores.java:26)
	at org.junit.runners.ParentRunner$3.evaluate(ParentRunner.java:306)
	at org.junit.runners.ParentRunner.run(ParentRunner.java:413)
	at org.junit.runners.Suite.runChild(Suite.java:128)
	at org.junit.runners.Suite.runChild(Suite.java:27)
	at org.junit.runners.ParentRunner$4.run(ParentRunner.java:331)
	at org.junit.runners.ParentRunner$1.schedule(ParentRunner.java:79)
	at org.junit.runners.ParentRunner.runChildren(ParentRunner.java:329)
	at org.junit.runners.ParentRunner.access$100(ParentRunner.java:66)
	at org.junit.runners.ParentRunner$2.evaluate(ParentRunner.java:293)
	at org.junit.runners.ParentRunner$3.evaluate(ParentRunner.java:306)
	at org.junit.runners.ParentRunner.run(ParentRunner.java:413)
	at org.junit.runner.JUnitCore.run(JUnitCore.java:137)
	at org.junit.runner.JUnitCore.run(JUnitCore.java:115)
	at edu.illinois.cs.testrunner.execution.JUnitTestExecutor.execute(JUnitTestExecutor.java:263)
	at edu.illinois.cs.testrunner.execution.JUnitTestExecutor.executeWithJUnit4Runner(JUnitTestExecutor.java:331)
	at edu.illinois.cs.testrunner.execution.JUnitTestExecutor.runOrder(JUnitTestExecutor.java:53)
	at edu.illinois.cs.testrunner.execution.Executor$.$anonfun$run$1(Executor.scala:30)
	at scala.runtime.java8.JFunction0$mcV$sp.apply(JFunction0$mcV$sp.java:12)
	at scala.util.Try$.apply(Try.scala:209)
	at edu.illinois.cs.testrunner.execution.Executor$.run(Executor.scala:28)
	at edu.illinois.cs.testrunner.execution.Executor$.main(Executor.scala:18)
	at edu.illinois.cs.testrunner.execution.Executor.main(Executor.scala)
Caused by: java.io.IOException: error=2, No such file or directory
	at java.lang.UNIXProcess.forkAndExec(Native Method)
	at java.lang.UNIXProcess.<init>(UNIXProcess.java:247)
	at java.lang.ProcessImpl.start(ProcessImpl.java:134)
	at java.lang.ProcessBuilder.start(ProcessBuilder.java:1029)
	... 45 more
diffFieldAfter jnr.posix.EnvTest.testSetenvOverwrite jnr.posix.LinuxFileStat64.layout
doing reflection%%%%%%%%%%%%%%%%%%%%%%%%%%%%%%%%%%
$$$$$$$$$$$testFailOrder_full: /home/lichengpeng/spring-holiday/iFixPlus/scripts_new/projectsInstall/projects/jnr/jnr-posix
dtl!!!!!!!!!!!
testFailOrder_full1 : jnr.posix.NlLanginfoTest.testNlLanginfo
args: /home/lichengpeng/spring-holiday/iFixPlus/scripts_ifixplus/xmls/jnr/jnr-posix/jnr.posix.NlLanginfoTest.testNlLanginfo,/home/lichengpeng/spring-holiday/iFixPlus/scripts_ifixplus/subxmls/jnr/jnr-posix/jnr.posix.NlLanginfoTest.testNlLanginfo,/home/lichengpeng/spring-holiday/iFixPlus/scripts_ifixplus/roots/jnr/jnr-posix/jnr.posix.NlLanginfoTest.testNlLanginfo,/home/lichengpeng/spring-holiday/iFixPlus/scripts_ifixplus/pkg/jnr/jnr-posix/jnr.posix.NlLanginfoTest.testNlLanginfo/package-filter,/home/lichengpeng/spring-holiday/iFixPlus/scripts_ifixplus/diffs/jnr/jnr-posix/jnr.posix.NlLanginfoTest.testNlLanginfo,jnr/jnr-posix,jnr.posix.NlLanginfoTest.testNlLanginfo,/home/lichengpeng/spring-holiday/iFixPlus/scripts_ifixplus/output/result.csv,/home/lichengpeng/spring-holiday/iFixPlus/scripts_ifixplus/allFields/jnr/jnr-posix/jnr.posix.NlLanginfoTest.testNlLanginfo,/home/lichengpeng/spring-holiday/iFixPlus/scripts_ifixplus/diffFields/jnr/jnr-posix/jnr.posix.NlLanginfoTest.testNlLanginfo,/home/lichengpeng/spring-holiday/iFixPlus/scripts_ifixplus/subdiffs/jnr/jnr-posix/jnr.posix.NlLanginfoTest.testNlLanginfo,/home/lichengpeng/spring-holiday/iFixPlus/scripts_ifixplus/tmp,/home/lichengpeng/spring-holiday/iFixPlus/scripts_ifixplus/reflection/jnr/jnr-posix/jnr.posix.NlLanginfoTest.testNlLanginfo
targetTestName: jnr.posix.NlLanginfoTest.testNlLanginfo
Successfully loaded native POSIX impl.
test listener at after!!!!!!!!! reflection on the states after!!!!!!!!!!!!!
*****************fn: null
*****************fn: null
xmlFileName: 2
field: jnr.posix.LinuxFileStat64.layout
set!!!
reflection done!!
testStarted end!!
java.io.IOException: Cannot run program "locale": error=2, No such file or directory
	at java.lang.ProcessBuilder.start(ProcessBuilder.java:1048)
	at java.lang.Runtime.exec(Runtime.java:621)
	at java.lang.Runtime.exec(Runtime.java:451)
	at java.lang.Runtime.exec(Runtime.java:348)
	at jnr.posix.NlLanginfoTest.testNlLanginfo(NlLanginfoTest.java:28)
	at sun.reflect.NativeMethodAccessorImpl.invoke0(Native Method)
	at sun.reflect.NativeMethodAccessorImpl.invoke(NativeMethodAccessorImpl.java:62)
	at sun.reflect.DelegatingMethodAccessorImpl.invoke(DelegatingMethodAccessorImpl.java:43)
	at java.lang.reflect.Method.invoke(Method.java:498)
	at org.junit.runners.model.FrameworkMethod$1.runReflectiveCall(FrameworkMethod.java:59)
	at org.junit.internal.runners.model.ReflectiveCallable.run(ReflectiveCallable.java:12)
	at org.junit.runners.model.FrameworkMethod.invokeExplosively(FrameworkMethod.java:56)
	at org.junit.internal.runners.statements.InvokeMethod.evaluate(InvokeMethod.java:17)
	at org.junit.runners.ParentRunner$3.evaluate(ParentRunner.java:306)
	at org.junit.runners.BlockJUnit4ClassRunner$1.evaluate(BlockJUnit4ClassRunner.java:100)
	at org.junit.runners.ParentRunner.runLeaf(ParentRunner.java:366)
	at org.junit.runners.BlockJUnit4ClassRunner.runChild(BlockJUnit4ClassRunner.java:103)
	at org.junit.runners.BlockJUnit4ClassRunner.runChild(BlockJUnit4ClassRunner.java:63)
	at org.junit.runners.ParentRunner$4.run(ParentRunner.java:331)
	at org.junit.runners.ParentRunner$1.schedule(ParentRunner.java:79)
	at org.junit.runners.ParentRunner.runChildren(ParentRunner.java:329)
	at org.junit.runners.ParentRunner.access$100(ParentRunner.java:66)
	at org.junit.runners.ParentRunner$2.evaluate(ParentRunner.java:293)
	at org.junit.internal.runners.statements.RunBefores.evaluate(RunBefores.java:26)
	at org.junit.runners.ParentRunner$3.evaluate(ParentRunner.java:306)
	at org.junit.runners.ParentRunner.run(ParentRunner.java:413)
	at org.junit.runners.Suite.runChild(Suite.java:128)
	at org.junit.runners.Suite.runChild(Suite.java:27)
	at org.junit.runners.ParentRunner$4.run(ParentRunner.java:331)
	at org.junit.runners.ParentRunner$1.schedule(ParentRunner.java:79)
	at org.junit.runners.ParentRunner.runChildren(ParentRunner.java:329)
	at org.junit.runners.ParentRunner.access$100(ParentRunner.java:66)
	at org.junit.runners.ParentRunner$2.evaluate(ParentRunner.java:293)
	at org.junit.runners.ParentRunner$3.evaluate(ParentRunner.java:306)
	at org.junit.runners.ParentRunner.run(ParentRunner.java:413)
	at org.junit.runner.JUnitCore.run(JUnitCore.java:137)
	at org.junit.runner.JUnitCore.run(JUnitCore.java:115)
	at edu.illinois.cs.testrunner.execution.JUnitTestExecutor.execute(JUnitTestExecutor.java:263)
	at edu.illinois.cs.testrunner.execution.JUnitTestExecutor.executeWithJUnit4Runner(JUnitTestExecutor.java:331)
	at edu.illinois.cs.testrunner.execution.JUnitTestExecutor.runOrder(JUnitTestExecutor.java:53)
	at edu.illinois.cs.testrunner.execution.Executor$.$anonfun$run$1(Executor.scala:30)
	at scala.runtime.java8.JFunction0$mcV$sp.apply(JFunction0$mcV$sp.java:12)
	at scala.util.Try$.apply(Try.scala:209)
	at edu.illinois.cs.testrunner.execution.Executor$.run(Executor.scala:28)
	at edu.illinois.cs.testrunner.execution.Executor$.main(Executor.scala:18)
	at edu.illinois.cs.testrunner.execution.Executor.main(Executor.scala)
Caused by: java.io.IOException: error=2, No such file or directory
	at java.lang.UNIXProcess.forkAndExec(Native Method)
	at java.lang.UNIXProcess.<init>(UNIXProcess.java:247)
	at java.lang.ProcessImpl.start(ProcessImpl.java:134)
	at java.lang.ProcessBuilder.start(ProcessBuilder.java:1029)
	... 45 more
diffFieldAfter jnr.posix.EnvTest.testSetenvOverwrite com.kenai.jffi.Type.VOID
doing reflection%%%%%%%%%%%%%%%%%%%%%%%%%%%%%%%%%%
$$$$$$$$$$$testFailOrder_full: /home/lichengpeng/spring-holiday/iFixPlus/scripts_new/projectsInstall/projects/jnr/jnr-posix
dtl!!!!!!!!!!!
testFailOrder_full1 : jnr.posix.NlLanginfoTest.testNlLanginfo
args: /home/lichengpeng/spring-holiday/iFixPlus/scripts_ifixplus/xmls/jnr/jnr-posix/jnr.posix.NlLanginfoTest.testNlLanginfo,/home/lichengpeng/spring-holiday/iFixPlus/scripts_ifixplus/subxmls/jnr/jnr-posix/jnr.posix.NlLanginfoTest.testNlLanginfo,/home/lichengpeng/spring-holiday/iFixPlus/scripts_ifixplus/roots/jnr/jnr-posix/jnr.posix.NlLanginfoTest.testNlLanginfo,/home/lichengpeng/spring-holiday/iFixPlus/scripts_ifixplus/pkg/jnr/jnr-posix/jnr.posix.NlLanginfoTest.testNlLanginfo/package-filter,/home/lichengpeng/spring-holiday/iFixPlus/scripts_ifixplus/diffs/jnr/jnr-posix/jnr.posix.NlLanginfoTest.testNlLanginfo,jnr/jnr-posix,jnr.posix.NlLanginfoTest.testNlLanginfo,/home/lichengpeng/spring-holiday/iFixPlus/scripts_ifixplus/output/result.csv,/home/lichengpeng/spring-holiday/iFixPlus/scripts_ifixplus/allFields/jnr/jnr-posix/jnr.posix.NlLanginfoTest.testNlLanginfo,/home/lichengpeng/spring-holiday/iFixPlus/scripts_ifixplus/diffFields/jnr/jnr-posix/jnr.posix.NlLanginfoTest.testNlLanginfo,/home/lichengpeng/spring-holiday/iFixPlus/scripts_ifixplus/subdiffs/jnr/jnr-posix/jnr.posix.NlLanginfoTest.testNlLanginfo,/home/lichengpeng/spring-holiday/iFixPlus/scripts_ifixplus/tmp,/home/lichengpeng/spring-holiday/iFixPlus/scripts_ifixplus/reflection/jnr/jnr-posix/jnr.posix.NlLanginfoTest.testNlLanginfo
targetTestName: jnr.posix.NlLanginfoTest.testNlLanginfo
Successfully loaded native POSIX impl.
test listener at after!!!!!!!!! reflection on the states after!!!!!!!!!!!!!
*****************fn: null
*****************fn: null
xmlFileName: 2
field: com.kenai.jffi.Type.VOID
set!!!
reflection done!!
testStarted end!!
java.io.IOException: Cannot run program "locale": error=2, No such file or directory
	at java.lang.ProcessBuilder.start(ProcessBuilder.java:1048)
	at java.lang.Runtime.exec(Runtime.java:621)
	at java.lang.Runtime.exec(Runtime.java:451)
	at java.lang.Runtime.exec(Runtime.java:348)
	at jnr.posix.NlLanginfoTest.testNlLanginfo(NlLanginfoTest.java:28)
	at sun.reflect.NativeMethodAccessorImpl.invoke0(Native Method)
	at sun.reflect.NativeMethodAccessorImpl.invoke(NativeMethodAccessorImpl.java:62)
	at sun.reflect.DelegatingMethodAccessorImpl.invoke(DelegatingMethodAccessorImpl.java:43)
	at java.lang.reflect.Method.invoke(Method.java:498)
	at org.junit.runners.model.FrameworkMethod$1.runReflectiveCall(FrameworkMethod.java:59)
	at org.junit.internal.runners.model.ReflectiveCallable.run(ReflectiveCallable.java:12)
	at org.junit.runners.model.FrameworkMethod.invokeExplosively(FrameworkMethod.java:56)
	at org.junit.internal.runners.statements.InvokeMethod.evaluate(InvokeMethod.java:17)
	at org.junit.runners.ParentRunner$3.evaluate(ParentRunner.java:306)
	at org.junit.runners.BlockJUnit4ClassRunner$1.evaluate(BlockJUnit4ClassRunner.java:100)
	at org.junit.runners.ParentRunner.runLeaf(ParentRunner.java:366)
	at org.junit.runners.BlockJUnit4ClassRunner.runChild(BlockJUnit4ClassRunner.java:103)
	at org.junit.runners.BlockJUnit4ClassRunner.runChild(BlockJUnit4ClassRunner.java:63)
	at org.junit.runners.ParentRunner$4.run(ParentRunner.java:331)
	at org.junit.runners.ParentRunner$1.schedule(ParentRunner.java:79)
	at org.junit.runners.ParentRunner.runChildren(ParentRunner.java:329)
	at org.junit.runners.ParentRunner.access$100(ParentRunner.java:66)
	at org.junit.runners.ParentRunner$2.evaluate(ParentRunner.java:293)
	at org.junit.internal.runners.statements.RunBefores.evaluate(RunBefores.java:26)
	at org.junit.runners.ParentRunner$3.evaluate(ParentRunner.java:306)
	at org.junit.runners.ParentRunner.run(ParentRunner.java:413)
	at org.junit.runners.Suite.runChild(Suite.java:128)
	at org.junit.runners.Suite.runChild(Suite.java:27)
	at org.junit.runners.ParentRunner$4.run(ParentRunner.java:331)
	at org.junit.runners.ParentRunner$1.schedule(ParentRunner.java:79)
	at org.junit.runners.ParentRunner.runChildren(ParentRunner.java:329)
	at org.junit.runners.ParentRunner.access$100(ParentRunner.java:66)
	at org.junit.runners.ParentRunner$2.evaluate(ParentRunner.java:293)
	at org.junit.runners.ParentRunner$3.evaluate(ParentRunner.java:306)
	at org.junit.runners.ParentRunner.run(ParentRunner.java:413)
	at org.junit.runner.JUnitCore.run(JUnitCore.java:137)
	at org.junit.runner.JUnitCore.run(JUnitCore.java:115)
	at edu.illinois.cs.testrunner.execution.JUnitTestExecutor.execute(JUnitTestExecutor.java:263)
	at edu.illinois.cs.testrunner.execution.JUnitTestExecutor.executeWithJUnit4Runner(JUnitTestExecutor.java:331)
	at edu.illinois.cs.testrunner.execution.JUnitTestExecutor.runOrder(JUnitTestExecutor.java:53)
	at edu.illinois.cs.testrunner.execution.Executor$.$anonfun$run$1(Executor.scala:30)
	at scala.runtime.java8.JFunction0$mcV$sp.apply(JFunction0$mcV$sp.java:12)
	at scala.util.Try$.apply(Try.scala:209)
	at edu.illinois.cs.testrunner.execution.Executor$.run(Executor.scala:28)
	at edu.illinois.cs.testrunner.execution.Executor$.main(Executor.scala:18)
	at edu.illinois.cs.testrunner.execution.Executor.main(Executor.scala)
Caused by: java.io.IOException: error=2, No such file or directory
	at java.lang.UNIXProcess.forkAndExec(Native Method)
	at java.lang.UNIXProcess.<init>(UNIXProcess.java:247)
	at java.lang.ProcessImpl.start(ProcessImpl.java:134)
	at java.lang.ProcessBuilder.start(ProcessBuilder.java:1029)
	... 45 more
diffFieldAfter jnr.posix.EnvTest.testSetenvOverwrite com.kenai.jffi.Type.UINT
doing reflection%%%%%%%%%%%%%%%%%%%%%%%%%%%%%%%%%%
$$$$$$$$$$$testFailOrder_full: /home/lichengpeng/spring-holiday/iFixPlus/scripts_new/projectsInstall/projects/jnr/jnr-posix
dtl!!!!!!!!!!!
testFailOrder_full1 : jnr.posix.NlLanginfoTest.testNlLanginfo
args: /home/lichengpeng/spring-holiday/iFixPlus/scripts_ifixplus/xmls/jnr/jnr-posix/jnr.posix.NlLanginfoTest.testNlLanginfo,/home/lichengpeng/spring-holiday/iFixPlus/scripts_ifixplus/subxmls/jnr/jnr-posix/jnr.posix.NlLanginfoTest.testNlLanginfo,/home/lichengpeng/spring-holiday/iFixPlus/scripts_ifixplus/roots/jnr/jnr-posix/jnr.posix.NlLanginfoTest.testNlLanginfo,/home/lichengpeng/spring-holiday/iFixPlus/scripts_ifixplus/pkg/jnr/jnr-posix/jnr.posix.NlLanginfoTest.testNlLanginfo/package-filter,/home/lichengpeng/spring-holiday/iFixPlus/scripts_ifixplus/diffs/jnr/jnr-posix/jnr.posix.NlLanginfoTest.testNlLanginfo,jnr/jnr-posix,jnr.posix.NlLanginfoTest.testNlLanginfo,/home/lichengpeng/spring-holiday/iFixPlus/scripts_ifixplus/output/result.csv,/home/lichengpeng/spring-holiday/iFixPlus/scripts_ifixplus/allFields/jnr/jnr-posix/jnr.posix.NlLanginfoTest.testNlLanginfo,/home/lichengpeng/spring-holiday/iFixPlus/scripts_ifixplus/diffFields/jnr/jnr-posix/jnr.posix.NlLanginfoTest.testNlLanginfo,/home/lichengpeng/spring-holiday/iFixPlus/scripts_ifixplus/subdiffs/jnr/jnr-posix/jnr.posix.NlLanginfoTest.testNlLanginfo,/home/lichengpeng/spring-holiday/iFixPlus/scripts_ifixplus/tmp,/home/lichengpeng/spring-holiday/iFixPlus/scripts_ifixplus/reflection/jnr/jnr-posix/jnr.posix.NlLanginfoTest.testNlLanginfo
targetTestName: jnr.posix.NlLanginfoTest.testNlLanginfo
Successfully loaded native POSIX impl.
test listener at after!!!!!!!!! reflection on the states after!!!!!!!!!!!!!
*****************fn: null
*****************fn: null
xmlFileName: 2
field: com.kenai.jffi.Type.UINT
set!!!
reflection done!!
testStarted end!!
java.io.IOException: Cannot run program "locale": error=2, No such file or directory
	at java.lang.ProcessBuilder.start(ProcessBuilder.java:1048)
	at java.lang.Runtime.exec(Runtime.java:621)
	at java.lang.Runtime.exec(Runtime.java:451)
	at java.lang.Runtime.exec(Runtime.java:348)
	at jnr.posix.NlLanginfoTest.testNlLanginfo(NlLanginfoTest.java:28)
	at sun.reflect.NativeMethodAccessorImpl.invoke0(Native Method)
	at sun.reflect.NativeMethodAccessorImpl.invoke(NativeMethodAccessorImpl.java:62)
	at sun.reflect.DelegatingMethodAccessorImpl.invoke(DelegatingMethodAccessorImpl.java:43)
	at java.lang.reflect.Method.invoke(Method.java:498)
	at org.junit.runners.model.FrameworkMethod$1.runReflectiveCall(FrameworkMethod.java:59)
	at org.junit.internal.runners.model.ReflectiveCallable.run(ReflectiveCallable.java:12)
	at org.junit.runners.model.FrameworkMethod.invokeExplosively(FrameworkMethod.java:56)
	at org.junit.internal.runners.statements.InvokeMethod.evaluate(InvokeMethod.java:17)
	at org.junit.runners.ParentRunner$3.evaluate(ParentRunner.java:306)
	at org.junit.runners.BlockJUnit4ClassRunner$1.evaluate(BlockJUnit4ClassRunner.java:100)
	at org.junit.runners.ParentRunner.runLeaf(ParentRunner.java:366)
	at org.junit.runners.BlockJUnit4ClassRunner.runChild(BlockJUnit4ClassRunner.java:103)
	at org.junit.runners.BlockJUnit4ClassRunner.runChild(BlockJUnit4ClassRunner.java:63)
	at org.junit.runners.ParentRunner$4.run(ParentRunner.java:331)
	at org.junit.runners.ParentRunner$1.schedule(ParentRunner.java:79)
	at org.junit.runners.ParentRunner.runChildren(ParentRunner.java:329)
	at org.junit.runners.ParentRunner.access$100(ParentRunner.java:66)
	at org.junit.runners.ParentRunner$2.evaluate(ParentRunner.java:293)
	at org.junit.internal.runners.statements.RunBefores.evaluate(RunBefores.java:26)
	at org.junit.runners.ParentRunner$3.evaluate(ParentRunner.java:306)
	at org.junit.runners.ParentRunner.run(ParentRunner.java:413)
	at org.junit.runners.Suite.runChild(Suite.java:128)
	at org.junit.runners.Suite.runChild(Suite.java:27)
	at org.junit.runners.ParentRunner$4.run(ParentRunner.java:331)
	at org.junit.runners.ParentRunner$1.schedule(ParentRunner.java:79)
	at org.junit.runners.ParentRunner.runChildren(ParentRunner.java:329)
	at org.junit.runners.ParentRunner.access$100(ParentRunner.java:66)
	at org.junit.runners.ParentRunner$2.evaluate(ParentRunner.java:293)
	at org.junit.runners.ParentRunner$3.evaluate(ParentRunner.java:306)
	at org.junit.runners.ParentRunner.run(ParentRunner.java:413)
	at org.junit.runner.JUnitCore.run(JUnitCore.java:137)
	at org.junit.runner.JUnitCore.run(JUnitCore.java:115)
	at edu.illinois.cs.testrunner.execution.JUnitTestExecutor.execute(JUnitTestExecutor.java:263)
	at edu.illinois.cs.testrunner.execution.JUnitTestExecutor.executeWithJUnit4Runner(JUnitTestExecutor.java:331)
	at edu.illinois.cs.testrunner.execution.JUnitTestExecutor.runOrder(JUnitTestExecutor.java:53)
	at edu.illinois.cs.testrunner.execution.Executor$.$anonfun$run$1(Executor.scala:30)
	at scala.runtime.java8.JFunction0$mcV$sp.apply(JFunction0$mcV$sp.java:12)
	at scala.util.Try$.apply(Try.scala:209)
	at edu.illinois.cs.testrunner.execution.Executor$.run(Executor.scala:28)
	at edu.illinois.cs.testrunner.execution.Executor$.main(Executor.scala:18)
	at edu.illinois.cs.testrunner.execution.Executor.main(Executor.scala)
Caused by: java.io.IOException: error=2, No such file or directory
	at java.lang.UNIXProcess.forkAndExec(Native Method)
	at java.lang.UNIXProcess.<init>(UNIXProcess.java:247)
	at java.lang.ProcessImpl.start(ProcessImpl.java:134)
	at java.lang.ProcessBuilder.start(ProcessBuilder.java:1029)
	... 45 more
diffFieldAfter jnr.posix.EnvTest.testSetenvOverwrite com.kenai.jffi.Library$DefaultLibrary.INSTANCE
doing reflection%%%%%%%%%%%%%%%%%%%%%%%%%%%%%%%%%%
$$$$$$$$$$$testFailOrder_full: /home/lichengpeng/spring-holiday/iFixPlus/scripts_new/projectsInstall/projects/jnr/jnr-posix
dtl!!!!!!!!!!!
testFailOrder_full1 : jnr.posix.NlLanginfoTest.testNlLanginfo
args: /home/lichengpeng/spring-holiday/iFixPlus/scripts_ifixplus/xmls/jnr/jnr-posix/jnr.posix.NlLanginfoTest.testNlLanginfo,/home/lichengpeng/spring-holiday/iFixPlus/scripts_ifixplus/subxmls/jnr/jnr-posix/jnr.posix.NlLanginfoTest.testNlLanginfo,/home/lichengpeng/spring-holiday/iFixPlus/scripts_ifixplus/roots/jnr/jnr-posix/jnr.posix.NlLanginfoTest.testNlLanginfo,/home/lichengpeng/spring-holiday/iFixPlus/scripts_ifixplus/pkg/jnr/jnr-posix/jnr.posix.NlLanginfoTest.testNlLanginfo/package-filter,/home/lichengpeng/spring-holiday/iFixPlus/scripts_ifixplus/diffs/jnr/jnr-posix/jnr.posix.NlLanginfoTest.testNlLanginfo,jnr/jnr-posix,jnr.posix.NlLanginfoTest.testNlLanginfo,/home/lichengpeng/spring-holiday/iFixPlus/scripts_ifixplus/output/result.csv,/home/lichengpeng/spring-holiday/iFixPlus/scripts_ifixplus/allFields/jnr/jnr-posix/jnr.posix.NlLanginfoTest.testNlLanginfo,/home/lichengpeng/spring-holiday/iFixPlus/scripts_ifixplus/diffFields/jnr/jnr-posix/jnr.posix.NlLanginfoTest.testNlLanginfo,/home/lichengpeng/spring-holiday/iFixPlus/scripts_ifixplus/subdiffs/jnr/jnr-posix/jnr.posix.NlLanginfoTest.testNlLanginfo,/home/lichengpeng/spring-holiday/iFixPlus/scripts_ifixplus/tmp,/home/lichengpeng/spring-holiday/iFixPlus/scripts_ifixplus/reflection/jnr/jnr-posix/jnr.posix.NlLanginfoTest.testNlLanginfo
targetTestName: jnr.posix.NlLanginfoTest.testNlLanginfo
Successfully loaded native POSIX impl.
test listener at after!!!!!!!!! reflection on the states after!!!!!!!!!!!!!
*****************fn: null
*****************fn: null
xmlFileName: 2
field: com.kenai.jffi.Library$DefaultLibrary.INSTANCE
set!!!
reflection done!!
testStarted end!!
java.io.IOException: Cannot run program "locale": error=2, No such file or directory
	at java.lang.ProcessBuilder.start(ProcessBuilder.java:1048)
	at java.lang.Runtime.exec(Runtime.java:621)
	at java.lang.Runtime.exec(Runtime.java:451)
	at java.lang.Runtime.exec(Runtime.java:348)
	at jnr.posix.NlLanginfoTest.testNlLanginfo(NlLanginfoTest.java:28)
	at sun.reflect.NativeMethodAccessorImpl.invoke0(Native Method)
	at sun.reflect.NativeMethodAccessorImpl.invoke(NativeMethodAccessorImpl.java:62)
	at sun.reflect.DelegatingMethodAccessorImpl.invoke(DelegatingMethodAccessorImpl.java:43)
	at java.lang.reflect.Method.invoke(Method.java:498)
	at org.junit.runners.model.FrameworkMethod$1.runReflectiveCall(FrameworkMethod.java:59)
	at org.junit.internal.runners.model.ReflectiveCallable.run(ReflectiveCallable.java:12)
	at org.junit.runners.model.FrameworkMethod.invokeExplosively(FrameworkMethod.java:56)
	at org.junit.internal.runners.statements.InvokeMethod.evaluate(InvokeMethod.java:17)
	at org.junit.runners.ParentRunner$3.evaluate(ParentRunner.java:306)
	at org.junit.runners.BlockJUnit4ClassRunner$1.evaluate(BlockJUnit4ClassRunner.java:100)
	at org.junit.runners.ParentRunner.runLeaf(ParentRunner.java:366)
	at org.junit.runners.BlockJUnit4ClassRunner.runChild(BlockJUnit4ClassRunner.java:103)
	at org.junit.runners.BlockJUnit4ClassRunner.runChild(BlockJUnit4ClassRunner.java:63)
	at org.junit.runners.ParentRunner$4.run(ParentRunner.java:331)
	at org.junit.runners.ParentRunner$1.schedule(ParentRunner.java:79)
	at org.junit.runners.ParentRunner.runChildren(ParentRunner.java:329)
	at org.junit.runners.ParentRunner.access$100(ParentRunner.java:66)
	at org.junit.runners.ParentRunner$2.evaluate(ParentRunner.java:293)
	at org.junit.internal.runners.statements.RunBefores.evaluate(RunBefores.java:26)
	at org.junit.runners.ParentRunner$3.evaluate(ParentRunner.java:306)
	at org.junit.runners.ParentRunner.run(ParentRunner.java:413)
	at org.junit.runners.Suite.runChild(Suite.java:128)
	at org.junit.runners.Suite.runChild(Suite.java:27)
	at org.junit.runners.ParentRunner$4.run(ParentRunner.java:331)
	at org.junit.runners.ParentRunner$1.schedule(ParentRunner.java:79)
	at org.junit.runners.ParentRunner.runChildren(ParentRunner.java:329)
	at org.junit.runners.ParentRunner.access$100(ParentRunner.java:66)
	at org.junit.runners.ParentRunner$2.evaluate(ParentRunner.java:293)
	at org.junit.runners.ParentRunner$3.evaluate(ParentRunner.java:306)
	at org.junit.runners.ParentRunner.run(ParentRunner.java:413)
	at org.junit.runner.JUnitCore.run(JUnitCore.java:137)
	at org.junit.runner.JUnitCore.run(JUnitCore.java:115)
	at edu.illinois.cs.testrunner.execution.JUnitTestExecutor.execute(JUnitTestExecutor.java:263)
	at edu.illinois.cs.testrunner.execution.JUnitTestExecutor.executeWithJUnit4Runner(JUnitTestExecutor.java:331)
	at edu.illinois.cs.testrunner.execution.JUnitTestExecutor.runOrder(JUnitTestExecutor.java:53)
	at edu.illinois.cs.testrunner.execution.Executor$.$anonfun$run$1(Executor.scala:30)
	at scala.runtime.java8.JFunction0$mcV$sp.apply(JFunction0$mcV$sp.java:12)
	at scala.util.Try$.apply(Try.scala:209)
	at edu.illinois.cs.testrunner.execution.Executor$.run(Executor.scala:28)
	at edu.illinois.cs.testrunner.execution.Executor$.main(Executor.scala:18)
	at edu.illinois.cs.testrunner.execution.Executor.main(Executor.scala)
Caused by: java.io.IOException: error=2, No such file or directory
	at java.lang.UNIXProcess.forkAndExec(Native Method)
	at java.lang.UNIXProcess.<init>(UNIXProcess.java:247)
	at java.lang.ProcessImpl.start(ProcessImpl.java:134)
	at java.lang.ProcessBuilder.start(ProcessBuilder.java:1029)
	... 45 more
diffFieldAfter jnr.posix.EnvTest.testSetenvOverwrite com.kenai.jffi.Type.SSHORT
doing reflection%%%%%%%%%%%%%%%%%%%%%%%%%%%%%%%%%%
$$$$$$$$$$$testFailOrder_full: /home/lichengpeng/spring-holiday/iFixPlus/scripts_new/projectsInstall/projects/jnr/jnr-posix
dtl!!!!!!!!!!!
testFailOrder_full1 : jnr.posix.NlLanginfoTest.testNlLanginfo
args: /home/lichengpeng/spring-holiday/iFixPlus/scripts_ifixplus/xmls/jnr/jnr-posix/jnr.posix.NlLanginfoTest.testNlLanginfo,/home/lichengpeng/spring-holiday/iFixPlus/scripts_ifixplus/subxmls/jnr/jnr-posix/jnr.posix.NlLanginfoTest.testNlLanginfo,/home/lichengpeng/spring-holiday/iFixPlus/scripts_ifixplus/roots/jnr/jnr-posix/jnr.posix.NlLanginfoTest.testNlLanginfo,/home/lichengpeng/spring-holiday/iFixPlus/scripts_ifixplus/pkg/jnr/jnr-posix/jnr.posix.NlLanginfoTest.testNlLanginfo/package-filter,/home/lichengpeng/spring-holiday/iFixPlus/scripts_ifixplus/diffs/jnr/jnr-posix/jnr.posix.NlLanginfoTest.testNlLanginfo,jnr/jnr-posix,jnr.posix.NlLanginfoTest.testNlLanginfo,/home/lichengpeng/spring-holiday/iFixPlus/scripts_ifixplus/output/result.csv,/home/lichengpeng/spring-holiday/iFixPlus/scripts_ifixplus/allFields/jnr/jnr-posix/jnr.posix.NlLanginfoTest.testNlLanginfo,/home/lichengpeng/spring-holiday/iFixPlus/scripts_ifixplus/diffFields/jnr/jnr-posix/jnr.posix.NlLanginfoTest.testNlLanginfo,/home/lichengpeng/spring-holiday/iFixPlus/scripts_ifixplus/subdiffs/jnr/jnr-posix/jnr.posix.NlLanginfoTest.testNlLanginfo,/home/lichengpeng/spring-holiday/iFixPlus/scripts_ifixplus/tmp,/home/lichengpeng/spring-holiday/iFixPlus/scripts_ifixplus/reflection/jnr/jnr-posix/jnr.posix.NlLanginfoTest.testNlLanginfo
targetTestName: jnr.posix.NlLanginfoTest.testNlLanginfo
Successfully loaded native POSIX impl.
test listener at after!!!!!!!!! reflection on the states after!!!!!!!!!!!!!
*****************fn: null
*****************fn: null
xmlFileName: 2
field: com.kenai.jffi.Type.SSHORT
set!!!
reflection done!!
testStarted end!!
java.io.IOException: Cannot run program "locale": error=2, No such file or directory
	at java.lang.ProcessBuilder.start(ProcessBuilder.java:1048)
	at java.lang.Runtime.exec(Runtime.java:621)
	at java.lang.Runtime.exec(Runtime.java:451)
	at java.lang.Runtime.exec(Runtime.java:348)
	at jnr.posix.NlLanginfoTest.testNlLanginfo(NlLanginfoTest.java:28)
	at sun.reflect.NativeMethodAccessorImpl.invoke0(Native Method)
	at sun.reflect.NativeMethodAccessorImpl.invoke(NativeMethodAccessorImpl.java:62)
	at sun.reflect.DelegatingMethodAccessorImpl.invoke(DelegatingMethodAccessorImpl.java:43)
	at java.lang.reflect.Method.invoke(Method.java:498)
	at org.junit.runners.model.FrameworkMethod$1.runReflectiveCall(FrameworkMethod.java:59)
	at org.junit.internal.runners.model.ReflectiveCallable.run(ReflectiveCallable.java:12)
	at org.junit.runners.model.FrameworkMethod.invokeExplosively(FrameworkMethod.java:56)
	at org.junit.internal.runners.statements.InvokeMethod.evaluate(InvokeMethod.java:17)
	at org.junit.runners.ParentRunner$3.evaluate(ParentRunner.java:306)
	at org.junit.runners.BlockJUnit4ClassRunner$1.evaluate(BlockJUnit4ClassRunner.java:100)
	at org.junit.runners.ParentRunner.runLeaf(ParentRunner.java:366)
	at org.junit.runners.BlockJUnit4ClassRunner.runChild(BlockJUnit4ClassRunner.java:103)
	at org.junit.runners.BlockJUnit4ClassRunner.runChild(BlockJUnit4ClassRunner.java:63)
	at org.junit.runners.ParentRunner$4.run(ParentRunner.java:331)
	at org.junit.runners.ParentRunner$1.schedule(ParentRunner.java:79)
	at org.junit.runners.ParentRunner.runChildren(ParentRunner.java:329)
	at org.junit.runners.ParentRunner.access$100(ParentRunner.java:66)
	at org.junit.runners.ParentRunner$2.evaluate(ParentRunner.java:293)
	at org.junit.internal.runners.statements.RunBefores.evaluate(RunBefores.java:26)
	at org.junit.runners.ParentRunner$3.evaluate(ParentRunner.java:306)
	at org.junit.runners.ParentRunner.run(ParentRunner.java:413)
	at org.junit.runners.Suite.runChild(Suite.java:128)
	at org.junit.runners.Suite.runChild(Suite.java:27)
	at org.junit.runners.ParentRunner$4.run(ParentRunner.java:331)
	at org.junit.runners.ParentRunner$1.schedule(ParentRunner.java:79)
	at org.junit.runners.ParentRunner.runChildren(ParentRunner.java:329)
	at org.junit.runners.ParentRunner.access$100(ParentRunner.java:66)
	at org.junit.runners.ParentRunner$2.evaluate(ParentRunner.java:293)
	at org.junit.runners.ParentRunner$3.evaluate(ParentRunner.java:306)
	at org.junit.runners.ParentRunner.run(ParentRunner.java:413)
	at org.junit.runner.JUnitCore.run(JUnitCore.java:137)
	at org.junit.runner.JUnitCore.run(JUnitCore.java:115)
	at edu.illinois.cs.testrunner.execution.JUnitTestExecutor.execute(JUnitTestExecutor.java:263)
	at edu.illinois.cs.testrunner.execution.JUnitTestExecutor.executeWithJUnit4Runner(JUnitTestExecutor.java:331)
	at edu.illinois.cs.testrunner.execution.JUnitTestExecutor.runOrder(JUnitTestExecutor.java:53)
	at edu.illinois.cs.testrunner.execution.Executor$.$anonfun$run$1(Executor.scala:30)
	at scala.runtime.java8.JFunction0$mcV$sp.apply(JFunction0$mcV$sp.java:12)
	at scala.util.Try$.apply(Try.scala:209)
	at edu.illinois.cs.testrunner.execution.Executor$.run(Executor.scala:28)
	at edu.illinois.cs.testrunner.execution.Executor$.main(Executor.scala:18)
	at edu.illinois.cs.testrunner.execution.Executor.main(Executor.scala)
Caused by: java.io.IOException: error=2, No such file or directory
	at java.lang.UNIXProcess.forkAndExec(Native Method)
	at java.lang.UNIXProcess.<init>(UNIXProcess.java:247)
	at java.lang.ProcessImpl.start(ProcessImpl.java:134)
	at java.lang.ProcessBuilder.start(ProcessBuilder.java:1029)
	... 45 more
diffFieldAfter jnr.posix.EnvTest.testSetenvOverwrite jnr.posix.NativeTimes.layout
doing reflection%%%%%%%%%%%%%%%%%%%%%%%%%%%%%%%%%%
$$$$$$$$$$$testFailOrder_full: /home/lichengpeng/spring-holiday/iFixPlus/scripts_new/projectsInstall/projects/jnr/jnr-posix
dtl!!!!!!!!!!!
testFailOrder_full1 : jnr.posix.NlLanginfoTest.testNlLanginfo
args: /home/lichengpeng/spring-holiday/iFixPlus/scripts_ifixplus/xmls/jnr/jnr-posix/jnr.posix.NlLanginfoTest.testNlLanginfo,/home/lichengpeng/spring-holiday/iFixPlus/scripts_ifixplus/subxmls/jnr/jnr-posix/jnr.posix.NlLanginfoTest.testNlLanginfo,/home/lichengpeng/spring-holiday/iFixPlus/scripts_ifixplus/roots/jnr/jnr-posix/jnr.posix.NlLanginfoTest.testNlLanginfo,/home/lichengpeng/spring-holiday/iFixPlus/scripts_ifixplus/pkg/jnr/jnr-posix/jnr.posix.NlLanginfoTest.testNlLanginfo/package-filter,/home/lichengpeng/spring-holiday/iFixPlus/scripts_ifixplus/diffs/jnr/jnr-posix/jnr.posix.NlLanginfoTest.testNlLanginfo,jnr/jnr-posix,jnr.posix.NlLanginfoTest.testNlLanginfo,/home/lichengpeng/spring-holiday/iFixPlus/scripts_ifixplus/output/result.csv,/home/lichengpeng/spring-holiday/iFixPlus/scripts_ifixplus/allFields/jnr/jnr-posix/jnr.posix.NlLanginfoTest.testNlLanginfo,/home/lichengpeng/spring-holiday/iFixPlus/scripts_ifixplus/diffFields/jnr/jnr-posix/jnr.posix.NlLanginfoTest.testNlLanginfo,/home/lichengpeng/spring-holiday/iFixPlus/scripts_ifixplus/subdiffs/jnr/jnr-posix/jnr.posix.NlLanginfoTest.testNlLanginfo,/home/lichengpeng/spring-holiday/iFixPlus/scripts_ifixplus/tmp,/home/lichengpeng/spring-holiday/iFixPlus/scripts_ifixplus/reflection/jnr/jnr-posix/jnr.posix.NlLanginfoTest.testNlLanginfo
targetTestName: jnr.posix.NlLanginfoTest.testNlLanginfo
Successfully loaded native POSIX impl.
test listener at after!!!!!!!!! reflection on the states after!!!!!!!!!!!!!
*****************fn: null
*****************fn: null
xmlFileName: 2
field: jnr.posix.NativeTimes.layout
set!!!
reflection done!!
testStarted end!!
java.io.IOException: Cannot run program "locale": error=2, No such file or directory
	at java.lang.ProcessBuilder.start(ProcessBuilder.java:1048)
	at java.lang.Runtime.exec(Runtime.java:621)
	at java.lang.Runtime.exec(Runtime.java:451)
	at java.lang.Runtime.exec(Runtime.java:348)
	at jnr.posix.NlLanginfoTest.testNlLanginfo(NlLanginfoTest.java:28)
	at sun.reflect.NativeMethodAccessorImpl.invoke0(Native Method)
	at sun.reflect.NativeMethodAccessorImpl.invoke(NativeMethodAccessorImpl.java:62)
	at sun.reflect.DelegatingMethodAccessorImpl.invoke(DelegatingMethodAccessorImpl.java:43)
	at java.lang.reflect.Method.invoke(Method.java:498)
	at org.junit.runners.model.FrameworkMethod$1.runReflectiveCall(FrameworkMethod.java:59)
	at org.junit.internal.runners.model.ReflectiveCallable.run(ReflectiveCallable.java:12)
	at org.junit.runners.model.FrameworkMethod.invokeExplosively(FrameworkMethod.java:56)
	at org.junit.internal.runners.statements.InvokeMethod.evaluate(InvokeMethod.java:17)
	at org.junit.runners.ParentRunner$3.evaluate(ParentRunner.java:306)
	at org.junit.runners.BlockJUnit4ClassRunner$1.evaluate(BlockJUnit4ClassRunner.java:100)
	at org.junit.runners.ParentRunner.runLeaf(ParentRunner.java:366)
	at org.junit.runners.BlockJUnit4ClassRunner.runChild(BlockJUnit4ClassRunner.java:103)
	at org.junit.runners.BlockJUnit4ClassRunner.runChild(BlockJUnit4ClassRunner.java:63)
	at org.junit.runners.ParentRunner$4.run(ParentRunner.java:331)
	at org.junit.runners.ParentRunner$1.schedule(ParentRunner.java:79)
	at org.junit.runners.ParentRunner.runChildren(ParentRunner.java:329)
	at org.junit.runners.ParentRunner.access$100(ParentRunner.java:66)
	at org.junit.runners.ParentRunner$2.evaluate(ParentRunner.java:293)
	at org.junit.internal.runners.statements.RunBefores.evaluate(RunBefores.java:26)
	at org.junit.runners.ParentRunner$3.evaluate(ParentRunner.java:306)
	at org.junit.runners.ParentRunner.run(ParentRunner.java:413)
	at org.junit.runners.Suite.runChild(Suite.java:128)
	at org.junit.runners.Suite.runChild(Suite.java:27)
	at org.junit.runners.ParentRunner$4.run(ParentRunner.java:331)
	at org.junit.runners.ParentRunner$1.schedule(ParentRunner.java:79)
	at org.junit.runners.ParentRunner.runChildren(ParentRunner.java:329)
	at org.junit.runners.ParentRunner.access$100(ParentRunner.java:66)
	at org.junit.runners.ParentRunner$2.evaluate(ParentRunner.java:293)
	at org.junit.runners.ParentRunner$3.evaluate(ParentRunner.java:306)
	at org.junit.runners.ParentRunner.run(ParentRunner.java:413)
	at org.junit.runner.JUnitCore.run(JUnitCore.java:137)
	at org.junit.runner.JUnitCore.run(JUnitCore.java:115)
	at edu.illinois.cs.testrunner.execution.JUnitTestExecutor.execute(JUnitTestExecutor.java:263)
	at edu.illinois.cs.testrunner.execution.JUnitTestExecutor.executeWithJUnit4Runner(JUnitTestExecutor.java:331)
	at edu.illinois.cs.testrunner.execution.JUnitTestExecutor.runOrder(JUnitTestExecutor.java:53)
	at edu.illinois.cs.testrunner.execution.Executor$.$anonfun$run$1(Executor.scala:30)
	at scala.runtime.java8.JFunction0$mcV$sp.apply(JFunction0$mcV$sp.java:12)
	at scala.util.Try$.apply(Try.scala:209)
	at edu.illinois.cs.testrunner.execution.Executor$.run(Executor.scala:28)
	at edu.illinois.cs.testrunner.execution.Executor$.main(Executor.scala:18)
	at edu.illinois.cs.testrunner.execution.Executor.main(Executor.scala)
Caused by: java.io.IOException: error=2, No such file or directory
	at java.lang.UNIXProcess.forkAndExec(Native Method)
	at java.lang.UNIXProcess.<init>(UNIXProcess.java:247)
	at java.lang.ProcessImpl.start(ProcessImpl.java:134)
	at java.lang.ProcessBuilder.start(ProcessBuilder.java:1029)
	... 45 more
diffFieldAfter jnr.posix.EnvTest.testSetenvOverwrite jnr.ffi.provider.jffi.InvokerUtil.jffiTypes
doing reflection%%%%%%%%%%%%%%%%%%%%%%%%%%%%%%%%%%
$$$$$$$$$$$testFailOrder_full: /home/lichengpeng/spring-holiday/iFixPlus/scripts_new/projectsInstall/projects/jnr/jnr-posix
dtl!!!!!!!!!!!
testFailOrder_full1 : jnr.posix.NlLanginfoTest.testNlLanginfo
args: /home/lichengpeng/spring-holiday/iFixPlus/scripts_ifixplus/xmls/jnr/jnr-posix/jnr.posix.NlLanginfoTest.testNlLanginfo,/home/lichengpeng/spring-holiday/iFixPlus/scripts_ifixplus/subxmls/jnr/jnr-posix/jnr.posix.NlLanginfoTest.testNlLanginfo,/home/lichengpeng/spring-holiday/iFixPlus/scripts_ifixplus/roots/jnr/jnr-posix/jnr.posix.NlLanginfoTest.testNlLanginfo,/home/lichengpeng/spring-holiday/iFixPlus/scripts_ifixplus/pkg/jnr/jnr-posix/jnr.posix.NlLanginfoTest.testNlLanginfo/package-filter,/home/lichengpeng/spring-holiday/iFixPlus/scripts_ifixplus/diffs/jnr/jnr-posix/jnr.posix.NlLanginfoTest.testNlLanginfo,jnr/jnr-posix,jnr.posix.NlLanginfoTest.testNlLanginfo,/home/lichengpeng/spring-holiday/iFixPlus/scripts_ifixplus/output/result.csv,/home/lichengpeng/spring-holiday/iFixPlus/scripts_ifixplus/allFields/jnr/jnr-posix/jnr.posix.NlLanginfoTest.testNlLanginfo,/home/lichengpeng/spring-holiday/iFixPlus/scripts_ifixplus/diffFields/jnr/jnr-posix/jnr.posix.NlLanginfoTest.testNlLanginfo,/home/lichengpeng/spring-holiday/iFixPlus/scripts_ifixplus/subdiffs/jnr/jnr-posix/jnr.posix.NlLanginfoTest.testNlLanginfo,/home/lichengpeng/spring-holiday/iFixPlus/scripts_ifixplus/tmp,/home/lichengpeng/spring-holiday/iFixPlus/scripts_ifixplus/reflection/jnr/jnr-posix/jnr.posix.NlLanginfoTest.testNlLanginfo
targetTestName: jnr.posix.NlLanginfoTest.testNlLanginfo
Successfully loaded native POSIX impl.
test listener at after!!!!!!!!! reflection on the states after!!!!!!!!!!!!!
*****************fn: null
*****************fn: null
xmlFileName: 2
field: jnr.ffi.provider.jffi.InvokerUtil.jffiTypes
set!!!
reflection done!!
testStarted end!!
java.io.IOException: Cannot run program "locale": error=2, No such file or directory
	at java.lang.ProcessBuilder.start(ProcessBuilder.java:1048)
	at java.lang.Runtime.exec(Runtime.java:621)
	at java.lang.Runtime.exec(Runtime.java:451)
	at java.lang.Runtime.exec(Runtime.java:348)
	at jnr.posix.NlLanginfoTest.testNlLanginfo(NlLanginfoTest.java:28)
	at sun.reflect.NativeMethodAccessorImpl.invoke0(Native Method)
	at sun.reflect.NativeMethodAccessorImpl.invoke(NativeMethodAccessorImpl.java:62)
	at sun.reflect.DelegatingMethodAccessorImpl.invoke(DelegatingMethodAccessorImpl.java:43)
	at java.lang.reflect.Method.invoke(Method.java:498)
	at org.junit.runners.model.FrameworkMethod$1.runReflectiveCall(FrameworkMethod.java:59)
	at org.junit.internal.runners.model.ReflectiveCallable.run(ReflectiveCallable.java:12)
	at org.junit.runners.model.FrameworkMethod.invokeExplosively(FrameworkMethod.java:56)
	at org.junit.internal.runners.statements.InvokeMethod.evaluate(InvokeMethod.java:17)
	at org.junit.runners.ParentRunner$3.evaluate(ParentRunner.java:306)
	at org.junit.runners.BlockJUnit4ClassRunner$1.evaluate(BlockJUnit4ClassRunner.java:100)
	at org.junit.runners.ParentRunner.runLeaf(ParentRunner.java:366)
	at org.junit.runners.BlockJUnit4ClassRunner.runChild(BlockJUnit4ClassRunner.java:103)
	at org.junit.runners.BlockJUnit4ClassRunner.runChild(BlockJUnit4ClassRunner.java:63)
	at org.junit.runners.ParentRunner$4.run(ParentRunner.java:331)
	at org.junit.runners.ParentRunner$1.schedule(ParentRunner.java:79)
	at org.junit.runners.ParentRunner.runChildren(ParentRunner.java:329)
	at org.junit.runners.ParentRunner.access$100(ParentRunner.java:66)
	at org.junit.runners.ParentRunner$2.evaluate(ParentRunner.java:293)
	at org.junit.internal.runners.statements.RunBefores.evaluate(RunBefores.java:26)
	at org.junit.runners.ParentRunner$3.evaluate(ParentRunner.java:306)
	at org.junit.runners.ParentRunner.run(ParentRunner.java:413)
	at org.junit.runners.Suite.runChild(Suite.java:128)
	at org.junit.runners.Suite.runChild(Suite.java:27)
	at org.junit.runners.ParentRunner$4.run(ParentRunner.java:331)
	at org.junit.runners.ParentRunner$1.schedule(ParentRunner.java:79)
	at org.junit.runners.ParentRunner.runChildren(ParentRunner.java:329)
	at org.junit.runners.ParentRunner.access$100(ParentRunner.java:66)
	at org.junit.runners.ParentRunner$2.evaluate(ParentRunner.java:293)
	at org.junit.runners.ParentRunner$3.evaluate(ParentRunner.java:306)
	at org.junit.runners.ParentRunner.run(ParentRunner.java:413)
	at org.junit.runner.JUnitCore.run(JUnitCore.java:137)
	at org.junit.runner.JUnitCore.run(JUnitCore.java:115)
	at edu.illinois.cs.testrunner.execution.JUnitTestExecutor.execute(JUnitTestExecutor.java:263)
	at edu.illinois.cs.testrunner.execution.JUnitTestExecutor.executeWithJUnit4Runner(JUnitTestExecutor.java:331)
	at edu.illinois.cs.testrunner.execution.JUnitTestExecutor.runOrder(JUnitTestExecutor.java:53)
	at edu.illinois.cs.testrunner.execution.Executor$.$anonfun$run$1(Executor.scala:30)
	at scala.runtime.java8.JFunction0$mcV$sp.apply(JFunction0$mcV$sp.java:12)
	at scala.util.Try$.apply(Try.scala:209)
	at edu.illinois.cs.testrunner.execution.Executor$.run(Executor.scala:28)
	at edu.illinois.cs.testrunner.execution.Executor$.main(Executor.scala:18)
	at edu.illinois.cs.testrunner.execution.Executor.main(Executor.scala)
Caused by: java.io.IOException: error=2, No such file or directory
	at java.lang.UNIXProcess.forkAndExec(Native Method)
	at java.lang.UNIXProcess.<init>(UNIXProcess.java:247)
	at java.lang.ProcessImpl.start(ProcessImpl.java:134)
	at java.lang.ProcessBuilder.start(ProcessBuilder.java:1029)
	... 45 more
diffFieldAfter jnr.posix.EnvTest.testSetenvOverwrite com.kenai.jffi.NativeMethods.registeredMethods
doing reflection%%%%%%%%%%%%%%%%%%%%%%%%%%%%%%%%%%
$$$$$$$$$$$testFailOrder_full: /home/lichengpeng/spring-holiday/iFixPlus/scripts_new/projectsInstall/projects/jnr/jnr-posix
dtl!!!!!!!!!!!
testFailOrder_full1 : jnr.posix.NlLanginfoTest.testNlLanginfo
args: /home/lichengpeng/spring-holiday/iFixPlus/scripts_ifixplus/xmls/jnr/jnr-posix/jnr.posix.NlLanginfoTest.testNlLanginfo,/home/lichengpeng/spring-holiday/iFixPlus/scripts_ifixplus/subxmls/jnr/jnr-posix/jnr.posix.NlLanginfoTest.testNlLanginfo,/home/lichengpeng/spring-holiday/iFixPlus/scripts_ifixplus/roots/jnr/jnr-posix/jnr.posix.NlLanginfoTest.testNlLanginfo,/home/lichengpeng/spring-holiday/iFixPlus/scripts_ifixplus/pkg/jnr/jnr-posix/jnr.posix.NlLanginfoTest.testNlLanginfo/package-filter,/home/lichengpeng/spring-holiday/iFixPlus/scripts_ifixplus/diffs/jnr/jnr-posix/jnr.posix.NlLanginfoTest.testNlLanginfo,jnr/jnr-posix,jnr.posix.NlLanginfoTest.testNlLanginfo,/home/lichengpeng/spring-holiday/iFixPlus/scripts_ifixplus/output/result.csv,/home/lichengpeng/spring-holiday/iFixPlus/scripts_ifixplus/allFields/jnr/jnr-posix/jnr.posix.NlLanginfoTest.testNlLanginfo,/home/lichengpeng/spring-holiday/iFixPlus/scripts_ifixplus/diffFields/jnr/jnr-posix/jnr.posix.NlLanginfoTest.testNlLanginfo,/home/lichengpeng/spring-holiday/iFixPlus/scripts_ifixplus/subdiffs/jnr/jnr-posix/jnr.posix.NlLanginfoTest.testNlLanginfo,/home/lichengpeng/spring-holiday/iFixPlus/scripts_ifixplus/tmp,/home/lichengpeng/spring-holiday/iFixPlus/scripts_ifixplus/reflection/jnr/jnr-posix/jnr.posix.NlLanginfoTest.testNlLanginfo
targetTestName: jnr.posix.NlLanginfoTest.testNlLanginfo
Successfully loaded native POSIX impl.
test listener at after!!!!!!!!! reflection on the states after!!!!!!!!!!!!!
*****************fn: null
*****************fn: null
xmlFileName: 2
field: com.kenai.jffi.NativeMethods.registeredMethods
set!!!
reflection done!!
testStarted end!!
java.io.IOException: Cannot run program "locale": error=2, No such file or directory
	at java.lang.ProcessBuilder.start(ProcessBuilder.java:1048)
	at java.lang.Runtime.exec(Runtime.java:621)
	at java.lang.Runtime.exec(Runtime.java:451)
	at java.lang.Runtime.exec(Runtime.java:348)
	at jnr.posix.NlLanginfoTest.testNlLanginfo(NlLanginfoTest.java:28)
	at sun.reflect.NativeMethodAccessorImpl.invoke0(Native Method)
	at sun.reflect.NativeMethodAccessorImpl.invoke(NativeMethodAccessorImpl.java:62)
	at sun.reflect.DelegatingMethodAccessorImpl.invoke(DelegatingMethodAccessorImpl.java:43)
	at java.lang.reflect.Method.invoke(Method.java:498)
	at org.junit.runners.model.FrameworkMethod$1.runReflectiveCall(FrameworkMethod.java:59)
	at org.junit.internal.runners.model.ReflectiveCallable.run(ReflectiveCallable.java:12)
	at org.junit.runners.model.FrameworkMethod.invokeExplosively(FrameworkMethod.java:56)
	at org.junit.internal.runners.statements.InvokeMethod.evaluate(InvokeMethod.java:17)
	at org.junit.runners.ParentRunner$3.evaluate(ParentRunner.java:306)
	at org.junit.runners.BlockJUnit4ClassRunner$1.evaluate(BlockJUnit4ClassRunner.java:100)
	at org.junit.runners.ParentRunner.runLeaf(ParentRunner.java:366)
	at org.junit.runners.BlockJUnit4ClassRunner.runChild(BlockJUnit4ClassRunner.java:103)
	at org.junit.runners.BlockJUnit4ClassRunner.runChild(BlockJUnit4ClassRunner.java:63)
	at org.junit.runners.ParentRunner$4.run(ParentRunner.java:331)
	at org.junit.runners.ParentRunner$1.schedule(ParentRunner.java:79)
	at org.junit.runners.ParentRunner.runChildren(ParentRunner.java:329)
	at org.junit.runners.ParentRunner.access$100(ParentRunner.java:66)
	at org.junit.runners.ParentRunner$2.evaluate(ParentRunner.java:293)
	at org.junit.internal.runners.statements.RunBefores.evaluate(RunBefores.java:26)
	at org.junit.runners.ParentRunner$3.evaluate(ParentRunner.java:306)
	at org.junit.runners.ParentRunner.run(ParentRunner.java:413)
	at org.junit.runners.Suite.runChild(Suite.java:128)
	at org.junit.runners.Suite.runChild(Suite.java:27)
	at org.junit.runners.ParentRunner$4.run(ParentRunner.java:331)
	at org.junit.runners.ParentRunner$1.schedule(ParentRunner.java:79)
	at org.junit.runners.ParentRunner.runChildren(ParentRunner.java:329)
	at org.junit.runners.ParentRunner.access$100(ParentRunner.java:66)
	at org.junit.runners.ParentRunner$2.evaluate(ParentRunner.java:293)
	at org.junit.runners.ParentRunner$3.evaluate(ParentRunner.java:306)
	at org.junit.runners.ParentRunner.run(ParentRunner.java:413)
	at org.junit.runner.JUnitCore.run(JUnitCore.java:137)
	at org.junit.runner.JUnitCore.run(JUnitCore.java:115)
	at edu.illinois.cs.testrunner.execution.JUnitTestExecutor.execute(JUnitTestExecutor.java:263)
	at edu.illinois.cs.testrunner.execution.JUnitTestExecutor.executeWithJUnit4Runner(JUnitTestExecutor.java:331)
	at edu.illinois.cs.testrunner.execution.JUnitTestExecutor.runOrder(JUnitTestExecutor.java:53)
	at edu.illinois.cs.testrunner.execution.Executor$.$anonfun$run$1(Executor.scala:30)
	at scala.runtime.java8.JFunction0$mcV$sp.apply(JFunction0$mcV$sp.java:12)
	at scala.util.Try$.apply(Try.scala:209)
	at edu.illinois.cs.testrunner.execution.Executor$.run(Executor.scala:28)
	at edu.illinois.cs.testrunner.execution.Executor$.main(Executor.scala:18)
	at edu.illinois.cs.testrunner.execution.Executor.main(Executor.scala)
Caused by: java.io.IOException: error=2, No such file or directory
	at java.lang.UNIXProcess.forkAndExec(Native Method)
	at java.lang.UNIXProcess.<init>(UNIXProcess.java:247)
	at java.lang.ProcessImpl.start(ProcessImpl.java:134)
	at java.lang.ProcessBuilder.start(ProcessBuilder.java:1029)
	... 45 more
diffFieldAfter jnr.posix.EnvTest.testSetenvOverwrite jnr.posix.POSIXFactory$DefaultLibCProvider$SingletonHolder.crypt
doing reflection%%%%%%%%%%%%%%%%%%%%%%%%%%%%%%%%%%
$$$$$$$$$$$testFailOrder_full: /home/lichengpeng/spring-holiday/iFixPlus/scripts_new/projectsInstall/projects/jnr/jnr-posix
dtl!!!!!!!!!!!
testFailOrder_full1 : jnr.posix.NlLanginfoTest.testNlLanginfo
args: /home/lichengpeng/spring-holiday/iFixPlus/scripts_ifixplus/xmls/jnr/jnr-posix/jnr.posix.NlLanginfoTest.testNlLanginfo,/home/lichengpeng/spring-holiday/iFixPlus/scripts_ifixplus/subxmls/jnr/jnr-posix/jnr.posix.NlLanginfoTest.testNlLanginfo,/home/lichengpeng/spring-holiday/iFixPlus/scripts_ifixplus/roots/jnr/jnr-posix/jnr.posix.NlLanginfoTest.testNlLanginfo,/home/lichengpeng/spring-holiday/iFixPlus/scripts_ifixplus/pkg/jnr/jnr-posix/jnr.posix.NlLanginfoTest.testNlLanginfo/package-filter,/home/lichengpeng/spring-holiday/iFixPlus/scripts_ifixplus/diffs/jnr/jnr-posix/jnr.posix.NlLanginfoTest.testNlLanginfo,jnr/jnr-posix,jnr.posix.NlLanginfoTest.testNlLanginfo,/home/lichengpeng/spring-holiday/iFixPlus/scripts_ifixplus/output/result.csv,/home/lichengpeng/spring-holiday/iFixPlus/scripts_ifixplus/allFields/jnr/jnr-posix/jnr.posix.NlLanginfoTest.testNlLanginfo,/home/lichengpeng/spring-holiday/iFixPlus/scripts_ifixplus/diffFields/jnr/jnr-posix/jnr.posix.NlLanginfoTest.testNlLanginfo,/home/lichengpeng/spring-holiday/iFixPlus/scripts_ifixplus/subdiffs/jnr/jnr-posix/jnr.posix.NlLanginfoTest.testNlLanginfo,/home/lichengpeng/spring-holiday/iFixPlus/scripts_ifixplus/tmp,/home/lichengpeng/spring-holiday/iFixPlus/scripts_ifixplus/reflection/jnr/jnr-posix/jnr.posix.NlLanginfoTest.testNlLanginfo
targetTestName: jnr.posix.NlLanginfoTest.testNlLanginfo
Successfully loaded native POSIX impl.
test listener at after!!!!!!!!! reflection on the states after!!!!!!!!!!!!!
*****************fn: null
*****************fn: null
xmlFileName: 2
field: jnr.posix.POSIXFactory$DefaultLibCProvider$SingletonHolder.crypt
error in xml deserialztion: com.thoughtworks.xstream.mapper.CannotResolveClassException: jnr.posix.Crypt$jnr$ffi$1
reflection done!!
testStarted end!!
java.io.IOException: Cannot run program "locale": error=2, No such file or directory
	at java.lang.ProcessBuilder.start(ProcessBuilder.java:1048)
	at java.lang.Runtime.exec(Runtime.java:621)
	at java.lang.Runtime.exec(Runtime.java:451)
	at java.lang.Runtime.exec(Runtime.java:348)
	at jnr.posix.NlLanginfoTest.testNlLanginfo(NlLanginfoTest.java:28)
	at sun.reflect.NativeMethodAccessorImpl.invoke0(Native Method)
	at sun.reflect.NativeMethodAccessorImpl.invoke(NativeMethodAccessorImpl.java:62)
	at sun.reflect.DelegatingMethodAccessorImpl.invoke(DelegatingMethodAccessorImpl.java:43)
	at java.lang.reflect.Method.invoke(Method.java:498)
	at org.junit.runners.model.FrameworkMethod$1.runReflectiveCall(FrameworkMethod.java:59)
	at org.junit.internal.runners.model.ReflectiveCallable.run(ReflectiveCallable.java:12)
	at org.junit.runners.model.FrameworkMethod.invokeExplosively(FrameworkMethod.java:56)
	at org.junit.internal.runners.statements.InvokeMethod.evaluate(InvokeMethod.java:17)
	at org.junit.runners.ParentRunner$3.evaluate(ParentRunner.java:306)
	at org.junit.runners.BlockJUnit4ClassRunner$1.evaluate(BlockJUnit4ClassRunner.java:100)
	at org.junit.runners.ParentRunner.runLeaf(ParentRunner.java:366)
	at org.junit.runners.BlockJUnit4ClassRunner.runChild(BlockJUnit4ClassRunner.java:103)
	at org.junit.runners.BlockJUnit4ClassRunner.runChild(BlockJUnit4ClassRunner.java:63)
	at org.junit.runners.ParentRunner$4.run(ParentRunner.java:331)
	at org.junit.runners.ParentRunner$1.schedule(ParentRunner.java:79)
	at org.junit.runners.ParentRunner.runChildren(ParentRunner.java:329)
	at org.junit.runners.ParentRunner.access$100(ParentRunner.java:66)
	at org.junit.runners.ParentRunner$2.evaluate(ParentRunner.java:293)
	at org.junit.internal.runners.statements.RunBefores.evaluate(RunBefores.java:26)
	at org.junit.runners.ParentRunner$3.evaluate(ParentRunner.java:306)
	at org.junit.runners.ParentRunner.run(ParentRunner.java:413)
	at org.junit.runners.Suite.runChild(Suite.java:128)
	at org.junit.runners.Suite.runChild(Suite.java:27)
	at org.junit.runners.ParentRunner$4.run(ParentRunner.java:331)
	at org.junit.runners.ParentRunner$1.schedule(ParentRunner.java:79)
	at org.junit.runners.ParentRunner.runChildren(ParentRunner.java:329)
	at org.junit.runners.ParentRunner.access$100(ParentRunner.java:66)
	at org.junit.runners.ParentRunner$2.evaluate(ParentRunner.java:293)
	at org.junit.runners.ParentRunner$3.evaluate(ParentRunner.java:306)
	at org.junit.runners.ParentRunner.run(ParentRunner.java:413)
	at org.junit.runner.JUnitCore.run(JUnitCore.java:137)
	at org.junit.runner.JUnitCore.run(JUnitCore.java:115)
	at edu.illinois.cs.testrunner.execution.JUnitTestExecutor.execute(JUnitTestExecutor.java:263)
	at edu.illinois.cs.testrunner.execution.JUnitTestExecutor.executeWithJUnit4Runner(JUnitTestExecutor.java:331)
	at edu.illinois.cs.testrunner.execution.JUnitTestExecutor.runOrder(JUnitTestExecutor.java:53)
	at edu.illinois.cs.testrunner.execution.Executor$.$anonfun$run$1(Executor.scala:30)
	at scala.runtime.java8.JFunction0$mcV$sp.apply(JFunction0$mcV$sp.java:12)
	at scala.util.Try$.apply(Try.scala:209)
	at edu.illinois.cs.testrunner.execution.Executor$.run(Executor.scala:28)
	at edu.illinois.cs.testrunner.execution.Executor$.main(Executor.scala:18)
	at edu.illinois.cs.testrunner.execution.Executor.main(Executor.scala)
Caused by: java.io.IOException: error=2, No such file or directory
	at java.lang.UNIXProcess.forkAndExec(Native Method)
	at java.lang.UNIXProcess.<init>(UNIXProcess.java:247)
	at java.lang.ProcessImpl.start(ProcessImpl.java:134)
	at java.lang.ProcessBuilder.start(ProcessBuilder.java:1029)
	... 45 more
diffFieldAfter jnr.posix.EnvTest.testSetenvOverwrite com.kenai.jffi.Type.SLONG_LONG
doing reflection%%%%%%%%%%%%%%%%%%%%%%%%%%%%%%%%%%
$$$$$$$$$$$testFailOrder_full: /home/lichengpeng/spring-holiday/iFixPlus/scripts_new/projectsInstall/projects/jnr/jnr-posix
dtl!!!!!!!!!!!
testFailOrder_full1 : jnr.posix.NlLanginfoTest.testNlLanginfo
args: /home/lichengpeng/spring-holiday/iFixPlus/scripts_ifixplus/xmls/jnr/jnr-posix/jnr.posix.NlLanginfoTest.testNlLanginfo,/home/lichengpeng/spring-holiday/iFixPlus/scripts_ifixplus/subxmls/jnr/jnr-posix/jnr.posix.NlLanginfoTest.testNlLanginfo,/home/lichengpeng/spring-holiday/iFixPlus/scripts_ifixplus/roots/jnr/jnr-posix/jnr.posix.NlLanginfoTest.testNlLanginfo,/home/lichengpeng/spring-holiday/iFixPlus/scripts_ifixplus/pkg/jnr/jnr-posix/jnr.posix.NlLanginfoTest.testNlLanginfo/package-filter,/home/lichengpeng/spring-holiday/iFixPlus/scripts_ifixplus/diffs/jnr/jnr-posix/jnr.posix.NlLanginfoTest.testNlLanginfo,jnr/jnr-posix,jnr.posix.NlLanginfoTest.testNlLanginfo,/home/lichengpeng/spring-holiday/iFixPlus/scripts_ifixplus/output/result.csv,/home/lichengpeng/spring-holiday/iFixPlus/scripts_ifixplus/allFields/jnr/jnr-posix/jnr.posix.NlLanginfoTest.testNlLanginfo,/home/lichengpeng/spring-holiday/iFixPlus/scripts_ifixplus/diffFields/jnr/jnr-posix/jnr.posix.NlLanginfoTest.testNlLanginfo,/home/lichengpeng/spring-holiday/iFixPlus/scripts_ifixplus/subdiffs/jnr/jnr-posix/jnr.posix.NlLanginfoTest.testNlLanginfo,/home/lichengpeng/spring-holiday/iFixPlus/scripts_ifixplus/tmp,/home/lichengpeng/spring-holiday/iFixPlus/scripts_ifixplus/reflection/jnr/jnr-posix/jnr.posix.NlLanginfoTest.testNlLanginfo
targetTestName: jnr.posix.NlLanginfoTest.testNlLanginfo
Successfully loaded native POSIX impl.
test listener at after!!!!!!!!! reflection on the states after!!!!!!!!!!!!!
*****************fn: null
*****************fn: null
xmlFileName: 2
field: com.kenai.jffi.Type.SLONG_LONG
set!!!
reflection done!!
testStarted end!!
java.io.IOException: Cannot run program "locale": error=2, No such file or directory
	at java.lang.ProcessBuilder.start(ProcessBuilder.java:1048)
	at java.lang.Runtime.exec(Runtime.java:621)
	at java.lang.Runtime.exec(Runtime.java:451)
	at java.lang.Runtime.exec(Runtime.java:348)
	at jnr.posix.NlLanginfoTest.testNlLanginfo(NlLanginfoTest.java:28)
	at sun.reflect.NativeMethodAccessorImpl.invoke0(Native Method)
	at sun.reflect.NativeMethodAccessorImpl.invoke(NativeMethodAccessorImpl.java:62)
	at sun.reflect.DelegatingMethodAccessorImpl.invoke(DelegatingMethodAccessorImpl.java:43)
	at java.lang.reflect.Method.invoke(Method.java:498)
	at org.junit.runners.model.FrameworkMethod$1.runReflectiveCall(FrameworkMethod.java:59)
	at org.junit.internal.runners.model.ReflectiveCallable.run(ReflectiveCallable.java:12)
	at org.junit.runners.model.FrameworkMethod.invokeExplosively(FrameworkMethod.java:56)
	at org.junit.internal.runners.statements.InvokeMethod.evaluate(InvokeMethod.java:17)
	at org.junit.runners.ParentRunner$3.evaluate(ParentRunner.java:306)
	at org.junit.runners.BlockJUnit4ClassRunner$1.evaluate(BlockJUnit4ClassRunner.java:100)
	at org.junit.runners.ParentRunner.runLeaf(ParentRunner.java:366)
	at org.junit.runners.BlockJUnit4ClassRunner.runChild(BlockJUnit4ClassRunner.java:103)
	at org.junit.runners.BlockJUnit4ClassRunner.runChild(BlockJUnit4ClassRunner.java:63)
	at org.junit.runners.ParentRunner$4.run(ParentRunner.java:331)
	at org.junit.runners.ParentRunner$1.schedule(ParentRunner.java:79)
	at org.junit.runners.ParentRunner.runChildren(ParentRunner.java:329)
	at org.junit.runners.ParentRunner.access$100(ParentRunner.java:66)
	at org.junit.runners.ParentRunner$2.evaluate(ParentRunner.java:293)
	at org.junit.internal.runners.statements.RunBefores.evaluate(RunBefores.java:26)
	at org.junit.runners.ParentRunner$3.evaluate(ParentRunner.java:306)
	at org.junit.runners.ParentRunner.run(ParentRunner.java:413)
	at org.junit.runners.Suite.runChild(Suite.java:128)
	at org.junit.runners.Suite.runChild(Suite.java:27)
	at org.junit.runners.ParentRunner$4.run(ParentRunner.java:331)
	at org.junit.runners.ParentRunner$1.schedule(ParentRunner.java:79)
	at org.junit.runners.ParentRunner.runChildren(ParentRunner.java:329)
	at org.junit.runners.ParentRunner.access$100(ParentRunner.java:66)
	at org.junit.runners.ParentRunner$2.evaluate(ParentRunner.java:293)
	at org.junit.runners.ParentRunner$3.evaluate(ParentRunner.java:306)
	at org.junit.runners.ParentRunner.run(ParentRunner.java:413)
	at org.junit.runner.JUnitCore.run(JUnitCore.java:137)
	at org.junit.runner.JUnitCore.run(JUnitCore.java:115)
	at edu.illinois.cs.testrunner.execution.JUnitTestExecutor.execute(JUnitTestExecutor.java:263)
	at edu.illinois.cs.testrunner.execution.JUnitTestExecutor.executeWithJUnit4Runner(JUnitTestExecutor.java:331)
	at edu.illinois.cs.testrunner.execution.JUnitTestExecutor.runOrder(JUnitTestExecutor.java:53)
	at edu.illinois.cs.testrunner.execution.Executor$.$anonfun$run$1(Executor.scala:30)
	at scala.runtime.java8.JFunction0$mcV$sp.apply(JFunction0$mcV$sp.java:12)
	at scala.util.Try$.apply(Try.scala:209)
	at edu.illinois.cs.testrunner.execution.Executor$.run(Executor.scala:28)
	at edu.illinois.cs.testrunner.execution.Executor$.main(Executor.scala:18)
	at edu.illinois.cs.testrunner.execution.Executor.main(Executor.scala)
Caused by: java.io.IOException: error=2, No such file or directory
	at java.lang.UNIXProcess.forkAndExec(Native Method)
	at java.lang.UNIXProcess.<init>(UNIXProcess.java:247)
	at java.lang.ProcessImpl.start(ProcessImpl.java:134)
	at java.lang.ProcessBuilder.start(ProcessBuilder.java:1029)
	... 45 more
diffFieldAfter jnr.posix.EnvTest.testSetenvOverwrite com.kenai.jffi.Type.SLONG
doing reflection%%%%%%%%%%%%%%%%%%%%%%%%%%%%%%%%%%
$$$$$$$$$$$testFailOrder_full: /home/lichengpeng/spring-holiday/iFixPlus/scripts_new/projectsInstall/projects/jnr/jnr-posix
dtl!!!!!!!!!!!
testFailOrder_full1 : jnr.posix.NlLanginfoTest.testNlLanginfo
args: /home/lichengpeng/spring-holiday/iFixPlus/scripts_ifixplus/xmls/jnr/jnr-posix/jnr.posix.NlLanginfoTest.testNlLanginfo,/home/lichengpeng/spring-holiday/iFixPlus/scripts_ifixplus/subxmls/jnr/jnr-posix/jnr.posix.NlLanginfoTest.testNlLanginfo,/home/lichengpeng/spring-holiday/iFixPlus/scripts_ifixplus/roots/jnr/jnr-posix/jnr.posix.NlLanginfoTest.testNlLanginfo,/home/lichengpeng/spring-holiday/iFixPlus/scripts_ifixplus/pkg/jnr/jnr-posix/jnr.posix.NlLanginfoTest.testNlLanginfo/package-filter,/home/lichengpeng/spring-holiday/iFixPlus/scripts_ifixplus/diffs/jnr/jnr-posix/jnr.posix.NlLanginfoTest.testNlLanginfo,jnr/jnr-posix,jnr.posix.NlLanginfoTest.testNlLanginfo,/home/lichengpeng/spring-holiday/iFixPlus/scripts_ifixplus/output/result.csv,/home/lichengpeng/spring-holiday/iFixPlus/scripts_ifixplus/allFields/jnr/jnr-posix/jnr.posix.NlLanginfoTest.testNlLanginfo,/home/lichengpeng/spring-holiday/iFixPlus/scripts_ifixplus/diffFields/jnr/jnr-posix/jnr.posix.NlLanginfoTest.testNlLanginfo,/home/lichengpeng/spring-holiday/iFixPlus/scripts_ifixplus/subdiffs/jnr/jnr-posix/jnr.posix.NlLanginfoTest.testNlLanginfo,/home/lichengpeng/spring-holiday/iFixPlus/scripts_ifixplus/tmp,/home/lichengpeng/spring-holiday/iFixPlus/scripts_ifixplus/reflection/jnr/jnr-posix/jnr.posix.NlLanginfoTest.testNlLanginfo
targetTestName: jnr.posix.NlLanginfoTest.testNlLanginfo
Successfully loaded native POSIX impl.
test listener at after!!!!!!!!! reflection on the states after!!!!!!!!!!!!!
*****************fn: null
*****************fn: null
xmlFileName: 2
field: com.kenai.jffi.Type.SLONG
set!!!
reflection done!!
testStarted end!!
java.io.IOException: Cannot run program "locale": error=2, No such file or directory
	at java.lang.ProcessBuilder.start(ProcessBuilder.java:1048)
	at java.lang.Runtime.exec(Runtime.java:621)
	at java.lang.Runtime.exec(Runtime.java:451)
	at java.lang.Runtime.exec(Runtime.java:348)
	at jnr.posix.NlLanginfoTest.testNlLanginfo(NlLanginfoTest.java:28)
	at sun.reflect.NativeMethodAccessorImpl.invoke0(Native Method)
	at sun.reflect.NativeMethodAccessorImpl.invoke(NativeMethodAccessorImpl.java:62)
	at sun.reflect.DelegatingMethodAccessorImpl.invoke(DelegatingMethodAccessorImpl.java:43)
	at java.lang.reflect.Method.invoke(Method.java:498)
	at org.junit.runners.model.FrameworkMethod$1.runReflectiveCall(FrameworkMethod.java:59)
	at org.junit.internal.runners.model.ReflectiveCallable.run(ReflectiveCallable.java:12)
	at org.junit.runners.model.FrameworkMethod.invokeExplosively(FrameworkMethod.java:56)
	at org.junit.internal.runners.statements.InvokeMethod.evaluate(InvokeMethod.java:17)
	at org.junit.runners.ParentRunner$3.evaluate(ParentRunner.java:306)
	at org.junit.runners.BlockJUnit4ClassRunner$1.evaluate(BlockJUnit4ClassRunner.java:100)
	at org.junit.runners.ParentRunner.runLeaf(ParentRunner.java:366)
	at org.junit.runners.BlockJUnit4ClassRunner.runChild(BlockJUnit4ClassRunner.java:103)
	at org.junit.runners.BlockJUnit4ClassRunner.runChild(BlockJUnit4ClassRunner.java:63)
	at org.junit.runners.ParentRunner$4.run(ParentRunner.java:331)
	at org.junit.runners.ParentRunner$1.schedule(ParentRunner.java:79)
	at org.junit.runners.ParentRunner.runChildren(ParentRunner.java:329)
	at org.junit.runners.ParentRunner.access$100(ParentRunner.java:66)
	at org.junit.runners.ParentRunner$2.evaluate(ParentRunner.java:293)
	at org.junit.internal.runners.statements.RunBefores.evaluate(RunBefores.java:26)
	at org.junit.runners.ParentRunner$3.evaluate(ParentRunner.java:306)
	at org.junit.runners.ParentRunner.run(ParentRunner.java:413)
	at org.junit.runners.Suite.runChild(Suite.java:128)
	at org.junit.runners.Suite.runChild(Suite.java:27)
	at org.junit.runners.ParentRunner$4.run(ParentRunner.java:331)
	at org.junit.runners.ParentRunner$1.schedule(ParentRunner.java:79)
	at org.junit.runners.ParentRunner.runChildren(ParentRunner.java:329)
	at org.junit.runners.ParentRunner.access$100(ParentRunner.java:66)
	at org.junit.runners.ParentRunner$2.evaluate(ParentRunner.java:293)
	at org.junit.runners.ParentRunner$3.evaluate(ParentRunner.java:306)
	at org.junit.runners.ParentRunner.run(ParentRunner.java:413)
	at org.junit.runner.JUnitCore.run(JUnitCore.java:137)
	at org.junit.runner.JUnitCore.run(JUnitCore.java:115)
	at edu.illinois.cs.testrunner.execution.JUnitTestExecutor.execute(JUnitTestExecutor.java:263)
	at edu.illinois.cs.testrunner.execution.JUnitTestExecutor.executeWithJUnit4Runner(JUnitTestExecutor.java:331)
	at edu.illinois.cs.testrunner.execution.JUnitTestExecutor.runOrder(JUnitTestExecutor.java:53)
	at edu.illinois.cs.testrunner.execution.Executor$.$anonfun$run$1(Executor.scala:30)
	at scala.runtime.java8.JFunction0$mcV$sp.apply(JFunction0$mcV$sp.java:12)
	at scala.util.Try$.apply(Try.scala:209)
	at edu.illinois.cs.testrunner.execution.Executor$.run(Executor.scala:28)
	at edu.illinois.cs.testrunner.execution.Executor$.main(Executor.scala:18)
	at edu.illinois.cs.testrunner.execution.Executor.main(Executor.scala)
Caused by: java.io.IOException: error=2, No such file or directory
	at java.lang.UNIXProcess.forkAndExec(Native Method)
	at java.lang.UNIXProcess.<init>(UNIXProcess.java:247)
	at java.lang.ProcessImpl.start(ProcessImpl.java:134)
	at java.lang.ProcessBuilder.start(ProcessBuilder.java:1029)
	... 45 more
diffFieldAfter jnr.posix.EnvTest.testSetenvOverwrite com.kenai.jffi.Type.UINT32
doing reflection%%%%%%%%%%%%%%%%%%%%%%%%%%%%%%%%%%
$$$$$$$$$$$testFailOrder_full: /home/lichengpeng/spring-holiday/iFixPlus/scripts_new/projectsInstall/projects/jnr/jnr-posix
dtl!!!!!!!!!!!
testFailOrder_full1 : jnr.posix.NlLanginfoTest.testNlLanginfo
args: /home/lichengpeng/spring-holiday/iFixPlus/scripts_ifixplus/xmls/jnr/jnr-posix/jnr.posix.NlLanginfoTest.testNlLanginfo,/home/lichengpeng/spring-holiday/iFixPlus/scripts_ifixplus/subxmls/jnr/jnr-posix/jnr.posix.NlLanginfoTest.testNlLanginfo,/home/lichengpeng/spring-holiday/iFixPlus/scripts_ifixplus/roots/jnr/jnr-posix/jnr.posix.NlLanginfoTest.testNlLanginfo,/home/lichengpeng/spring-holiday/iFixPlus/scripts_ifixplus/pkg/jnr/jnr-posix/jnr.posix.NlLanginfoTest.testNlLanginfo/package-filter,/home/lichengpeng/spring-holiday/iFixPlus/scripts_ifixplus/diffs/jnr/jnr-posix/jnr.posix.NlLanginfoTest.testNlLanginfo,jnr/jnr-posix,jnr.posix.NlLanginfoTest.testNlLanginfo,/home/lichengpeng/spring-holiday/iFixPlus/scripts_ifixplus/output/result.csv,/home/lichengpeng/spring-holiday/iFixPlus/scripts_ifixplus/allFields/jnr/jnr-posix/jnr.posix.NlLanginfoTest.testNlLanginfo,/home/lichengpeng/spring-holiday/iFixPlus/scripts_ifixplus/diffFields/jnr/jnr-posix/jnr.posix.NlLanginfoTest.testNlLanginfo,/home/lichengpeng/spring-holiday/iFixPlus/scripts_ifixplus/subdiffs/jnr/jnr-posix/jnr.posix.NlLanginfoTest.testNlLanginfo,/home/lichengpeng/spring-holiday/iFixPlus/scripts_ifixplus/tmp,/home/lichengpeng/spring-holiday/iFixPlus/scripts_ifixplus/reflection/jnr/jnr-posix/jnr.posix.NlLanginfoTest.testNlLanginfo
targetTestName: jnr.posix.NlLanginfoTest.testNlLanginfo
Successfully loaded native POSIX impl.
test listener at after!!!!!!!!! reflection on the states after!!!!!!!!!!!!!
*****************fn: null
*****************fn: null
xmlFileName: 2
field: com.kenai.jffi.Type.UINT32
set!!!
reflection done!!
testStarted end!!
java.io.IOException: Cannot run program "locale": error=2, No such file or directory
	at java.lang.ProcessBuilder.start(ProcessBuilder.java:1048)
	at java.lang.Runtime.exec(Runtime.java:621)
	at java.lang.Runtime.exec(Runtime.java:451)
	at java.lang.Runtime.exec(Runtime.java:348)
	at jnr.posix.NlLanginfoTest.testNlLanginfo(NlLanginfoTest.java:28)
	at sun.reflect.NativeMethodAccessorImpl.invoke0(Native Method)
	at sun.reflect.NativeMethodAccessorImpl.invoke(NativeMethodAccessorImpl.java:62)
	at sun.reflect.DelegatingMethodAccessorImpl.invoke(DelegatingMethodAccessorImpl.java:43)
	at java.lang.reflect.Method.invoke(Method.java:498)
	at org.junit.runners.model.FrameworkMethod$1.runReflectiveCall(FrameworkMethod.java:59)
	at org.junit.internal.runners.model.ReflectiveCallable.run(ReflectiveCallable.java:12)
	at org.junit.runners.model.FrameworkMethod.invokeExplosively(FrameworkMethod.java:56)
	at org.junit.internal.runners.statements.InvokeMethod.evaluate(InvokeMethod.java:17)
	at org.junit.runners.ParentRunner$3.evaluate(ParentRunner.java:306)
	at org.junit.runners.BlockJUnit4ClassRunner$1.evaluate(BlockJUnit4ClassRunner.java:100)
	at org.junit.runners.ParentRunner.runLeaf(ParentRunner.java:366)
	at org.junit.runners.BlockJUnit4ClassRunner.runChild(BlockJUnit4ClassRunner.java:103)
	at org.junit.runners.BlockJUnit4ClassRunner.runChild(BlockJUnit4ClassRunner.java:63)
	at org.junit.runners.ParentRunner$4.run(ParentRunner.java:331)
	at org.junit.runners.ParentRunner$1.schedule(ParentRunner.java:79)
	at org.junit.runners.ParentRunner.runChildren(ParentRunner.java:329)
	at org.junit.runners.ParentRunner.access$100(ParentRunner.java:66)
	at org.junit.runners.ParentRunner$2.evaluate(ParentRunner.java:293)
	at org.junit.internal.runners.statements.RunBefores.evaluate(RunBefores.java:26)
	at org.junit.runners.ParentRunner$3.evaluate(ParentRunner.java:306)
	at org.junit.runners.ParentRunner.run(ParentRunner.java:413)
	at org.junit.runners.Suite.runChild(Suite.java:128)
	at org.junit.runners.Suite.runChild(Suite.java:27)
	at org.junit.runners.ParentRunner$4.run(ParentRunner.java:331)
	at org.junit.runners.ParentRunner$1.schedule(ParentRunner.java:79)
	at org.junit.runners.ParentRunner.runChildren(ParentRunner.java:329)
	at org.junit.runners.ParentRunner.access$100(ParentRunner.java:66)
	at org.junit.runners.ParentRunner$2.evaluate(ParentRunner.java:293)
	at org.junit.runners.ParentRunner$3.evaluate(ParentRunner.java:306)
	at org.junit.runners.ParentRunner.run(ParentRunner.java:413)
	at org.junit.runner.JUnitCore.run(JUnitCore.java:137)
	at org.junit.runner.JUnitCore.run(JUnitCore.java:115)
	at edu.illinois.cs.testrunner.execution.JUnitTestExecutor.execute(JUnitTestExecutor.java:263)
	at edu.illinois.cs.testrunner.execution.JUnitTestExecutor.executeWithJUnit4Runner(JUnitTestExecutor.java:331)
	at edu.illinois.cs.testrunner.execution.JUnitTestExecutor.runOrder(JUnitTestExecutor.java:53)
	at edu.illinois.cs.testrunner.execution.Executor$.$anonfun$run$1(Executor.scala:30)
	at scala.runtime.java8.JFunction0$mcV$sp.apply(JFunction0$mcV$sp.java:12)
	at scala.util.Try$.apply(Try.scala:209)
	at edu.illinois.cs.testrunner.execution.Executor$.run(Executor.scala:28)
	at edu.illinois.cs.testrunner.execution.Executor$.main(Executor.scala:18)
	at edu.illinois.cs.testrunner.execution.Executor.main(Executor.scala)
Caused by: java.io.IOException: error=2, No such file or directory
	at java.lang.UNIXProcess.forkAndExec(Native Method)
	at java.lang.UNIXProcess.<init>(UNIXProcess.java:247)
	at java.lang.ProcessImpl.start(ProcessImpl.java:134)
	at java.lang.ProcessBuilder.start(ProcessBuilder.java:1029)
	... 45 more
diffFieldAfter jnr.posix.EnvTest.testSetenvOverwrite com.kenai.jffi.Type.SINT
doing reflection%%%%%%%%%%%%%%%%%%%%%%%%%%%%%%%%%%
$$$$$$$$$$$testFailOrder_full: /home/lichengpeng/spring-holiday/iFixPlus/scripts_new/projectsInstall/projects/jnr/jnr-posix
dtl!!!!!!!!!!!
testFailOrder_full1 : jnr.posix.NlLanginfoTest.testNlLanginfo
args: /home/lichengpeng/spring-holiday/iFixPlus/scripts_ifixplus/xmls/jnr/jnr-posix/jnr.posix.NlLanginfoTest.testNlLanginfo,/home/lichengpeng/spring-holiday/iFixPlus/scripts_ifixplus/subxmls/jnr/jnr-posix/jnr.posix.NlLanginfoTest.testNlLanginfo,/home/lichengpeng/spring-holiday/iFixPlus/scripts_ifixplus/roots/jnr/jnr-posix/jnr.posix.NlLanginfoTest.testNlLanginfo,/home/lichengpeng/spring-holiday/iFixPlus/scripts_ifixplus/pkg/jnr/jnr-posix/jnr.posix.NlLanginfoTest.testNlLanginfo/package-filter,/home/lichengpeng/spring-holiday/iFixPlus/scripts_ifixplus/diffs/jnr/jnr-posix/jnr.posix.NlLanginfoTest.testNlLanginfo,jnr/jnr-posix,jnr.posix.NlLanginfoTest.testNlLanginfo,/home/lichengpeng/spring-holiday/iFixPlus/scripts_ifixplus/output/result.csv,/home/lichengpeng/spring-holiday/iFixPlus/scripts_ifixplus/allFields/jnr/jnr-posix/jnr.posix.NlLanginfoTest.testNlLanginfo,/home/lichengpeng/spring-holiday/iFixPlus/scripts_ifixplus/diffFields/jnr/jnr-posix/jnr.posix.NlLanginfoTest.testNlLanginfo,/home/lichengpeng/spring-holiday/iFixPlus/scripts_ifixplus/subdiffs/jnr/jnr-posix/jnr.posix.NlLanginfoTest.testNlLanginfo,/home/lichengpeng/spring-holiday/iFixPlus/scripts_ifixplus/tmp,/home/lichengpeng/spring-holiday/iFixPlus/scripts_ifixplus/reflection/jnr/jnr-posix/jnr.posix.NlLanginfoTest.testNlLanginfo
targetTestName: jnr.posix.NlLanginfoTest.testNlLanginfo
Successfully loaded native POSIX impl.
test listener at after!!!!!!!!! reflection on the states after!!!!!!!!!!!!!
*****************fn: null
*****************fn: null
xmlFileName: 2
field: com.kenai.jffi.Type.SINT
set!!!
reflection done!!
testStarted end!!
java.io.IOException: Cannot run program "locale": error=2, No such file or directory
	at java.lang.ProcessBuilder.start(ProcessBuilder.java:1048)
	at java.lang.Runtime.exec(Runtime.java:621)
	at java.lang.Runtime.exec(Runtime.java:451)
	at java.lang.Runtime.exec(Runtime.java:348)
	at jnr.posix.NlLanginfoTest.testNlLanginfo(NlLanginfoTest.java:28)
	at sun.reflect.NativeMethodAccessorImpl.invoke0(Native Method)
	at sun.reflect.NativeMethodAccessorImpl.invoke(NativeMethodAccessorImpl.java:62)
	at sun.reflect.DelegatingMethodAccessorImpl.invoke(DelegatingMethodAccessorImpl.java:43)
	at java.lang.reflect.Method.invoke(Method.java:498)
	at org.junit.runners.model.FrameworkMethod$1.runReflectiveCall(FrameworkMethod.java:59)
	at org.junit.internal.runners.model.ReflectiveCallable.run(ReflectiveCallable.java:12)
	at org.junit.runners.model.FrameworkMethod.invokeExplosively(FrameworkMethod.java:56)
	at org.junit.internal.runners.statements.InvokeMethod.evaluate(InvokeMethod.java:17)
	at org.junit.runners.ParentRunner$3.evaluate(ParentRunner.java:306)
	at org.junit.runners.BlockJUnit4ClassRunner$1.evaluate(BlockJUnit4ClassRunner.java:100)
	at org.junit.runners.ParentRunner.runLeaf(ParentRunner.java:366)
	at org.junit.runners.BlockJUnit4ClassRunner.runChild(BlockJUnit4ClassRunner.java:103)
	at org.junit.runners.BlockJUnit4ClassRunner.runChild(BlockJUnit4ClassRunner.java:63)
	at org.junit.runners.ParentRunner$4.run(ParentRunner.java:331)
	at org.junit.runners.ParentRunner$1.schedule(ParentRunner.java:79)
	at org.junit.runners.ParentRunner.runChildren(ParentRunner.java:329)
	at org.junit.runners.ParentRunner.access$100(ParentRunner.java:66)
	at org.junit.runners.ParentRunner$2.evaluate(ParentRunner.java:293)
	at org.junit.internal.runners.statements.RunBefores.evaluate(RunBefores.java:26)
	at org.junit.runners.ParentRunner$3.evaluate(ParentRunner.java:306)
	at org.junit.runners.ParentRunner.run(ParentRunner.java:413)
	at org.junit.runners.Suite.runChild(Suite.java:128)
	at org.junit.runners.Suite.runChild(Suite.java:27)
	at org.junit.runners.ParentRunner$4.run(ParentRunner.java:331)
	at org.junit.runners.ParentRunner$1.schedule(ParentRunner.java:79)
	at org.junit.runners.ParentRunner.runChildren(ParentRunner.java:329)
	at org.junit.runners.ParentRunner.access$100(ParentRunner.java:66)
	at org.junit.runners.ParentRunner$2.evaluate(ParentRunner.java:293)
	at org.junit.runners.ParentRunner$3.evaluate(ParentRunner.java:306)
	at org.junit.runners.ParentRunner.run(ParentRunner.java:413)
	at org.junit.runner.JUnitCore.run(JUnitCore.java:137)
	at org.junit.runner.JUnitCore.run(JUnitCore.java:115)
	at edu.illinois.cs.testrunner.execution.JUnitTestExecutor.execute(JUnitTestExecutor.java:263)
	at edu.illinois.cs.testrunner.execution.JUnitTestExecutor.executeWithJUnit4Runner(JUnitTestExecutor.java:331)
	at edu.illinois.cs.testrunner.execution.JUnitTestExecutor.runOrder(JUnitTestExecutor.java:53)
	at edu.illinois.cs.testrunner.execution.Executor$.$anonfun$run$1(Executor.scala:30)
	at scala.runtime.java8.JFunction0$mcV$sp.apply(JFunction0$mcV$sp.java:12)
	at scala.util.Try$.apply(Try.scala:209)
	at edu.illinois.cs.testrunner.execution.Executor$.run(Executor.scala:28)
	at edu.illinois.cs.testrunner.execution.Executor$.main(Executor.scala:18)
	at edu.illinois.cs.testrunner.execution.Executor.main(Executor.scala)
Caused by: java.io.IOException: error=2, No such file or directory
	at java.lang.UNIXProcess.forkAndExec(Native Method)
	at java.lang.UNIXProcess.<init>(UNIXProcess.java:247)
	at java.lang.ProcessImpl.start(ProcessImpl.java:134)
	at java.lang.ProcessBuilder.start(ProcessBuilder.java:1029)
	... 45 more
diffFieldAfter jnr.posix.EnvTest.testSetenvOverwrite com.kenai.jffi.Type.SINT16
doing reflection%%%%%%%%%%%%%%%%%%%%%%%%%%%%%%%%%%
$$$$$$$$$$$testFailOrder_full: /home/lichengpeng/spring-holiday/iFixPlus/scripts_new/projectsInstall/projects/jnr/jnr-posix
dtl!!!!!!!!!!!
testFailOrder_full1 : jnr.posix.NlLanginfoTest.testNlLanginfo
args: /home/lichengpeng/spring-holiday/iFixPlus/scripts_ifixplus/xmls/jnr/jnr-posix/jnr.posix.NlLanginfoTest.testNlLanginfo,/home/lichengpeng/spring-holiday/iFixPlus/scripts_ifixplus/subxmls/jnr/jnr-posix/jnr.posix.NlLanginfoTest.testNlLanginfo,/home/lichengpeng/spring-holiday/iFixPlus/scripts_ifixplus/roots/jnr/jnr-posix/jnr.posix.NlLanginfoTest.testNlLanginfo,/home/lichengpeng/spring-holiday/iFixPlus/scripts_ifixplus/pkg/jnr/jnr-posix/jnr.posix.NlLanginfoTest.testNlLanginfo/package-filter,/home/lichengpeng/spring-holiday/iFixPlus/scripts_ifixplus/diffs/jnr/jnr-posix/jnr.posix.NlLanginfoTest.testNlLanginfo,jnr/jnr-posix,jnr.posix.NlLanginfoTest.testNlLanginfo,/home/lichengpeng/spring-holiday/iFixPlus/scripts_ifixplus/output/result.csv,/home/lichengpeng/spring-holiday/iFixPlus/scripts_ifixplus/allFields/jnr/jnr-posix/jnr.posix.NlLanginfoTest.testNlLanginfo,/home/lichengpeng/spring-holiday/iFixPlus/scripts_ifixplus/diffFields/jnr/jnr-posix/jnr.posix.NlLanginfoTest.testNlLanginfo,/home/lichengpeng/spring-holiday/iFixPlus/scripts_ifixplus/subdiffs/jnr/jnr-posix/jnr.posix.NlLanginfoTest.testNlLanginfo,/home/lichengpeng/spring-holiday/iFixPlus/scripts_ifixplus/tmp,/home/lichengpeng/spring-holiday/iFixPlus/scripts_ifixplus/reflection/jnr/jnr-posix/jnr.posix.NlLanginfoTest.testNlLanginfo
targetTestName: jnr.posix.NlLanginfoTest.testNlLanginfo
Successfully loaded native POSIX impl.
test listener at after!!!!!!!!! reflection on the states after!!!!!!!!!!!!!
*****************fn: null
*****************fn: null
xmlFileName: 2
field: com.kenai.jffi.Type.SINT16
set!!!
reflection done!!
testStarted end!!
java.io.IOException: Cannot run program "locale": error=2, No such file or directory
	at java.lang.ProcessBuilder.start(ProcessBuilder.java:1048)
	at java.lang.Runtime.exec(Runtime.java:621)
	at java.lang.Runtime.exec(Runtime.java:451)
	at java.lang.Runtime.exec(Runtime.java:348)
	at jnr.posix.NlLanginfoTest.testNlLanginfo(NlLanginfoTest.java:28)
	at sun.reflect.NativeMethodAccessorImpl.invoke0(Native Method)
	at sun.reflect.NativeMethodAccessorImpl.invoke(NativeMethodAccessorImpl.java:62)
	at sun.reflect.DelegatingMethodAccessorImpl.invoke(DelegatingMethodAccessorImpl.java:43)
	at java.lang.reflect.Method.invoke(Method.java:498)
	at org.junit.runners.model.FrameworkMethod$1.runReflectiveCall(FrameworkMethod.java:59)
	at org.junit.internal.runners.model.ReflectiveCallable.run(ReflectiveCallable.java:12)
	at org.junit.runners.model.FrameworkMethod.invokeExplosively(FrameworkMethod.java:56)
	at org.junit.internal.runners.statements.InvokeMethod.evaluate(InvokeMethod.java:17)
	at org.junit.runners.ParentRunner$3.evaluate(ParentRunner.java:306)
	at org.junit.runners.BlockJUnit4ClassRunner$1.evaluate(BlockJUnit4ClassRunner.java:100)
	at org.junit.runners.ParentRunner.runLeaf(ParentRunner.java:366)
	at org.junit.runners.BlockJUnit4ClassRunner.runChild(BlockJUnit4ClassRunner.java:103)
	at org.junit.runners.BlockJUnit4ClassRunner.runChild(BlockJUnit4ClassRunner.java:63)
	at org.junit.runners.ParentRunner$4.run(ParentRunner.java:331)
	at org.junit.runners.ParentRunner$1.schedule(ParentRunner.java:79)
	at org.junit.runners.ParentRunner.runChildren(ParentRunner.java:329)
	at org.junit.runners.ParentRunner.access$100(ParentRunner.java:66)
	at org.junit.runners.ParentRunner$2.evaluate(ParentRunner.java:293)
	at org.junit.internal.runners.statements.RunBefores.evaluate(RunBefores.java:26)
	at org.junit.runners.ParentRunner$3.evaluate(ParentRunner.java:306)
	at org.junit.runners.ParentRunner.run(ParentRunner.java:413)
	at org.junit.runners.Suite.runChild(Suite.java:128)
	at org.junit.runners.Suite.runChild(Suite.java:27)
	at org.junit.runners.ParentRunner$4.run(ParentRunner.java:331)
	at org.junit.runners.ParentRunner$1.schedule(ParentRunner.java:79)
	at org.junit.runners.ParentRunner.runChildren(ParentRunner.java:329)
	at org.junit.runners.ParentRunner.access$100(ParentRunner.java:66)
	at org.junit.runners.ParentRunner$2.evaluate(ParentRunner.java:293)
	at org.junit.runners.ParentRunner$3.evaluate(ParentRunner.java:306)
	at org.junit.runners.ParentRunner.run(ParentRunner.java:413)
	at org.junit.runner.JUnitCore.run(JUnitCore.java:137)
	at org.junit.runner.JUnitCore.run(JUnitCore.java:115)
	at edu.illinois.cs.testrunner.execution.JUnitTestExecutor.execute(JUnitTestExecutor.java:263)
	at edu.illinois.cs.testrunner.execution.JUnitTestExecutor.executeWithJUnit4Runner(JUnitTestExecutor.java:331)
	at edu.illinois.cs.testrunner.execution.JUnitTestExecutor.runOrder(JUnitTestExecutor.java:53)
	at edu.illinois.cs.testrunner.execution.Executor$.$anonfun$run$1(Executor.scala:30)
	at scala.runtime.java8.JFunction0$mcV$sp.apply(JFunction0$mcV$sp.java:12)
	at scala.util.Try$.apply(Try.scala:209)
	at edu.illinois.cs.testrunner.execution.Executor$.run(Executor.scala:28)
	at edu.illinois.cs.testrunner.execution.Executor$.main(Executor.scala:18)
	at edu.illinois.cs.testrunner.execution.Executor.main(Executor.scala)
Caused by: java.io.IOException: error=2, No such file or directory
	at java.lang.UNIXProcess.forkAndExec(Native Method)
	at java.lang.UNIXProcess.<init>(UNIXProcess.java:247)
	at java.lang.ProcessImpl.start(ProcessImpl.java:134)
	at java.lang.ProcessBuilder.start(ProcessBuilder.java:1029)
	... 45 more
diffFieldAfter jnr.posix.EnvTest.testSetenvOverwrite jnr.ffi.Runtime$SingletonHolder.SYSTEM_RUNTIME
doing reflection%%%%%%%%%%%%%%%%%%%%%%%%%%%%%%%%%%
$$$$$$$$$$$testFailOrder_full: /home/lichengpeng/spring-holiday/iFixPlus/scripts_new/projectsInstall/projects/jnr/jnr-posix
dtl!!!!!!!!!!!
testFailOrder_full1 : jnr.posix.NlLanginfoTest.testNlLanginfo
args: /home/lichengpeng/spring-holiday/iFixPlus/scripts_ifixplus/xmls/jnr/jnr-posix/jnr.posix.NlLanginfoTest.testNlLanginfo,/home/lichengpeng/spring-holiday/iFixPlus/scripts_ifixplus/subxmls/jnr/jnr-posix/jnr.posix.NlLanginfoTest.testNlLanginfo,/home/lichengpeng/spring-holiday/iFixPlus/scripts_ifixplus/roots/jnr/jnr-posix/jnr.posix.NlLanginfoTest.testNlLanginfo,/home/lichengpeng/spring-holiday/iFixPlus/scripts_ifixplus/pkg/jnr/jnr-posix/jnr.posix.NlLanginfoTest.testNlLanginfo/package-filter,/home/lichengpeng/spring-holiday/iFixPlus/scripts_ifixplus/diffs/jnr/jnr-posix/jnr.posix.NlLanginfoTest.testNlLanginfo,jnr/jnr-posix,jnr.posix.NlLanginfoTest.testNlLanginfo,/home/lichengpeng/spring-holiday/iFixPlus/scripts_ifixplus/output/result.csv,/home/lichengpeng/spring-holiday/iFixPlus/scripts_ifixplus/allFields/jnr/jnr-posix/jnr.posix.NlLanginfoTest.testNlLanginfo,/home/lichengpeng/spring-holiday/iFixPlus/scripts_ifixplus/diffFields/jnr/jnr-posix/jnr.posix.NlLanginfoTest.testNlLanginfo,/home/lichengpeng/spring-holiday/iFixPlus/scripts_ifixplus/subdiffs/jnr/jnr-posix/jnr.posix.NlLanginfoTest.testNlLanginfo,/home/lichengpeng/spring-holiday/iFixPlus/scripts_ifixplus/tmp,/home/lichengpeng/spring-holiday/iFixPlus/scripts_ifixplus/reflection/jnr/jnr-posix/jnr.posix.NlLanginfoTest.testNlLanginfo
targetTestName: jnr.posix.NlLanginfoTest.testNlLanginfo
Successfully loaded native POSIX impl.
test listener at after!!!!!!!!! reflection on the states after!!!!!!!!!!!!!
*****************fn: null
*****************fn: null
xmlFileName: 2
field: jnr.ffi.Runtime$SingletonHolder.SYSTEM_RUNTIME
set!!!
reflection done!!
testStarted end!!
java.io.IOException: Cannot run program "locale": error=2, No such file or directory
	at java.lang.ProcessBuilder.start(ProcessBuilder.java:1048)
	at java.lang.Runtime.exec(Runtime.java:621)
	at java.lang.Runtime.exec(Runtime.java:451)
	at java.lang.Runtime.exec(Runtime.java:348)
	at jnr.posix.NlLanginfoTest.testNlLanginfo(NlLanginfoTest.java:28)
	at sun.reflect.NativeMethodAccessorImpl.invoke0(Native Method)
	at sun.reflect.NativeMethodAccessorImpl.invoke(NativeMethodAccessorImpl.java:62)
	at sun.reflect.DelegatingMethodAccessorImpl.invoke(DelegatingMethodAccessorImpl.java:43)
	at java.lang.reflect.Method.invoke(Method.java:498)
	at org.junit.runners.model.FrameworkMethod$1.runReflectiveCall(FrameworkMethod.java:59)
	at org.junit.internal.runners.model.ReflectiveCallable.run(ReflectiveCallable.java:12)
	at org.junit.runners.model.FrameworkMethod.invokeExplosively(FrameworkMethod.java:56)
	at org.junit.internal.runners.statements.InvokeMethod.evaluate(InvokeMethod.java:17)
	at org.junit.runners.ParentRunner$3.evaluate(ParentRunner.java:306)
	at org.junit.runners.BlockJUnit4ClassRunner$1.evaluate(BlockJUnit4ClassRunner.java:100)
	at org.junit.runners.ParentRunner.runLeaf(ParentRunner.java:366)
	at org.junit.runners.BlockJUnit4ClassRunner.runChild(BlockJUnit4ClassRunner.java:103)
	at org.junit.runners.BlockJUnit4ClassRunner.runChild(BlockJUnit4ClassRunner.java:63)
	at org.junit.runners.ParentRunner$4.run(ParentRunner.java:331)
	at org.junit.runners.ParentRunner$1.schedule(ParentRunner.java:79)
	at org.junit.runners.ParentRunner.runChildren(ParentRunner.java:329)
	at org.junit.runners.ParentRunner.access$100(ParentRunner.java:66)
	at org.junit.runners.ParentRunner$2.evaluate(ParentRunner.java:293)
	at org.junit.internal.runners.statements.RunBefores.evaluate(RunBefores.java:26)
	at org.junit.runners.ParentRunner$3.evaluate(ParentRunner.java:306)
	at org.junit.runners.ParentRunner.run(ParentRunner.java:413)
	at org.junit.runners.Suite.runChild(Suite.java:128)
	at org.junit.runners.Suite.runChild(Suite.java:27)
	at org.junit.runners.ParentRunner$4.run(ParentRunner.java:331)
	at org.junit.runners.ParentRunner$1.schedule(ParentRunner.java:79)
	at org.junit.runners.ParentRunner.runChildren(ParentRunner.java:329)
	at org.junit.runners.ParentRunner.access$100(ParentRunner.java:66)
	at org.junit.runners.ParentRunner$2.evaluate(ParentRunner.java:293)
	at org.junit.runners.ParentRunner$3.evaluate(ParentRunner.java:306)
	at org.junit.runners.ParentRunner.run(ParentRunner.java:413)
	at org.junit.runner.JUnitCore.run(JUnitCore.java:137)
	at org.junit.runner.JUnitCore.run(JUnitCore.java:115)
	at edu.illinois.cs.testrunner.execution.JUnitTestExecutor.execute(JUnitTestExecutor.java:263)
	at edu.illinois.cs.testrunner.execution.JUnitTestExecutor.executeWithJUnit4Runner(JUnitTestExecutor.java:331)
	at edu.illinois.cs.testrunner.execution.JUnitTestExecutor.runOrder(JUnitTestExecutor.java:53)
	at edu.illinois.cs.testrunner.execution.Executor$.$anonfun$run$1(Executor.scala:30)
	at scala.runtime.java8.JFunction0$mcV$sp.apply(JFunction0$mcV$sp.java:12)
	at scala.util.Try$.apply(Try.scala:209)
	at edu.illinois.cs.testrunner.execution.Executor$.run(Executor.scala:28)
	at edu.illinois.cs.testrunner.execution.Executor$.main(Executor.scala:18)
	at edu.illinois.cs.testrunner.execution.Executor.main(Executor.scala)
Caused by: java.io.IOException: error=2, No such file or directory
	at java.lang.UNIXProcess.forkAndExec(Native Method)
	at java.lang.UNIXProcess.<init>(UNIXProcess.java:247)
	at java.lang.ProcessImpl.start(ProcessImpl.java:134)
	at java.lang.ProcessBuilder.start(ProcessBuilder.java:1029)
	... 45 more
diffFieldAfter jnr.posix.EnvTest.testSetenvOverwrite com.kenai.jffi.Type.POINTER
doing reflection%%%%%%%%%%%%%%%%%%%%%%%%%%%%%%%%%%
$$$$$$$$$$$testFailOrder_full: /home/lichengpeng/spring-holiday/iFixPlus/scripts_new/projectsInstall/projects/jnr/jnr-posix
dtl!!!!!!!!!!!
testFailOrder_full1 : jnr.posix.NlLanginfoTest.testNlLanginfo
args: /home/lichengpeng/spring-holiday/iFixPlus/scripts_ifixplus/xmls/jnr/jnr-posix/jnr.posix.NlLanginfoTest.testNlLanginfo,/home/lichengpeng/spring-holiday/iFixPlus/scripts_ifixplus/subxmls/jnr/jnr-posix/jnr.posix.NlLanginfoTest.testNlLanginfo,/home/lichengpeng/spring-holiday/iFixPlus/scripts_ifixplus/roots/jnr/jnr-posix/jnr.posix.NlLanginfoTest.testNlLanginfo,/home/lichengpeng/spring-holiday/iFixPlus/scripts_ifixplus/pkg/jnr/jnr-posix/jnr.posix.NlLanginfoTest.testNlLanginfo/package-filter,/home/lichengpeng/spring-holiday/iFixPlus/scripts_ifixplus/diffs/jnr/jnr-posix/jnr.posix.NlLanginfoTest.testNlLanginfo,jnr/jnr-posix,jnr.posix.NlLanginfoTest.testNlLanginfo,/home/lichengpeng/spring-holiday/iFixPlus/scripts_ifixplus/output/result.csv,/home/lichengpeng/spring-holiday/iFixPlus/scripts_ifixplus/allFields/jnr/jnr-posix/jnr.posix.NlLanginfoTest.testNlLanginfo,/home/lichengpeng/spring-holiday/iFixPlus/scripts_ifixplus/diffFields/jnr/jnr-posix/jnr.posix.NlLanginfoTest.testNlLanginfo,/home/lichengpeng/spring-holiday/iFixPlus/scripts_ifixplus/subdiffs/jnr/jnr-posix/jnr.posix.NlLanginfoTest.testNlLanginfo,/home/lichengpeng/spring-holiday/iFixPlus/scripts_ifixplus/tmp,/home/lichengpeng/spring-holiday/iFixPlus/scripts_ifixplus/reflection/jnr/jnr-posix/jnr.posix.NlLanginfoTest.testNlLanginfo
targetTestName: jnr.posix.NlLanginfoTest.testNlLanginfo
Successfully loaded native POSIX impl.
test listener at after!!!!!!!!! reflection on the states after!!!!!!!!!!!!!
*****************fn: null
*****************fn: null
xmlFileName: 2
field: com.kenai.jffi.Type.POINTER
set!!!
reflection done!!
testStarted end!!
java.io.IOException: Cannot run program "locale": error=2, No such file or directory
	at java.lang.ProcessBuilder.start(ProcessBuilder.java:1048)
	at java.lang.Runtime.exec(Runtime.java:621)
	at java.lang.Runtime.exec(Runtime.java:451)
	at java.lang.Runtime.exec(Runtime.java:348)
	at jnr.posix.NlLanginfoTest.testNlLanginfo(NlLanginfoTest.java:28)
	at sun.reflect.NativeMethodAccessorImpl.invoke0(Native Method)
	at sun.reflect.NativeMethodAccessorImpl.invoke(NativeMethodAccessorImpl.java:62)
	at sun.reflect.DelegatingMethodAccessorImpl.invoke(DelegatingMethodAccessorImpl.java:43)
	at java.lang.reflect.Method.invoke(Method.java:498)
	at org.junit.runners.model.FrameworkMethod$1.runReflectiveCall(FrameworkMethod.java:59)
	at org.junit.internal.runners.model.ReflectiveCallable.run(ReflectiveCallable.java:12)
	at org.junit.runners.model.FrameworkMethod.invokeExplosively(FrameworkMethod.java:56)
	at org.junit.internal.runners.statements.InvokeMethod.evaluate(InvokeMethod.java:17)
	at org.junit.runners.ParentRunner$3.evaluate(ParentRunner.java:306)
	at org.junit.runners.BlockJUnit4ClassRunner$1.evaluate(BlockJUnit4ClassRunner.java:100)
	at org.junit.runners.ParentRunner.runLeaf(ParentRunner.java:366)
	at org.junit.runners.BlockJUnit4ClassRunner.runChild(BlockJUnit4ClassRunner.java:103)
	at org.junit.runners.BlockJUnit4ClassRunner.runChild(BlockJUnit4ClassRunner.java:63)
	at org.junit.runners.ParentRunner$4.run(ParentRunner.java:331)
	at org.junit.runners.ParentRunner$1.schedule(ParentRunner.java:79)
	at org.junit.runners.ParentRunner.runChildren(ParentRunner.java:329)
	at org.junit.runners.ParentRunner.access$100(ParentRunner.java:66)
	at org.junit.runners.ParentRunner$2.evaluate(ParentRunner.java:293)
	at org.junit.internal.runners.statements.RunBefores.evaluate(RunBefores.java:26)
	at org.junit.runners.ParentRunner$3.evaluate(ParentRunner.java:306)
	at org.junit.runners.ParentRunner.run(ParentRunner.java:413)
	at org.junit.runners.Suite.runChild(Suite.java:128)
	at org.junit.runners.Suite.runChild(Suite.java:27)
	at org.junit.runners.ParentRunner$4.run(ParentRunner.java:331)
	at org.junit.runners.ParentRunner$1.schedule(ParentRunner.java:79)
	at org.junit.runners.ParentRunner.runChildren(ParentRunner.java:329)
	at org.junit.runners.ParentRunner.access$100(ParentRunner.java:66)
	at org.junit.runners.ParentRunner$2.evaluate(ParentRunner.java:293)
	at org.junit.runners.ParentRunner$3.evaluate(ParentRunner.java:306)
	at org.junit.runners.ParentRunner.run(ParentRunner.java:413)
	at org.junit.runner.JUnitCore.run(JUnitCore.java:137)
	at org.junit.runner.JUnitCore.run(JUnitCore.java:115)
	at edu.illinois.cs.testrunner.execution.JUnitTestExecutor.execute(JUnitTestExecutor.java:263)
	at edu.illinois.cs.testrunner.execution.JUnitTestExecutor.executeWithJUnit4Runner(JUnitTestExecutor.java:331)
	at edu.illinois.cs.testrunner.execution.JUnitTestExecutor.runOrder(JUnitTestExecutor.java:53)
	at edu.illinois.cs.testrunner.execution.Executor$.$anonfun$run$1(Executor.scala:30)
	at scala.runtime.java8.JFunction0$mcV$sp.apply(JFunction0$mcV$sp.java:12)
	at scala.util.Try$.apply(Try.scala:209)
	at edu.illinois.cs.testrunner.execution.Executor$.run(Executor.scala:28)
	at edu.illinois.cs.testrunner.execution.Executor$.main(Executor.scala:18)
	at edu.illinois.cs.testrunner.execution.Executor.main(Executor.scala)
Caused by: java.io.IOException: error=2, No such file or directory
	at java.lang.UNIXProcess.forkAndExec(Native Method)
	at java.lang.UNIXProcess.<init>(UNIXProcess.java:247)
	at java.lang.ProcessImpl.start(ProcessImpl.java:134)
	at java.lang.ProcessBuilder.start(ProcessBuilder.java:1029)
	... 45 more
diffFieldAfter jnr.posix.EnvTest.testSetenvOverwrite com.kenai.jffi.Type.SINT64
doing reflection%%%%%%%%%%%%%%%%%%%%%%%%%%%%%%%%%%
$$$$$$$$$$$testFailOrder_full: /home/lichengpeng/spring-holiday/iFixPlus/scripts_new/projectsInstall/projects/jnr/jnr-posix
dtl!!!!!!!!!!!
testFailOrder_full1 : jnr.posix.NlLanginfoTest.testNlLanginfo
args: /home/lichengpeng/spring-holiday/iFixPlus/scripts_ifixplus/xmls/jnr/jnr-posix/jnr.posix.NlLanginfoTest.testNlLanginfo,/home/lichengpeng/spring-holiday/iFixPlus/scripts_ifixplus/subxmls/jnr/jnr-posix/jnr.posix.NlLanginfoTest.testNlLanginfo,/home/lichengpeng/spring-holiday/iFixPlus/scripts_ifixplus/roots/jnr/jnr-posix/jnr.posix.NlLanginfoTest.testNlLanginfo,/home/lichengpeng/spring-holiday/iFixPlus/scripts_ifixplus/pkg/jnr/jnr-posix/jnr.posix.NlLanginfoTest.testNlLanginfo/package-filter,/home/lichengpeng/spring-holiday/iFixPlus/scripts_ifixplus/diffs/jnr/jnr-posix/jnr.posix.NlLanginfoTest.testNlLanginfo,jnr/jnr-posix,jnr.posix.NlLanginfoTest.testNlLanginfo,/home/lichengpeng/spring-holiday/iFixPlus/scripts_ifixplus/output/result.csv,/home/lichengpeng/spring-holiday/iFixPlus/scripts_ifixplus/allFields/jnr/jnr-posix/jnr.posix.NlLanginfoTest.testNlLanginfo,/home/lichengpeng/spring-holiday/iFixPlus/scripts_ifixplus/diffFields/jnr/jnr-posix/jnr.posix.NlLanginfoTest.testNlLanginfo,/home/lichengpeng/spring-holiday/iFixPlus/scripts_ifixplus/subdiffs/jnr/jnr-posix/jnr.posix.NlLanginfoTest.testNlLanginfo,/home/lichengpeng/spring-holiday/iFixPlus/scripts_ifixplus/tmp,/home/lichengpeng/spring-holiday/iFixPlus/scripts_ifixplus/reflection/jnr/jnr-posix/jnr.posix.NlLanginfoTest.testNlLanginfo
targetTestName: jnr.posix.NlLanginfoTest.testNlLanginfo
Successfully loaded native POSIX impl.
test listener at after!!!!!!!!! reflection on the states after!!!!!!!!!!!!!
*****************fn: null
*****************fn: null
xmlFileName: 2
field: com.kenai.jffi.Type.SINT64
set!!!
reflection done!!
testStarted end!!
java.io.IOException: Cannot run program "locale": error=2, No such file or directory
	at java.lang.ProcessBuilder.start(ProcessBuilder.java:1048)
	at java.lang.Runtime.exec(Runtime.java:621)
	at java.lang.Runtime.exec(Runtime.java:451)
	at java.lang.Runtime.exec(Runtime.java:348)
	at jnr.posix.NlLanginfoTest.testNlLanginfo(NlLanginfoTest.java:28)
	at sun.reflect.NativeMethodAccessorImpl.invoke0(Native Method)
	at sun.reflect.NativeMethodAccessorImpl.invoke(NativeMethodAccessorImpl.java:62)
	at sun.reflect.DelegatingMethodAccessorImpl.invoke(DelegatingMethodAccessorImpl.java:43)
	at java.lang.reflect.Method.invoke(Method.java:498)
	at org.junit.runners.model.FrameworkMethod$1.runReflectiveCall(FrameworkMethod.java:59)
	at org.junit.internal.runners.model.ReflectiveCallable.run(ReflectiveCallable.java:12)
	at org.junit.runners.model.FrameworkMethod.invokeExplosively(FrameworkMethod.java:56)
	at org.junit.internal.runners.statements.InvokeMethod.evaluate(InvokeMethod.java:17)
	at org.junit.runners.ParentRunner$3.evaluate(ParentRunner.java:306)
	at org.junit.runners.BlockJUnit4ClassRunner$1.evaluate(BlockJUnit4ClassRunner.java:100)
	at org.junit.runners.ParentRunner.runLeaf(ParentRunner.java:366)
	at org.junit.runners.BlockJUnit4ClassRunner.runChild(BlockJUnit4ClassRunner.java:103)
	at org.junit.runners.BlockJUnit4ClassRunner.runChild(BlockJUnit4ClassRunner.java:63)
	at org.junit.runners.ParentRunner$4.run(ParentRunner.java:331)
	at org.junit.runners.ParentRunner$1.schedule(ParentRunner.java:79)
	at org.junit.runners.ParentRunner.runChildren(ParentRunner.java:329)
	at org.junit.runners.ParentRunner.access$100(ParentRunner.java:66)
	at org.junit.runners.ParentRunner$2.evaluate(ParentRunner.java:293)
	at org.junit.internal.runners.statements.RunBefores.evaluate(RunBefores.java:26)
	at org.junit.runners.ParentRunner$3.evaluate(ParentRunner.java:306)
	at org.junit.runners.ParentRunner.run(ParentRunner.java:413)
	at org.junit.runners.Suite.runChild(Suite.java:128)
	at org.junit.runners.Suite.runChild(Suite.java:27)
	at org.junit.runners.ParentRunner$4.run(ParentRunner.java:331)
	at org.junit.runners.ParentRunner$1.schedule(ParentRunner.java:79)
	at org.junit.runners.ParentRunner.runChildren(ParentRunner.java:329)
	at org.junit.runners.ParentRunner.access$100(ParentRunner.java:66)
	at org.junit.runners.ParentRunner$2.evaluate(ParentRunner.java:293)
	at org.junit.runners.ParentRunner$3.evaluate(ParentRunner.java:306)
	at org.junit.runners.ParentRunner.run(ParentRunner.java:413)
	at org.junit.runner.JUnitCore.run(JUnitCore.java:137)
	at org.junit.runner.JUnitCore.run(JUnitCore.java:115)
	at edu.illinois.cs.testrunner.execution.JUnitTestExecutor.execute(JUnitTestExecutor.java:263)
	at edu.illinois.cs.testrunner.execution.JUnitTestExecutor.executeWithJUnit4Runner(JUnitTestExecutor.java:331)
	at edu.illinois.cs.testrunner.execution.JUnitTestExecutor.runOrder(JUnitTestExecutor.java:53)
	at edu.illinois.cs.testrunner.execution.Executor$.$anonfun$run$1(Executor.scala:30)
	at scala.runtime.java8.JFunction0$mcV$sp.apply(JFunction0$mcV$sp.java:12)
	at scala.util.Try$.apply(Try.scala:209)
	at edu.illinois.cs.testrunner.execution.Executor$.run(Executor.scala:28)
	at edu.illinois.cs.testrunner.execution.Executor$.main(Executor.scala:18)
	at edu.illinois.cs.testrunner.execution.Executor.main(Executor.scala)
Caused by: java.io.IOException: error=2, No such file or directory
	at java.lang.UNIXProcess.forkAndExec(Native Method)
	at java.lang.UNIXProcess.<init>(UNIXProcess.java:247)
	at java.lang.ProcessImpl.start(ProcessImpl.java:134)
	at java.lang.ProcessBuilder.start(ProcessBuilder.java:1029)
	... 45 more
diffFieldAfter jnr.posix.EnvTest.testSetenvOverwrite jnr.ffi.provider.jffi.AbstractX86StubCompiler$StaticDataHolder.PAGES
doing reflection%%%%%%%%%%%%%%%%%%%%%%%%%%%%%%%%%%
$$$$$$$$$$$testFailOrder_full: /home/lichengpeng/spring-holiday/iFixPlus/scripts_new/projectsInstall/projects/jnr/jnr-posix
dtl!!!!!!!!!!!
testFailOrder_full1 : jnr.posix.NlLanginfoTest.testNlLanginfo
args: /home/lichengpeng/spring-holiday/iFixPlus/scripts_ifixplus/xmls/jnr/jnr-posix/jnr.posix.NlLanginfoTest.testNlLanginfo,/home/lichengpeng/spring-holiday/iFixPlus/scripts_ifixplus/subxmls/jnr/jnr-posix/jnr.posix.NlLanginfoTest.testNlLanginfo,/home/lichengpeng/spring-holiday/iFixPlus/scripts_ifixplus/roots/jnr/jnr-posix/jnr.posix.NlLanginfoTest.testNlLanginfo,/home/lichengpeng/spring-holiday/iFixPlus/scripts_ifixplus/pkg/jnr/jnr-posix/jnr.posix.NlLanginfoTest.testNlLanginfo/package-filter,/home/lichengpeng/spring-holiday/iFixPlus/scripts_ifixplus/diffs/jnr/jnr-posix/jnr.posix.NlLanginfoTest.testNlLanginfo,jnr/jnr-posix,jnr.posix.NlLanginfoTest.testNlLanginfo,/home/lichengpeng/spring-holiday/iFixPlus/scripts_ifixplus/output/result.csv,/home/lichengpeng/spring-holiday/iFixPlus/scripts_ifixplus/allFields/jnr/jnr-posix/jnr.posix.NlLanginfoTest.testNlLanginfo,/home/lichengpeng/spring-holiday/iFixPlus/scripts_ifixplus/diffFields/jnr/jnr-posix/jnr.posix.NlLanginfoTest.testNlLanginfo,/home/lichengpeng/spring-holiday/iFixPlus/scripts_ifixplus/subdiffs/jnr/jnr-posix/jnr.posix.NlLanginfoTest.testNlLanginfo,/home/lichengpeng/spring-holiday/iFixPlus/scripts_ifixplus/tmp,/home/lichengpeng/spring-holiday/iFixPlus/scripts_ifixplus/reflection/jnr/jnr-posix/jnr.posix.NlLanginfoTest.testNlLanginfo
targetTestName: jnr.posix.NlLanginfoTest.testNlLanginfo
Successfully loaded native POSIX impl.
test listener at after!!!!!!!!! reflection on the states after!!!!!!!!!!!!!
*****************fn: null
*****************fn: null
xmlFileName: 2
field: jnr.ffi.provider.jffi.AbstractX86StubCompiler$StaticDataHolder.PAGES
set!!!
reflection done!!
testStarted end!!
java.io.IOException: Cannot run program "locale": error=2, No such file or directory
	at java.lang.ProcessBuilder.start(ProcessBuilder.java:1048)
	at java.lang.Runtime.exec(Runtime.java:621)
	at java.lang.Runtime.exec(Runtime.java:451)
	at java.lang.Runtime.exec(Runtime.java:348)
	at jnr.posix.NlLanginfoTest.testNlLanginfo(NlLanginfoTest.java:28)
	at sun.reflect.NativeMethodAccessorImpl.invoke0(Native Method)
	at sun.reflect.NativeMethodAccessorImpl.invoke(NativeMethodAccessorImpl.java:62)
	at sun.reflect.DelegatingMethodAccessorImpl.invoke(DelegatingMethodAccessorImpl.java:43)
	at java.lang.reflect.Method.invoke(Method.java:498)
	at org.junit.runners.model.FrameworkMethod$1.runReflectiveCall(FrameworkMethod.java:59)
	at org.junit.internal.runners.model.ReflectiveCallable.run(ReflectiveCallable.java:12)
	at org.junit.runners.model.FrameworkMethod.invokeExplosively(FrameworkMethod.java:56)
	at org.junit.internal.runners.statements.InvokeMethod.evaluate(InvokeMethod.java:17)
	at org.junit.runners.ParentRunner$3.evaluate(ParentRunner.java:306)
	at org.junit.runners.BlockJUnit4ClassRunner$1.evaluate(BlockJUnit4ClassRunner.java:100)
	at org.junit.runners.ParentRunner.runLeaf(ParentRunner.java:366)
	at org.junit.runners.BlockJUnit4ClassRunner.runChild(BlockJUnit4ClassRunner.java:103)
	at org.junit.runners.BlockJUnit4ClassRunner.runChild(BlockJUnit4ClassRunner.java:63)
	at org.junit.runners.ParentRunner$4.run(ParentRunner.java:331)
	at org.junit.runners.ParentRunner$1.schedule(ParentRunner.java:79)
	at org.junit.runners.ParentRunner.runChildren(ParentRunner.java:329)
	at org.junit.runners.ParentRunner.access$100(ParentRunner.java:66)
	at org.junit.runners.ParentRunner$2.evaluate(ParentRunner.java:293)
	at org.junit.internal.runners.statements.RunBefores.evaluate(RunBefores.java:26)
	at org.junit.runners.ParentRunner$3.evaluate(ParentRunner.java:306)
	at org.junit.runners.ParentRunner.run(ParentRunner.java:413)
	at org.junit.runners.Suite.runChild(Suite.java:128)
	at org.junit.runners.Suite.runChild(Suite.java:27)
	at org.junit.runners.ParentRunner$4.run(ParentRunner.java:331)
	at org.junit.runners.ParentRunner$1.schedule(ParentRunner.java:79)
	at org.junit.runners.ParentRunner.runChildren(ParentRunner.java:329)
	at org.junit.runners.ParentRunner.access$100(ParentRunner.java:66)
	at org.junit.runners.ParentRunner$2.evaluate(ParentRunner.java:293)
	at org.junit.runners.ParentRunner$3.evaluate(ParentRunner.java:306)
	at org.junit.runners.ParentRunner.run(ParentRunner.java:413)
	at org.junit.runner.JUnitCore.run(JUnitCore.java:137)
	at org.junit.runner.JUnitCore.run(JUnitCore.java:115)
	at edu.illinois.cs.testrunner.execution.JUnitTestExecutor.execute(JUnitTestExecutor.java:263)
	at edu.illinois.cs.testrunner.execution.JUnitTestExecutor.executeWithJUnit4Runner(JUnitTestExecutor.java:331)
	at edu.illinois.cs.testrunner.execution.JUnitTestExecutor.runOrder(JUnitTestExecutor.java:53)
	at edu.illinois.cs.testrunner.execution.Executor$.$anonfun$run$1(Executor.scala:30)
	at scala.runtime.java8.JFunction0$mcV$sp.apply(JFunction0$mcV$sp.java:12)
	at scala.util.Try$.apply(Try.scala:209)
	at edu.illinois.cs.testrunner.execution.Executor$.run(Executor.scala:28)
	at edu.illinois.cs.testrunner.execution.Executor$.main(Executor.scala:18)
	at edu.illinois.cs.testrunner.execution.Executor.main(Executor.scala)
Caused by: java.io.IOException: error=2, No such file or directory
	at java.lang.UNIXProcess.forkAndExec(Native Method)
	at java.lang.UNIXProcess.<init>(UNIXProcess.java:247)
	at java.lang.ProcessImpl.start(ProcessImpl.java:134)
	at java.lang.ProcessBuilder.start(ProcessBuilder.java:1029)
	... 45 more
[INFO] ------------------------------------------------------------------------
[INFO] BUILD SUCCESS
[INFO] ------------------------------------------------------------------------
[INFO] Total time:  01:15 min
[INFO] Finished at: 2021-03-31T20:59:27+08:00
[INFO] ------------------------------------------------------------------------
